#
# There is insufficient memory for the Java Runtime Environment to continue.
# Native memory allocation (malloc) failed to allocate 1048576 bytes for AllocateHeap
# Possible reasons:
#   The system is out of physical RAM or swap space
#   The process is running with CompressedOops enabled, and the Java Heap may be blocking the growth of the native heap
# Possible solutions:
#   Reduce memory load on the system
#   Increase physical memory or swap space
#   Check if swap backing store is full
#   Decrease Java heap size (-Xmx/-Xms)
#   Decrease number of Java threads
#   Decrease Java thread stack sizes (-Xss)
#   Set larger code cache with -XX:ReservedCodeCacheSize=
#   JVM is running with Unscaled Compressed Oops mode in which the Java heap is
#     placed in the first 4GB address space. The Java Heap base address is the
#     maximum limit for the native heap growth. Please use -XX:HeapBaseMinAddress
#     to set the Java Heap base and to place the Java Heap above 4GB virtual address.
# This output file may be truncated or incomplete.
#
#  Out of Memory Error (t:/workspace/open/src/hotspot/share/memory/allocation.cpp:46), pid=6868, tid=12584
#
# JRE version: Java(TM) SE Runtime Environment (11.0.1+13) (build 11.0.1+13-LTS)
# Java VM: Java HotSpot(TM) 64-Bit Server VM (11.0.1+13-LTS, mixed mode, tiered, compressed oops, g1 gc, windows-amd64)
# No core dump will be written. Minidumps are not enabled by default on client versions of Windows
#

---------------  S U M M A R Y ------------

Command Line: -ea -Didea.test.cyclic.buffer.size=1048576 -javaagent:C:\Program Files\JetBrains\IntelliJ IDEA Community Edition 2018.3.3\lib\idea_rt.jar=61267:C:\Program Files\JetBrains\IntelliJ IDEA Community Edition 2018.3.3\bin -Dfile.encoding=UTF-8 com.intellij.rt.execution.junit.JUnitStarter -ideVersion5 -junit4 programmers.web.api.ApiTodoAcceptanceTest,create_Todo

Host: Intel(R) Core(TM) i3-5010U CPU @ 2.10GHz, 4 cores, 7G,  Windows 10 , 64 bit Build 17134 (10.0.17134.753)
Time: Sun May 19 12:41:03 2019 ´eCN¹I±¹ C￥AØ½A elapsed time: 9 seconds (0d 0h 0m 9s)

---------------  T H R E A D  ---------------

Current thread (0x0000015c41559000):  VMThread "VM Thread" [stack: 0x0000005b52b00000,0x0000005b52c00000] [id=12584]

Stack: [0x0000005b52b00000,0x0000005b52c00000]
[error occurred during error reporting (printing stack bounds), id 0xc0000005, EXCEPTION_ACCESS_VIOLATION (0xc0000005) at pc=0x0000015c2adf0bad]

Native frames: (J=compiled Java code, j=interpreted, Vv=VM code, C=native code)
V  [jvm.dll+0x63c21a]
V  [jvm.dll+0x7797df]
V  [jvm.dll+0x77adca]
V  [jvm.dll+0x77b3e5]
V  [jvm.dll+0x77b39b]
V  [jvm.dll+0x63b916]
V  [jvm.dll+0x63bce8]
C  [ntdll.dll+0x9f7dd]
C  [ntdll.dll+0xd856]
C  [ntdll.dll+0x9e70e]
C  0x0000015c2adf0bad

VM_Operation (0x0000005b525fc480): CollectForMetadataAllocation, mode: safepoint, requested by thread 0x0000015c212b3800


---------------  P R O C E S S  ---------------

Threads class SMR info:
_java_thread_list=0x0000015c42c34980, length=11, elements={
0x0000015c212b3800, 0x0000015c4157b000, 0x0000015c4157c000, 0x0000015c41e8b800,
0x0000015c41e8e000, 0x0000015c41e91000, 0x0000015c41ef4800, 0x0000015c41efa800,
0x0000015c41510800, 0x0000015c42171000, 0x0000015c42172000
}

Java Threads: ( => current thread )
  0x0000015c212b3800 JavaThread "main" [_thread_blocked, id=8080, stack(0x0000005b52500000,0x0000005b52600000)]
  0x0000015c4157b000 JavaThread "Reference Handler" daemon [_thread_blocked, id=10576, stack(0x0000005b52c00000,0x0000005b52d00000)]
  0x0000015c4157c000 JavaThread "Finalizer" daemon [_thread_blocked, id=15592, stack(0x0000005b52d00000,0x0000005b52e00000)]
  0x0000015c41e8b800 JavaThread "Signal Dispatcher" daemon [_thread_blocked, id=13008, stack(0x0000005b52e00000,0x0000005b52f00000)]
  0x0000015c41e8e000 JavaThread "Attach Listener" daemon [_thread_blocked, id=2972, stack(0x0000005b52f00000,0x0000005b53000000)]
  0x0000015c41e91000 JavaThread "C2 CompilerThread0" daemon [_thread_blocked, id=15208, stack(0x0000005b53000000,0x0000005b53100000)]
  0x0000015c41ef4800 JavaThread "C1 CompilerThread0" daemon [_thread_blocked, id=15060, stack(0x0000005b53100000,0x0000005b53200000)]
  0x0000015c41efa800 JavaThread "Sweeper thread" daemon [_thread_blocked, id=14968, stack(0x0000005b53200000,0x0000005b53300000)]
  0x0000015c41510800 JavaThread "Common-Cleaner" daemon [_thread_blocked, id=14756, stack(0x0000005b53300000,0x0000005b53400000)]
  0x0000015c42171000 JavaThread "Monitor Ctrl-Break" daemon [_thread_in_native, id=13616, stack(0x0000005b53400000,0x0000005b53500000)]
  0x0000015c42172000 JavaThread "Service Thread" daemon [_thread_blocked, id=13364, stack(0x0000005b53500000,0x0000005b53600000)]

Other Threads:
=>0x0000015c41559000 VMThread "VM Thread" [stack: 0x0000005b52b00000,0x0000005b52c00000] [id=12584]
  0x0000015c4212e800 WatcherThread [stack: 0x0000005b53600000,0x0000005b53700000] [id=16056]
  0x0000015c212c8000 GCTaskThread "GC Thread#0" [stack: 0x0000005b52600000,0x0000005b52700000] [id=4660]
  0x0000015c42c9b000 GCTaskThread "GC Thread#1" [stack: 0x0000005b53700000,0x0000005b53800000] [id=5172]
  0x0000015c42b92000 GCTaskThread "GC Thread#2" [stack: 0x0000005b53800000,0x0000005b53900000] [id=15168]
  0x0000015c4332f800 GCTaskThread "GC Thread#3" [stack: 0x0000005b53b00000,0x0000005b53c00000] [id=15468]
  0x0000015c212f8000 ConcurrentGCThread "G1 Main Marker" [stack: 0x0000005b52700000,0x0000005b52800000] [id=6008]
  0x0000015c212fa000 ConcurrentGCThread "G1 Conc#0" [stack: 0x0000005b52800000,0x0000005b52900000] [id=7400]
  0x0000015c413c2800 ConcurrentGCThread "G1 Refine#0" [stack: 0x0000005b52900000,0x0000005b52a00000] [id=5528]
  0x0000015c2136a800 ConcurrentGCThread "G1 Young RemSet Sampling" [stack: 0x0000005b52a00000,0x0000005b52b00000] [id=2040]

Threads with active compile tasks:
C2 CompilerThread03374       4       org.springframework.asm.Frame::execute (2305 bytes)
C1 CompilerThread03393       3       org.springframework.asm.FieldWriter::computeFieldInfoSize (201 bytes)

VM state:at safepoint (normal execution)

VM Mutex/Monitor currently owned by a thread:  ([mutex/lock_event])
[0x0000015c212b1e80] Threads_lock - owner thread: 0x0000015c41559000
[0x0000015c212b2780] Heap_lock - owner thread: 0x0000015c212b3800

Heap address: 0x0000000081800000, size: 2024 MB, Compressed Oops mode: 32-bit
Narrow klass base: 0x0000000000000000, Narrow klass shift: 3
Compressed class space size: 1073741824 Address: 0x0000000100000000

Heap:
 garbage-first heap   total 131072K, used 16236K [0x0000000081800000, 0x0000000100000000)
  region size 1024K, 5 young (5120K), 5 survivors (5120K)
 Metaspace       used 36994K, capacity 37826K, committed 37888K, reserved 1091584K
  class space    used 4455K, capacity 4811K, committed 4864K, reserved 1048576K
Heap Regions: E=young(eden), S=young(survivor), O=old, HS=humongous(starts), HC=humongous(continues), CS=collection set, F=free, A=archive, TAMS=top-at-mark-start (previous, next)
|   0|0x0000000081800000, 0x0000000081900000, 0x0000000081900000|100%|HS|  |TAMS 0x0000000081900000, 0x0000000081900000| Complete 
|   1|0x0000000081900000, 0x0000000081a00000, 0x0000000081a00000|100%| O|  |TAMS 0x0000000081a00000, 0x0000000081a00000| Untracked 
|   2|0x0000000081a00000, 0x0000000081b00000, 0x0000000081b00000|100%| O|  |TAMS 0x0000000081b00000, 0x0000000081b00000| Untracked 
|   3|0x0000000081b00000, 0x0000000081c00000, 0x0000000081c00000|100%| O|  |TAMS 0x0000000081c00000, 0x0000000081c00000| Untracked 
|   4|0x0000000081c00000, 0x0000000081d00000, 0x0000000081d00000|100%| O|  |TAMS 0x0000000081d00000, 0x0000000081d00000| Untracked 
|   5|0x0000000081d00000, 0x0000000081e00000, 0x0000000081e00000|100%| O|  |TAMS 0x0000000081e00000, 0x0000000081e00000| Untracked 
|   6|0x0000000081e00000, 0x0000000081f00000, 0x0000000081f00000|100%| O|  |TAMS 0x0000000081f00000, 0x0000000081f00000| Untracked 
|   7|0x0000000081f00000, 0x0000000082000000, 0x0000000082000000|100%| O|  |TAMS 0x0000000082000000, 0x0000000082000000| Untracked 
|   8|0x0000000082000000, 0x0000000082100000, 0x0000000082100000|100%| O|  |TAMS 0x0000000082013a00, 0x0000000082100000| Untracked 
|   9|0x0000000082100000, 0x0000000082200000, 0x0000000082200000|100%| O|  |TAMS 0x0000000082100000, 0x0000000082200000| Untracked 
|  10|0x0000000082200000, 0x00000000822db200, 0x0000000082300000| 85%| O|  |TAMS 0x0000000082200000, 0x00000000822db200| Untracked 
|  11|0x0000000082300000, 0x0000000082300000, 0x0000000082400000|  0%| F|  |TAMS 0x0000000082300000, 0x0000000082300000| Untracked 
|  12|0x0000000082400000, 0x0000000082400000, 0x0000000082500000|  0%| F|  |TAMS 0x0000000082400000, 0x0000000082400000| Untracked 
|  13|0x0000000082500000, 0x0000000082500000, 0x0000000082600000|  0%| F|  |TAMS 0x0000000082500000, 0x0000000082500000| Untracked 
|  14|0x0000000082600000, 0x0000000082600000, 0x0000000082700000|  0%| F|  |TAMS 0x0000000082600000, 0x0000000082600000| Untracked 
|  15|0x0000000082700000, 0x0000000082700000, 0x0000000082800000|  0%| F|  |TAMS 0x0000000082700000, 0x0000000082700000| Untracked 
|  16|0x0000000082800000, 0x0000000082800000, 0x0000000082900000|  0%| F|  |TAMS 0x0000000082800000, 0x0000000082800000| Untracked 
|  17|0x0000000082900000, 0x0000000082900000, 0x0000000082a00000|  0%| F|  |TAMS 0x0000000082900000, 0x0000000082900000| Untracked 
|  18|0x0000000082a00000, 0x0000000082a00000, 0x0000000082b00000|  0%| F|  |TAMS 0x0000000082a00000, 0x0000000082a00000| Untracked 
|  19|0x0000000082b00000, 0x0000000082b00000, 0x0000000082c00000|  0%| F|  |TAMS 0x0000000082b00000, 0x0000000082b00000| Untracked 
|  20|0x0000000082c00000, 0x0000000082c00000, 0x0000000082d00000|  0%| F|  |TAMS 0x0000000082c00000, 0x0000000082c00000| Untracked 
|  21|0x0000000082d00000, 0x0000000082d00000, 0x0000000082e00000|  0%| F|  |TAMS 0x0000000082d00000, 0x0000000082d00000| Untracked 
|  22|0x0000000082e00000, 0x0000000082e00000, 0x0000000082f00000|  0%| F|  |TAMS 0x0000000082e00000, 0x0000000082e00000| Untracked 
|  23|0x0000000082f00000, 0x0000000082f00000, 0x0000000083000000|  0%| F|  |TAMS 0x0000000082f00000, 0x0000000082f00000| Untracked 
|  24|0x0000000083000000, 0x0000000083000000, 0x0000000083100000|  0%| F|  |TAMS 0x0000000083000000, 0x0000000083000000| Untracked 
|  25|0x0000000083100000, 0x0000000083100000, 0x0000000083200000|  0%| F|  |TAMS 0x0000000083100000, 0x0000000083100000| Untracked 
|  26|0x0000000083200000, 0x0000000083200000, 0x0000000083300000|  0%| F|  |TAMS 0x0000000083200000, 0x0000000083200000| Untracked 
|  27|0x0000000083300000, 0x0000000083300000, 0x0000000083400000|  0%| F|  |TAMS 0x0000000083300000, 0x0000000083300000| Untracked 
|  28|0x0000000083400000, 0x0000000083400000, 0x0000000083500000|  0%| F|  |TAMS 0x0000000083400000, 0x0000000083400000| Untracked 
|  29|0x0000000083500000, 0x0000000083500000, 0x0000000083600000|  0%| F|  |TAMS 0x0000000083500000, 0x0000000083500000| Untracked 
|  30|0x0000000083600000, 0x0000000083600000, 0x0000000083700000|  0%| F|  |TAMS 0x0000000083600000, 0x0000000083600000| Untracked 
|  31|0x0000000083700000, 0x0000000083700000, 0x0000000083800000|  0%| F|  |TAMS 0x0000000083700000, 0x0000000083700000| Untracked 
|  32|0x0000000083800000, 0x0000000083800000, 0x0000000083900000|  0%| F|  |TAMS 0x0000000083800000, 0x0000000083800000| Untracked 
|  33|0x0000000083900000, 0x0000000083900000, 0x0000000083a00000|  0%| F|  |TAMS 0x0000000083900000, 0x0000000083900000| Untracked 
|  34|0x0000000083a00000, 0x0000000083a00000, 0x0000000083b00000|  0%| F|  |TAMS 0x0000000083a00000, 0x0000000083a00000| Untracked 
|  35|0x0000000083b00000, 0x0000000083b00000, 0x0000000083c00000|  0%| F|  |TAMS 0x0000000083b00000, 0x0000000083b00000| Untracked 
|  36|0x0000000083c00000, 0x0000000083c00000, 0x0000000083d00000|  0%| F|  |TAMS 0x0000000083c00000, 0x0000000083c00000| Untracked 
|  37|0x0000000083d00000, 0x0000000083d00000, 0x0000000083e00000|  0%| F|  |TAMS 0x0000000083d00000, 0x0000000083d00000| Untracked 
|  38|0x0000000083e00000, 0x0000000083e00000, 0x0000000083f00000|  0%| F|  |TAMS 0x0000000083e00000, 0x0000000083e00000| Untracked 
|  39|0x0000000083f00000, 0x0000000083f00000, 0x0000000084000000|  0%| F|  |TAMS 0x0000000083f00000, 0x0000000083f00000| Untracked 
|  40|0x0000000084000000, 0x0000000084000000, 0x0000000084100000|  0%| F|  |TAMS 0x0000000084000000, 0x0000000084000000| Untracked 
|  41|0x0000000084100000, 0x0000000084100000, 0x0000000084200000|  0%| F|  |TAMS 0x0000000084100000, 0x0000000084100000| Untracked 
|  42|0x0000000084200000, 0x0000000084200000, 0x0000000084300000|  0%| F|  |TAMS 0x0000000084200000, 0x0000000084200000| Untracked 
|  43|0x0000000084300000, 0x0000000084300000, 0x0000000084400000|  0%| F|  |TAMS 0x0000000084300000, 0x0000000084300000| Untracked 
|  44|0x0000000084400000, 0x0000000084400000, 0x0000000084500000|  0%| F|  |TAMS 0x0000000084400000, 0x0000000084400000| Untracked 
|  45|0x0000000084500000, 0x0000000084500000, 0x0000000084600000|  0%| F|  |TAMS 0x0000000084500000, 0x0000000084500000| Untracked 
|  46|0x0000000084600000, 0x0000000084600000, 0x0000000084700000|  0%| F|  |TAMS 0x0000000084600000, 0x0000000084600000| Untracked 
|  47|0x0000000084700000, 0x0000000084700000, 0x0000000084800000|  0%| F|  |TAMS 0x0000000084700000, 0x0000000084700000| Untracked 
|  48|0x0000000084800000, 0x0000000084800000, 0x0000000084900000|  0%| F|  |TAMS 0x0000000084800000, 0x0000000084800000| Untracked 
|  49|0x0000000084900000, 0x0000000084900000, 0x0000000084a00000|  0%| F|  |TAMS 0x0000000084900000, 0x0000000084900000| Untracked 
|  50|0x0000000084a00000, 0x0000000084a00000, 0x0000000084b00000|  0%| F|  |TAMS 0x0000000084a00000, 0x0000000084a00000| Untracked 
|  51|0x0000000084b00000, 0x0000000084b00000, 0x0000000084c00000|  0%| F|  |TAMS 0x0000000084b00000, 0x0000000084b00000| Untracked 
|  52|0x0000000084c00000, 0x0000000084c00000, 0x0000000084d00000|  0%| F|  |TAMS 0x0000000084c00000, 0x0000000084c00000| Untracked 
|  53|0x0000000084d00000, 0x0000000084d00000, 0x0000000084e00000|  0%| F|  |TAMS 0x0000000084d00000, 0x0000000084d00000| Untracked 
|  54|0x0000000084e00000, 0x0000000084e00000, 0x0000000084f00000|  0%| F|  |TAMS 0x0000000084e00000, 0x0000000084e00000| Untracked 
|  55|0x0000000084f00000, 0x0000000084f00000, 0x0000000085000000|  0%| F|  |TAMS 0x0000000084f00000, 0x0000000084f00000| Untracked 
|  56|0x0000000085000000, 0x0000000085000000, 0x0000000085100000|  0%| F|  |TAMS 0x0000000085000000, 0x0000000085000000| Untracked 
|  57|0x0000000085100000, 0x0000000085100000, 0x0000000085200000|  0%| F|  |TAMS 0x0000000085100000, 0x0000000085100000| Untracked 
|  58|0x0000000085200000, 0x0000000085200000, 0x0000000085300000|  0%| F|  |TAMS 0x0000000085200000, 0x0000000085200000| Untracked 
|  59|0x0000000085300000, 0x0000000085300000, 0x0000000085400000|  0%| F|  |TAMS 0x0000000085300000, 0x0000000085300000| Untracked 
|  60|0x0000000085400000, 0x0000000085400000, 0x0000000085500000|  0%| F|  |TAMS 0x0000000085400000, 0x0000000085400000| Untracked 
|  61|0x0000000085500000, 0x0000000085500000, 0x0000000085600000|  0%| F|  |TAMS 0x0000000085500000, 0x0000000085500000| Untracked 
|  62|0x0000000085600000, 0x0000000085600000, 0x0000000085700000|  0%| F|  |TAMS 0x0000000085600000, 0x0000000085600000| Untracked 
|  63|0x0000000085700000, 0x0000000085700000, 0x0000000085800000|  0%| F|  |TAMS 0x0000000085700000, 0x0000000085700000| Untracked 
|  64|0x0000000085800000, 0x0000000085800000, 0x0000000085900000|  0%| F|  |TAMS 0x0000000085800000, 0x0000000085800000| Untracked 
|  65|0x0000000085900000, 0x0000000085900000, 0x0000000085a00000|  0%| F|  |TAMS 0x0000000085900000, 0x0000000085900000| Untracked 
|  66|0x0000000085a00000, 0x0000000085a00000, 0x0000000085b00000|  0%| F|  |TAMS 0x0000000085a00000, 0x0000000085a00000| Untracked 
|  67|0x0000000085b00000, 0x0000000085b00000, 0x0000000085c00000|  0%| F|  |TAMS 0x0000000085b00000, 0x0000000085b00000| Untracked 
|  68|0x0000000085c00000, 0x0000000085c00000, 0x0000000085d00000|  0%| F|  |TAMS 0x0000000085c00000, 0x0000000085c00000| Untracked 
|  69|0x0000000085d00000, 0x0000000085d00000, 0x0000000085e00000|  0%| F|  |TAMS 0x0000000085d00000, 0x0000000085d00000| Untracked 
|  70|0x0000000085e00000, 0x0000000085e00000, 0x0000000085f00000|  0%| F|  |TAMS 0x0000000085e00000, 0x0000000085e00000| Untracked 
|  71|0x0000000085f00000, 0x0000000085f00000, 0x0000000086000000|  0%| F|  |TAMS 0x0000000085f00000, 0x0000000085f00000| Untracked 
|  72|0x0000000086000000, 0x0000000086000000, 0x0000000086100000|  0%| F|  |TAMS 0x0000000086000000, 0x0000000086000000| Untracked 
|  73|0x0000000086100000, 0x0000000086100000, 0x0000000086200000|  0%| F|  |TAMS 0x0000000086100000, 0x0000000086100000| Untracked 
|  74|0x0000000086200000, 0x0000000086200000, 0x0000000086300000|  0%| F|  |TAMS 0x0000000086200000, 0x0000000086200000| Untracked 
|  75|0x0000000086300000, 0x0000000086300000, 0x0000000086400000|  0%| F|  |TAMS 0x0000000086300000, 0x0000000086300000| Untracked 
|  76|0x0000000086400000, 0x0000000086400000, 0x0000000086500000|  0%| F|  |TAMS 0x0000000086400000, 0x0000000086400000| Untracked 
|  77|0x0000000086500000, 0x0000000086500000, 0x0000000086600000|  0%| F|  |TAMS 0x0000000086500000, 0x0000000086500000| Untracked 
|  78|0x0000000086600000, 0x0000000086600000, 0x0000000086700000|  0%| F|  |TAMS 0x0000000086600000, 0x0000000086600000| Untracked 
|  79|0x0000000086700000, 0x0000000086700000, 0x0000000086800000|  0%| F|  |TAMS 0x0000000086700000, 0x0000000086700000| Untracked 
|  80|0x0000000086800000, 0x0000000086800000, 0x0000000086900000|  0%| F|  |TAMS 0x0000000086800000, 0x0000000086800000| Untracked 
|  81|0x0000000086900000, 0x0000000086900000, 0x0000000086a00000|  0%| F|  |TAMS 0x0000000086900000, 0x0000000086900000| Untracked 
|  82|0x0000000086a00000, 0x0000000086a00000, 0x0000000086b00000|  0%| F|  |TAMS 0x0000000086a00000, 0x0000000086a00000| Untracked 
|  83|0x0000000086b00000, 0x0000000086b00000, 0x0000000086c00000|  0%| F|  |TAMS 0x0000000086b00000, 0x0000000086b00000| Untracked 
|  84|0x0000000086c00000, 0x0000000086c00000, 0x0000000086d00000|  0%| F|  |TAMS 0x0000000086c00000, 0x0000000086c00000| Untracked 
|  85|0x0000000086d00000, 0x0000000086d00000, 0x0000000086e00000|  0%| F|  |TAMS 0x0000000086d00000, 0x0000000086d00000| Untracked 
|  86|0x0000000086e00000, 0x0000000086e00000, 0x0000000086f00000|  0%| F|  |TAMS 0x0000000086e00000, 0x0000000086e00000| Untracked 
|  87|0x0000000086f00000, 0x0000000086f00000, 0x0000000087000000|  0%| F|  |TAMS 0x0000000086f00000, 0x0000000086f00000| Untracked 
|  88|0x0000000087000000, 0x0000000087000000, 0x0000000087100000|  0%| F|  |TAMS 0x0000000087000000, 0x0000000087000000| Untracked 
|  89|0x0000000087100000, 0x0000000087100000, 0x0000000087200000|  0%| F|  |TAMS 0x0000000087100000, 0x0000000087100000| Untracked 
|  90|0x0000000087200000, 0x0000000087200000, 0x0000000087300000|  0%| F|  |TAMS 0x0000000087200000, 0x0000000087200000| Untracked 
|  91|0x0000000087300000, 0x0000000087300000, 0x0000000087400000|  0%| F|  |TAMS 0x0000000087300000, 0x0000000087300000| Untracked 
|  92|0x0000000087400000, 0x0000000087400000, 0x0000000087500000|  0%| F|  |TAMS 0x0000000087400000, 0x0000000087400000| Untracked 
|  93|0x0000000087500000, 0x0000000087500000, 0x0000000087600000|  0%| F|  |TAMS 0x0000000087500000, 0x0000000087500000| Untracked 
|  94|0x0000000087600000, 0x0000000087600000, 0x0000000087700000|  0%| F|  |TAMS 0x0000000087600000, 0x0000000087600000| Untracked 
|  95|0x0000000087700000, 0x0000000087700000, 0x0000000087800000|  0%| F|  |TAMS 0x0000000087700000, 0x0000000087700000| Untracked 
|  96|0x0000000087800000, 0x0000000087800000, 0x0000000087900000|  0%| F|  |TAMS 0x0000000087800000, 0x0000000087800000| Untracked 
|  97|0x0000000087900000, 0x0000000087900000, 0x0000000087a00000|  0%| F|  |TAMS 0x0000000087900000, 0x0000000087900000| Untracked 
|  98|0x0000000087a00000, 0x0000000087a00000, 0x0000000087b00000|  0%| F|  |TAMS 0x0000000087a00000, 0x0000000087a00000| Untracked 
|  99|0x0000000087b00000, 0x0000000087b00000, 0x0000000087c00000|  0%| F|  |TAMS 0x0000000087b00000, 0x0000000087b00000| Untracked 
| 100|0x0000000087c00000, 0x0000000087c00000, 0x0000000087d00000|  0%| F|  |TAMS 0x0000000087c00000, 0x0000000087c00000| Untracked 
| 101|0x0000000087d00000, 0x0000000087d00000, 0x0000000087e00000|  0%| F|  |TAMS 0x0000000087d00000, 0x0000000087d00000| Untracked 
| 102|0x0000000087e00000, 0x0000000087f00000, 0x0000000087f00000|100%| S|CS|TAMS 0x0000000087e00000, 0x0000000087e00000| Complete 
| 103|0x0000000087f00000, 0x0000000088000000, 0x0000000088000000|100%| S|CS|TAMS 0x0000000087f00000, 0x0000000087f00000| Complete 
| 104|0x0000000088000000, 0x0000000088100000, 0x0000000088100000|100%| S|CS|TAMS 0x0000000088000000, 0x0000000088000000| Complete 
| 105|0x0000000088100000, 0x0000000088200000, 0x0000000088200000|100%| S|CS|TAMS 0x0000000088100000, 0x0000000088100000| Complete 
| 106|0x0000000088200000, 0x0000000088300000, 0x0000000088300000|100%| S|CS|TAMS 0x0000000088200000, 0x0000000088200000| Complete 
| 107|0x0000000088300000, 0x0000000088300000, 0x0000000088400000|  0%| F|  |TAMS 0x0000000088300000, 0x0000000088300000| Untracked 
| 108|0x0000000088400000, 0x0000000088400000, 0x0000000088500000|  0%| F|  |TAMS 0x0000000088400000, 0x0000000088400000| Untracked 
| 109|0x0000000088500000, 0x0000000088500000, 0x0000000088600000|  0%| F|  |TAMS 0x0000000088500000, 0x0000000088500000| Untracked 
| 110|0x0000000088600000, 0x0000000088600000, 0x0000000088700000|  0%| F|  |TAMS 0x0000000088600000, 0x0000000088600000| Untracked 
| 111|0x0000000088700000, 0x0000000088700000, 0x0000000088800000|  0%| F|  |TAMS 0x0000000088700000, 0x0000000088700000| Untracked 
| 112|0x0000000088800000, 0x0000000088800000, 0x0000000088900000|  0%| F|  |TAMS 0x0000000088800000, 0x0000000088800000| Untracked 
| 113|0x0000000088900000, 0x0000000088900000, 0x0000000088a00000|  0%| F|  |TAMS 0x0000000088900000, 0x0000000088900000| Untracked 
| 114|0x0000000088a00000, 0x0000000088a00000, 0x0000000088b00000|  0%| F|  |TAMS 0x0000000088a00000, 0x0000000088a00000| Untracked 
| 115|0x0000000088b00000, 0x0000000088b00000, 0x0000000088c00000|  0%| F|  |TAMS 0x0000000088b00000, 0x0000000088b00000| Untracked 
| 116|0x0000000088c00000, 0x0000000088c00000, 0x0000000088d00000|  0%| F|  |TAMS 0x0000000088c00000, 0x0000000088c00000| Untracked 
| 117|0x0000000088d00000, 0x0000000088d00000, 0x0000000088e00000|  0%| F|  |TAMS 0x0000000088d00000, 0x0000000088d00000| Untracked 
| 118|0x0000000088e00000, 0x0000000088e00000, 0x0000000088f00000|  0%| F|  |TAMS 0x0000000088e00000, 0x0000000088e00000| Untracked 
| 119|0x0000000088f00000, 0x0000000088f00000, 0x0000000089000000|  0%| F|  |TAMS 0x0000000088f00000, 0x0000000088f00000| Untracked 
| 120|0x0000000089000000, 0x0000000089000000, 0x0000000089100000|  0%| F|  |TAMS 0x0000000089000000, 0x0000000089000000| Untracked 
| 121|0x0000000089100000, 0x0000000089100000, 0x0000000089200000|  0%| F|  |TAMS 0x0000000089100000, 0x0000000089100000| Untracked 
| 122|0x0000000089200000, 0x0000000089200000, 0x0000000089300000|  0%| F|  |TAMS 0x0000000089200000, 0x0000000089200000| Untracked 
| 123|0x0000000089300000, 0x0000000089300000, 0x0000000089400000|  0%| F|  |TAMS 0x0000000089300000, 0x0000000089300000| Untracked 
| 124|0x0000000089400000, 0x0000000089400000, 0x0000000089500000|  0%| F|  |TAMS 0x0000000089400000, 0x0000000089400000| Untracked 
| 125|0x0000000089500000, 0x0000000089500000, 0x0000000089600000|  0%| F|  |TAMS 0x0000000089500000, 0x0000000089500000| Untracked 
| 126|0x0000000089600000, 0x0000000089600000, 0x0000000089700000|  0%| F|  |TAMS 0x0000000089600000, 0x0000000089600000| Untracked 
| 127|0x0000000089700000, 0x0000000089700000, 0x0000000089800000|  0%| F|  |TAMS 0x0000000089700000, 0x0000000089700000| Untracked 

Card table byte_map: [0x0000015c3a820000,0x0000015c3ac20000] _byte_map_base: 0x0000015c3a414000

Marking Bits (Prev, Next): (CMBitMap*) 0x0000015c212ef1f8, (CMBitMap*) 0x0000015c212ef230
 Prev Bits: [0x0000015c3b020000, 0x0000015c3cfc0000)
 Next Bits: [0x0000015c3cfc0000, 0x0000015c3ef60000)

Polling page: 0x0000015c21110000

Metaspace:

Usage:
  Non-class:     32.24 MB capacity,    31.78 MB ( 99%) used,   375.86 KB (  1%) free+waste,    99.56 KB ( <1%) overhead. 
      Class:      4.70 MB capacity,     4.35 MB ( 93%) used,   308.43 KB (  6%) free+waste,    47.38 KB ( <1%) overhead. 
       Both:     36.94 MB capacity,    36.13 MB ( 98%) used,   684.29 KB (  2%) free+waste,   146.94 KB ( <1%) overhead. 

Virtual space:
  Non-class space:       42.00 MB reserved,      32.25 MB ( 77%) committed 
      Class space:        1.00 GB reserved,       4.75 MB ( <1%) committed 
             Both:        1.04 GB reserved,      37.00 MB (  3%) committed 

Chunk freelists:
   Non-Class:  1.13 KB
       Class:  2.63 KB
        Both:  3.75 KB

CodeHeap 'non-profiled nmethods': size=120064Kb used=1515Kb max_used=1515Kb free=118549Kb
 bounds [0x0000015c328b0000, 0x0000015c32b20000, 0x0000015c39df0000]
CodeHeap 'profiled nmethods': size=120000Kb used=7405Kb max_used=7405Kb free=112594Kb
 bounds [0x0000015c2b380000, 0x0000015c2bac0000, 0x0000015c328b0000]
CodeHeap 'non-nmethods': size=5696Kb used=1158Kb max_used=1206Kb free=4537Kb
 bounds [0x0000015c2adf0000, 0x0000015c2b060000, 0x0000015c2b380000]
 total_blobs=4648 nmethods=3171 adapters=401
 compilation: enabled
              stopped_count=0, restarted_count=0
 full_count=0

Compilation events (10 events):
Event: 9.851 Thread 0x0000015c41ef4800 nmethod 3390 0x0000015c2babbc90 code [0x0000015c2babbe80, 0x0000015c2babc3d0]
Event: 9.851 Thread 0x0000015c41ef4800 3391       3       org.springframework.asm.ClassWriter::visitField (53 bytes)
Event: 9.851 Thread 0x0000015c41ef4800 nmethod 3391 0x0000015c2babc590 code [0x0000015c2babc760, 0x0000015c2babcb10]
Event: 9.851 Thread 0x0000015c41ef4800 3392       3       org.springframework.asm.FieldWriter::<init> (69 bytes)
Event: 9.852 Thread 0x0000015c41ef4800 nmethod 3392 0x0000015c2babcc90 code [0x0000015c2babcea0, 0x0000015c2babd2d0]
Event: 9.852 Thread 0x0000015c41ef4800 3395       3       org.springframework.cglib.core.TypeUtils::isPrimitive (36 bytes)
Event: 9.852 Thread 0x0000015c41ef4800 nmethod 3395 0x0000015c2babd510 code [0x0000015c2babd6c0, 0x0000015c2babd938]
Event: 9.852 Thread 0x0000015c41ef4800 3396       3       org.springframework.cglib.core.CodeEmitter::getfield (47 bytes)
Event: 9.854 Thread 0x0000015c41ef4800 nmethod 3396 0x0000015c2babda10 code [0x0000015c2babdc40, 0x0000015c2babe430]
Event: 9.854 Thread 0x0000015c41ef4800 3393       3       org.springframework.asm.FieldWriter::computeFieldInfoSize (201 bytes)

GC Heap History (10 events):
Event: 5.462 GC heap before
{Heap before GC invocations=3 (full 0):
 garbage-first heap   total 131072K, used 40184K [0x0000000081800000, 0x0000000100000000)
  region size 1024K, 35 young (35840K), 2 survivors (2048K)
 Metaspace       used 20770K, capacity 21162K, committed 21248K, reserved 1069056K
  class space    used 2343K, capacity 2492K, committed 2560K, reserved 1048576K
}
Event: 5.469 GC heap after
{Heap after GC invocations=4 (full 0):
 garbage-first heap   total 131072K, used 9785K [0x0000000081800000, 0x0000000100000000)
  region size 1024K, 3 young (3072K), 3 survivors (3072K)
 Metaspace       used 20770K, capacity 21162K, committed 21248K, reserved 1069056K
  class space    used 2343K, capacity 2492K, committed 2560K, reserved 1048576K
}
Event: 6.816 GC heap before
{Heap before GC invocations=5 (full 0):
 garbage-first heap   total 131072K, used 59961K [0x0000000081800000, 0x0000000100000000)
  region size 1024K, 52 young (53248K), 3 survivors (3072K)
 Metaspace       used 27628K, capacity 28199K, committed 28416K, reserved 1075200K
  class space    used 3257K, capacity 3462K, committed 3584K, reserved 1048576K
}
Event: 6.827 GC heap after
{Heap after GC invocations=6 (full 0):
 garbage-first heap   total 131072K, used 11514K [0x0000000081800000, 0x0000000100000000)
  region size 1024K, 5 young (5120K), 5 survivors (5120K)
 Metaspace       used 27628K, capacity 28199K, committed 28416K, reserved 1075200K
  class space    used 3257K, capacity 3462K, committed 3584K, reserved 1048576K
}
Event: 7.668 GC heap before
{Heap before GC invocations=6 (full 0):
 garbage-first heap   total 131072K, used 71930K [0x0000000081800000, 0x0000000100000000)
  region size 1024K, 65 young (66560K), 5 survivors (5120K)
 Metaspace       used 31482K, capacity 32070K, committed 32256K, reserved 1077248K
  class space    used 3749K, capacity 4003K, committed 4096K, reserved 1048576K
}
Event: 7.684 GC heap after
{Heap after GC invocations=7 (full 0):
 garbage-first heap   total 131072K, used 13153K [0x0000000081800000, 0x0000000100000000)
  region size 1024K, 7 young (7168K), 7 survivors (7168K)
 Metaspace       used 31482K, capacity 32070K, committed 32256K, reserved 1077248K
  class space    used 3749K, capacity 4003K, committed 4096K, reserved 1048576K
}
Event: 8.877 GC heap before
{Heap before GC invocations=7 (full 0):
 garbage-first heap   total 131072K, used 54113K [0x0000000081800000, 0x0000000100000000)
  region size 1024K, 49 young (50176K), 7 survivors (7168K)
 Metaspace       used 34927K, capacity 35723K, committed 35840K, reserved 1081344K
  class space    used 4173K, capacity 4497K, committed 4608K, reserved 1048576K
}
Event: 8.907 GC heap after
{Heap after GC invocations=8 (full 0):
 garbage-first heap   total 131072K, used 15142K [0x0000000081800000, 0x0000000100000000)
  region size 1024K, 7 young (7168K), 7 survivors (7168K)
 Metaspace       used 34927K, capacity 35723K, committed 35840K, reserved 1081344K
  class space    used 4173K, capacity 4497K, committed 4608K, reserved 1048576K
}
Event: 9.855 GC heap before
{Heap before GC invocations=9 (full 0):
 garbage-first heap   total 131072K, used 35622K [0x0000000081800000, 0x0000000100000000)
  region size 1024K, 28 young (28672K), 7 survivors (7168K)
 Metaspace       used 36994K, capacity 37826K, committed 37888K, reserved 1089536K
  class space    used 4455K, capacity 4811K, committed 4864K, reserved 1048576K
}
Event: 9.894 GC heap after
{Heap after GC invocations=10 (full 0):
 garbage-first heap   total 131072K, used 16236K [0x0000000081800000, 0x0000000100000000)
  region size 1024K, 5 young (5120K), 5 survivors (5120K)
 Metaspace       used 36994K, capacity 37826K, committed 37888K, reserved 1089536K
  class space    used 4455K, capacity 4811K, committed 4864K, reserved 1048576K
}

Deoptimization events (10 events):
Event: 8.629 Thread 0x0000015c212b3800 Uncommon trap: reason=profile_predicate action=maybe_recompile pc=0x0000015c329e2318 method=org.springframework.boot.context.properties.source.ConfigurationPropertyName$Elements.canShortcutWithSource(Lorg/springframework/boot/context/properties/source/Con
Event: 8.959 Thread 0x0000015c212b3800 Uncommon trap: reason=intrinsic_or_type_checked_inlining action=make_not_entrant pc=0x0000015c329fc534 method=java.util.ArrayList.toArray([Ljava/lang/Object;)[Ljava/lang/Object; @ 36 c2
Event: 9.014 Thread 0x0000015c212b3800 Uncommon trap: reason=class_check action=maybe_recompile pc=0x0000015c329eaf14 method=org.springframework.util.ConcurrentReferenceHashMap$Segment.findInChain(Lorg/springframework/util/ConcurrentReferenceHashMap$Reference;Ljava/lang/Object;I)Lorg/springfra
Event: 9.162 Thread 0x0000015c212b3800 Uncommon trap: reason=intrinsic_or_type_checked_inlining action=make_not_entrant pc=0x0000015c32a08d78 method=java.util.Arrays.copyOf([Ljava/lang/Object;ILjava/lang/Class;)[Ljava/lang/Object; @ 35 c2
Event: 9.467 Thread 0x0000015c212b3800 Uncommon trap: reason=intrinsic_or_type_checked_inlining action=make_not_entrant pc=0x0000015c329c79fc method=java.util.ArrayList.toArray([Ljava/lang/Object;)[Ljava/lang/Object; @ 36 c2
Event: 9.787 Thread 0x0000015c212b3800 Uncommon trap: reason=profile_predicate action=maybe_recompile pc=0x0000015c32a22794 method=org.springframework.asm.ByteVector.putUTF8(Ljava/lang/String;)Lorg/springframework/asm/ByteVector; @ 79 c2
Event: 9.787 Thread 0x0000015c212b3800 Uncommon trap: reason=profile_predicate action=maybe_recompile pc=0x0000015c32a22794 method=org.springframework.asm.ByteVector.putUTF8(Ljava/lang/String;)Lorg/springframework/asm/ByteVector; @ 79 c2
Event: 9.787 Thread 0x0000015c212b3800 Uncommon trap: reason=profile_predicate action=maybe_recompile pc=0x0000015c32a22794 method=org.springframework.asm.ByteVector.putUTF8(Ljava/lang/String;)Lorg/springframework/asm/ByteVector; @ 79 c2
Event: 9.787 Thread 0x0000015c212b3800 Uncommon trap: reason=profile_predicate action=maybe_recompile pc=0x0000015c32a22794 method=org.springframework.asm.ByteVector.putUTF8(Ljava/lang/String;)Lorg/springframework/asm/ByteVector; @ 79 c2
Event: 9.795 Thread 0x0000015c212b3800 Uncommon trap: reason=unstable_if action=reinterpret pc=0x0000015c329e92fc method=java.util.LinkedList.node(I)Ljava/util/LinkedList$Node; @ 49 c2

Classes redefined (0 events):
No events

Internal exceptions (10 events):
Event: 7.316 Thread 0x0000015c43228800 Exception <a 'java/lang/IncompatibleClassChangeError'{0x00000000881b5960}: Found class java.lang.Object, but interface was expected> (0x00000000881b5960) thrown at [t:/workspace/open/src/hotspot/share/interpreter/linkResolver.cpp, line 856]
Event: 7.366 Thread 0x0000015c43228800 Exception <a 'java/lang/NoSuchMethodError'{0x0000000087fc2000}: java.lang.invoke.DirectMethodHandle$Holder.invokeVirtual(Ljava/lang/Object;Ljava/lang/Object;Ljava/lang/Object;Ljava/lang/Object;)Ljava/lang/Object;> (0x0000000087fc2000) thrown at [t:/worksp
Event: 8.011 Thread 0x0000015c43228800 Exception <a 'java/lang/IncompatibleClassChangeError'{0x00000000887b7660}: Found class java.lang.Object, but interface was expected> (0x00000000887b7660) thrown at [t:/workspace/open/src/hotspot/share/interpreter/linkResolver.cpp, line 856]
Event: 8.082 Thread 0x0000015c43228800 Exception <a 'java/lang/NoSuchMethodError'{0x0000000088310e68}: java.lang.invoke.DirectMethodHandle$Holder.invokeStatic(Ljava/lang/Object;Ljava/lang/Object;Ljava/lang/Object;Ljava/lang/Object;Ljava/lang/Object;Ljava/lang/Object;Ljava/lang/Object;Ljava/lan
Event: 8.084 Thread 0x0000015c43228800 Exception <a 'java/lang/NoSuchMethodError'{0x000000008832ede8}: java.lang.invoke.DirectMethodHandle$Holder.invokeStatic(Ljava/lang/Object;Ljava/lang/Object;Ljava/lang/Object;Ljava/lang/Object;Ljava/lang/Object;Ljava/lang/Object;Ljava/lang/Object;Ljava/lan
Event: 8.088 Thread 0x0000015c43228800 Exception <a 'java/lang/NoSuchMethodError'{0x000000008834de18}: java.lang.invoke.DirectMethodHandle$Holder.invokeStatic(Ljava/lang/Object;Ljava/lang/Object;Ljava/lang/Object;Ljava/lang/Object;Ljava/lang/Object;Ljava/lang/Object;Ljava/lang/Object;Ljava/lan
Event: 8.091 Thread 0x0000015c43228800 Exception <a 'java/lang/NoSuchMethodError'{0x000000008836e570}: java.lang.invoke.DirectMethodHandle$Holder.invokeStatic(Ljava/lang/Object;Ljava/lang/Object;Ljava/lang/Object;Ljava/lang/Object;Ljava/lang/Object;Ljava/lang/Object;Ljava/lang/Object;Ljava/lan
Event: 8.324 Thread 0x0000015c212b3800 Exception <a 'java/lang/NoSuchMethodError'{0x0000000087be8880}: java.lang.invoke.DirectMethodHandle$Holder.invokeInterface(Ljava/lang/Object;Ljava/lang/Object;Ljava/lang/Object;Ljava/lang/Object;)V> (0x0000000087be8880) thrown at [t:/workspace/open/src/ho
Event: 8.362 Thread 0x0000015c212b3800 Exception <a 'java/lang/NoSuchMethodError'{0x0000000087abfa98}: java.lang.invoke.DirectMethodHandle$Holder.invokeSpecial(Ljava/lang/Object;Ljava/lang/Object;Ljava/lang/Object;Ljava/lang/Object;Ljava/lang/Object;)I> (0x0000000087abfa98) thrown at [t:/works
Event: 9.133 Thread 0x0000015c212b3800 Exception <a 'java/lang/NoSuchMethodError'{0x000000008946f870}: java.lang.invoke.DirectMethodHandle$Holder.invokeSpecialIFC(Ljava/lang/Object;Ljava/lang/Object;Ljava/lang/Object;Ljava/lang/Object;)Ljava/lang/Object;> (0x000000008946f870) thrown at [t:/wor

Events (10 events):
Event: 9.820 loading class com/fasterxml/jackson/dataformat/cbor$CBORFactory done
Event: 9.820 loading class com/google/gson/Gson
Event: 9.820 loading class com/google/gson/Gson done
Event: 9.821 loading class com/google/gson$Gson
Event: 9.821 loading class com/google/gson$Gson done
Event: 9.821 loading class javax/json/bind/Jsonb
Event: 9.821 loading class javax/json/bind/Jsonb done
Event: 9.822 loading class javax/json/bind$Jsonb
Event: 9.822 loading class javax/json/bind$Jsonb done
Event: 9.854 Executing VM operation: CollectForMetadataAllocation


Dynamic libraries:
0x00007ff67ad10000 - 0x00007ff67ad57000 	C:\Program Files\Java\jdk-11.0.1\bin\java.exe
0x00007ff9077f0000 - 0x00007ff9079d1000 	C:\WINDOWS\SYSTEM32\ntdll.dll
0x00007ff904cb0000 - 0x00007ff904d61000 	C:\WINDOWS\System32\KERNEL32.DLL
0x00007ff904800000 - 0x00007ff904a73000 	C:\WINDOWS\System32\KERNELBASE.dll
0x00007ff905940000 - 0x00007ff9059e1000 	C:\WINDOWS\System32\ADVAPI32.dll
0x00007ff905b80000 - 0x00007ff905c1e000 	C:\WINDOWS\System32\msvcrt.dll
0x00007ff905230000 - 0x00007ff90528b000 	C:\WINDOWS\System32\sechost.dll
0x00007ff9052f0000 - 0x00007ff905414000 	C:\WINDOWS\System32\RPCRT4.dll
0x00007ff9059f0000 - 0x00007ff905b80000 	C:\WINDOWS\System32\USER32.dll
0x00007ff904380000 - 0x00007ff9043a0000 	C:\WINDOWS\System32\win32u.dll
0x00007ff9054c0000 - 0x00007ff9054e8000 	C:\WINDOWS\System32\GDI32.dll
0x00007ff904ae0000 - 0x00007ff904c72000 	C:\WINDOWS\System32\gdi32full.dll
0x00007ff904520000 - 0x00007ff9045bf000 	C:\WINDOWS\System32\msvcp_win.dll
0x00007ff904420000 - 0x00007ff904518000 	C:\WINDOWS\System32\ucrtbase.dll
0x00007ff8f5ce0000 - 0x00007ff8f5f49000 	C:\WINDOWS\WinSxS\amd64_microsoft.windows.common-controls_6595b64144ccf1df_6.0.17134.765_none_fb42a1a930655896\COMCTL32.dll
0x00007ff907490000 - 0x00007ff9077b2000 	C:\WINDOWS\System32\combase.dll
0x00007ff8fa4e0000 - 0x00007ff8fa4ea000 	C:\WINDOWS\SYSTEM32\VERSION.dll
0x00007ff9043a0000 - 0x00007ff90441a000 	C:\WINDOWS\System32\bcryptPrimitives.dll
0x00007ff904c80000 - 0x00007ff904cad000 	C:\WINDOWS\System32\IMM32.DLL
0x00007ff8f4fd0000 - 0x00007ff8f4fe6000 	C:\Program Files\Java\jdk-11.0.1\bin\vcruntime140.dll
0x00007ff8f4f20000 - 0x00007ff8f4fca000 	C:\Program Files\Java\jdk-11.0.1\bin\msvcp140.dll
0x00007ff8d1730000 - 0x00007ff8d2272000 	C:\Program Files\Java\jdk-11.0.1\bin\server\jvm.dll
0x00007ff907360000 - 0x00007ff907368000 	C:\WINDOWS\System32\PSAPI.DLL
0x00007ff8f9340000 - 0x00007ff8f9363000 	C:\WINDOWS\SYSTEM32\WINMM.dll
0x00007ff902760000 - 0x00007ff902769000 	C:\WINDOWS\SYSTEM32\WSOCK32.dll
0x00007ff9054f0000 - 0x00007ff90555c000 	C:\WINDOWS\System32\WS2_32.dll
0x00007ff8f8be0000 - 0x00007ff8f8c0a000 	C:\WINDOWS\SYSTEM32\winmmbase.dll
0x00007ff9047b0000 - 0x00007ff9047f9000 	C:\WINDOWS\System32\cfgmgr32.dll
0x00007ff903b40000 - 0x00007ff903b51000 	C:\WINDOWS\System32\kernel.appcore.dll
0x00007ff8f4f00000 - 0x00007ff8f4f11000 	C:\Program Files\Java\jdk-11.0.1\bin\verify.dll
0x00007ff902540000 - 0x00007ff902709000 	C:\WINDOWS\SYSTEM32\DBGHELP.DLL
0x00007ff8fe090000 - 0x00007ff8fe0b9000 	C:\WINDOWS\SYSTEM32\dbgcore.DLL
0x00007ff8f4ed0000 - 0x00007ff8f4ef9000 	C:\Program Files\Java\jdk-11.0.1\bin\java.dll
0x00007ff8fdc80000 - 0x00007ff8fdcaf000 	C:\Program Files\Java\jdk-11.0.1\bin\instrument.dll
0x00007ff8f4df0000 - 0x00007ff8f4e06000 	C:\Program Files\Java\jdk-11.0.1\bin\zip.dll
0x00007ff8fd660000 - 0x00007ff8fd66a000 	C:\Program Files\Java\jdk-11.0.1\bin\jimage.dll
0x00007ff905c20000 - 0x00007ff907060000 	C:\WINDOWS\System32\SHELL32.dll
0x00007ff907370000 - 0x00007ff907419000 	C:\WINDOWS\System32\shcore.dll
0x00007ff903c70000 - 0x00007ff90437d000 	C:\WINDOWS\System32\windows.storage.dll
0x00007ff904d80000 - 0x00007ff904dd1000 	C:\WINDOWS\System32\shlwapi.dll
0x00007ff903b00000 - 0x00007ff903b1f000 	C:\WINDOWS\System32\profapi.dll
0x00007ff903b60000 - 0x00007ff903bac000 	C:\WINDOWS\System32\powrprof.dll
0x00007ff903bb0000 - 0x00007ff903bba000 	C:\WINDOWS\System32\FLTLIB.DLL
0x00007ff8f44f0000 - 0x00007ff8f4509000 	C:\Program Files\Java\jdk-11.0.1\bin\net.dll
0x00007ff8fbc90000 - 0x00007ff8fbd6d000 	C:\WINDOWS\SYSTEM32\WINHTTP.dll
0x00007ff903310000 - 0x00007ff903376000 	C:\WINDOWS\system32\mswsock.dll
0x00007ff8f44d0000 - 0x00007ff8f44e3000 	C:\Program Files\Java\jdk-11.0.1\bin\nio.dll
0x00007ff8fdc60000 - 0x00007ff8fdc7a000 	C:\Program Files\JetBrains\IntelliJ IDEA Community Edition 2018.3.3\bin\breakgen64.dll
0x00007ff8f7870000 - 0x00007ff8f7879000 	C:\Program Files\Java\jdk-11.0.1\bin\management.dll
0x00007ff8f4de0000 - 0x00007ff8f4dec000 	C:\Program Files\Java\jdk-11.0.1\bin\management_ext.dll
0x00007ff8f2ab0000 - 0x00007ff8f2ac6000 	C:\WINDOWS\system32\napinsp.dll
0x00007ff8f0620000 - 0x00007ff8f063a000 	C:\WINDOWS\system32\pnrpnsp.dll
0x00007ff8fe590000 - 0x00007ff8fe5a9000 	C:\WINDOWS\system32\NLAapi.dll
0x00007ff9030e0000 - 0x00007ff90319e000 	C:\WINDOWS\SYSTEM32\DNSAPI.dll
0x00007ff907420000 - 0x00007ff907428000 	C:\WINDOWS\System32\NSI.dll
0x00007ff9030a0000 - 0x00007ff9030d8000 	C:\WINDOWS\SYSTEM32\IPHLPAPI.DLL
0x00007ff8f0610000 - 0x00007ff8f061e000 	C:\WINDOWS\System32\winrnr.dll
0x00007ff8fdbe0000 - 0x00007ff8fdbf5000 	C:\WINDOWS\System32\wshbth.dll
0x00007ff8fb4e0000 - 0x00007ff8fb4ea000 	C:\Windows\System32\rasadhlp.dll
0x00007ff8fbbc0000 - 0x00007ff8fbc32000 	C:\WINDOWS\System32\fwpuclnt.dll
0x00007ff903660000 - 0x00007ff903685000 	C:\WINDOWS\SYSTEM32\bcrypt.dll

dbghelp: loaded successfully - version: 4.0.5 - missing functions: none
symbol engine: initialized successfully - sym options: 0x614 - pdb path: .;C:\Program Files\Java\jdk-11.0.1\bin;C:\WINDOWS\SYSTEM32;C:\WINDOWS\WinSxS\amd64_microsoft.windows.common-controls_6595b64144ccf1df_6.0.17134.765_none_fb42a1a930655896;C:\Program Files\Java\jdk-11.0.1\bin\server;C:\Program Files\JetBrains\IntelliJ IDEA Community Edition 2018.3.3\bin

VM Arguments:
jvm_args: -ea -Didea.test.cyclic.buffer.size=1048576 -javaagent:C:\Program Files\JetBrains\IntelliJ IDEA Community Edition 2018.3.3\lib\idea_rt.jar=61267:C:\Program Files\JetBrains\IntelliJ IDEA Community Edition 2018.3.3\bin -Dfile.encoding=UTF-8 
java_command: com.intellij.rt.execution.junit.JUnitStarter -ideVersion5 -junit4 programmers.web.api.ApiTodoAcceptanceTest,create_Todo
java_class_path (initial): C:\Program Files\JetBrains\IntelliJ IDEA Community Edition 2018.3.3\lib\idea_rt.jar;C:\Program Files\JetBrains\IntelliJ IDEA Community Edition 2018.3.3\plugins\junit\lib\junit-rt.jar;C:\Program Files\JetBrains\IntelliJ IDEA Community Edition 2018.3.3\plugins\junit\lib\junit5-rt.jar;C:\Users\lollo\Desktop\프로그래머스_과제\Todo-List\out\test\classes;C:\Users\lollo\Desktop\프로그래머스_과제\Todo-List\out\production\classes;C:\Users\lollo\Desktop\프로그래머스_과제\Todo-List\out\production\resources;C:\Users\lollo\.gradle\caches\modules-2\files-2.1\org.springframework.boot\spring-boot-starter-data-jpa\2.1.4.RELEASE\d5b7a85a533cb631048a8fd161f508a9a1f69f44\spring-boot-starter-data-jpa-2.1.4.RELEASE.jar;C:\Users\lollo\.gradle\caches\modules-2\files-2.1\pl.allegro.tech.boot\handlebars-spring-boot-starter\0.3.1\fa5b845e7b5cede39f4bb1122dbe59fd68ad5954\handlebars-spring-boot-starter-0.3.1.jar;C:\Users\lollo\.gradle\caches\modules-2\files-2.1\org.springframework.boot\spring-boot-starter-web\2.1.4.RELEASE\a4659d55f57421a5ef122cb670b7b544ef8190e8\spring-boot-starter-web-2.1.4.RELEASE.jar;C:\Users\lollo\.gradle\caches\modules-2\files-2.1\org.hibernate\hibernate-java8\5.3.9.Final\b207639df50fc8976fc3e1af07b84306466d275a\hibernate-java8-5.3.9.Final.jar;C:\Users\lollo\.gradle\caches\modules-2\files-2.1\org.springframework.boot\spring-boot-starter-test\2.1.4.RELEASE\6d19808f14c6d867eef42ea48bf78c37da1d6275\spring-boot-starter-test-2.1.4.RELEASE.jar;C:\Users\lollo\.gradle\caches\modules-2\files-2.1\net.rakugakibox.spring.boot\logback-access-spring-boot-starter\2.7.1\b02459abbd1b01d03dd3cc6020fec2c1d238cab\logback-access-spring-boot-starter-2.7.1.jar;C:\Users\lollo\.gradle\caches\modules-2\files-2.1\org.springframework.boot\spring-boot-starter-aop\2.1.4.RELEASE\39fffcbea8207ca708b7891f3b70c37a33c2dca4\spring-boot-starter-aop-2.1.4.RELEASE.jar;C:\Users\lollo\.gradle\caches\modules-2\files-2.1\org.springframework.boot\spring-boot-starter-jdbc\2.1.4.RELEASE\1
Launcher Type: SUN_STANDARD

[Global flags]
     intx CICompilerCount                          = 3                                         {product} {ergonomic}
     uint ConcGCThreads                            = 1                                         {product} {ergonomic}
     uint G1ConcRefinementThreads                  = 4                                         {product} {ergonomic}
   size_t G1HeapRegionSize                         = 1048576                                   {product} {ergonomic}
    uintx GCDrainStackTargetSize                   = 64                                        {product} {ergonomic}
   size_t InitialHeapSize                          = 134217728                                 {product} {ergonomic}
   size_t MarkStackSize                            = 4194304                                   {product} {ergonomic}
   size_t MaxHeapSize                              = 2122317824                                {product} {ergonomic}
   size_t MaxNewSize                               = 1272971264                                {product} {ergonomic}
   size_t MinHeapDeltaBytes                        = 1048576                                   {product} {ergonomic}
    uintx NonNMethodCodeHeapSize                   = 5830092                                {pd product} {ergonomic}
    uintx NonProfiledCodeHeapSize                  = 122914074                              {pd product} {ergonomic}
    uintx ProfiledCodeHeapSize                     = 122914074                              {pd product} {ergonomic}
    uintx ReservedCodeCacheSize                    = 251658240                              {pd product} {ergonomic}
     bool SegmentedCodeCache                       = true                                      {product} {ergonomic}
     bool UseCompressedClassPointers               = true                                 {lp64_product} {ergonomic}
     bool UseCompressedOops                        = true                                 {lp64_product} {ergonomic}
     bool UseG1GC                                  = true                                      {product} {ergonomic}
     bool UseLargePagesIndividualAllocation        = false                                  {pd product} {ergonomic}

Logging:
Log output configuration:
 #0: stdout all=warning uptime,level,tags
 #1: stderr all=off uptime,level,tags

Environment Variables:
JAVA_HOME=C:\Program Files\Java\jdk-11.0.1
PATH=C:\WINDOWS\system32;C:\WINDOWS;C:\WINDOWS\System32\Wbem;C:\WINDOWS\System32\WindowsPowerShell\v1.0\;C:\WINDOWS\System32\OpenSSH\;C:\Program Files\Git\cmd;C:\Program Files (x86)\PuTTY\;C:\Program Files\MySQL\MySQL Server 8.0\bin;C:\Program Files\Java\jdk-11.0.1\bin;C:\Users\lollo\AppData\Local\Microsoft\WindowsApps;;C:\Users\lollo\AppData\Local\Programs\Microsoft VS Code\bin
USERNAME=TaeSu
OS=Windows_NT
PROCESSOR_IDENTIFIER=Intel64 Family 6 Model 61 Stepping 4, GenuineIntel



---------------  S Y S T E M  ---------------

OS: Windows 10 , 64 bit Build 17134 (10.0.17134.753)

CPU:total 4 (initial active 4) (2 cores per cpu, 2 threads per core) family 6 model 61 stepping 4, cmov, cx8, fxsr, mmx, sse, sse2, sse3, ssse3, sse4.1, sse4.2, popcnt, avx, avx2, aes, clmul, erms, 3dnowpref, lzcnt, ht, tsc, tscinvbit, bmi1, bmi2, adx, fma

Memory: 4k page, system-wide physical 8091M (1988M free)
TotalPageFile size 23188M (AvailPageFile size 0M)
current process WorkingSet (physical memory assigned to process): 212M, peak: 212M
current process commit charge ("private bytes"): 291M, peak: 293M

vm_info: Java HotSpot(TM) 64-Bit Server VM (11.0.1+13-LTS) for windows-amd64 JRE (11.0.1+13-LTS), built on Oct  6 2018 13:20:16 by "mach5one" with MS VC++ 15.5 (VS2017)

END.
