#
# There is insufficient memory for the Java Runtime Environment to continue.
# Native memory allocation (malloc) failed to allocate 773696 bytes for Chunk::new
# Possible reasons:
#   The system is out of physical RAM or swap space
#   The process is running with CompressedOops enabled, and the Java Heap may be blocking the growth of the native heap
# Possible solutions:
#   Reduce memory load on the system
#   Increase physical memory or swap space
#   Check if swap backing store is full
#   Decrease Java heap size (-Xmx/-Xms)
#   Decrease number of Java threads
#   Decrease Java thread stack sizes (-Xss)
#   Set larger code cache with -XX:ReservedCodeCacheSize=
#   JVM is running with Unscaled Compressed Oops mode in which the Java heap is
#     placed in the first 4GB address space. The Java Heap base address is the
#     maximum limit for the native heap growth. Please use -XX:HeapBaseMinAddress
#     to set the Java Heap base and to place the Java Heap above 4GB virtual address.
# This output file may be truncated or incomplete.
#
#  Out of Memory Error (t:/workspace/open/src/hotspot/share/memory/arena.cpp:197), pid=1856, tid=8020
#
# JRE version: Java(TM) SE Runtime Environment (11.0.1+13) (build 11.0.1+13-LTS)
# Java VM: Java HotSpot(TM) 64-Bit Server VM (11.0.1+13-LTS, mixed mode, tiered, compressed oops, g1 gc, windows-amd64)
# No core dump will be written. Minidumps are not enabled by default on client versions of Windows
#

---------------  S U M M A R Y ------------

Command Line: -ea -Didea.test.cyclic.buffer.size=1048576 -javaagent:C:\Program Files\JetBrains\IntelliJ IDEA Community Edition 2018.3.3\lib\idea_rt.jar=61122:C:\Program Files\JetBrains\IntelliJ IDEA Community Edition 2018.3.3\bin -Dfile.encoding=UTF-8 com.intellij.rt.execution.junit.JUnitStarter -ideVersion5 -junit4 programmers.web.TodoAcceptanceTest

Host: Intel(R) Core(TM) i3-5010U CPU @ 2.10GHz, 4 cores, 7G,  Windows 10 , 64 bit Build 17134 (10.0.17134.753)
Time: Sun May 19 12:38:48 2019 ´eCN¹I±¹ C￥AØ½A elapsed time: 12 seconds (0d 0h 0m 12s)

---------------  T H R E A D  ---------------

Current thread (0x00000244b8776000):  JavaThread "C2 CompilerThread1" daemon [_thread_in_native, id=8020, stack(0x000000d8fad00000,0x000000d8fae00000)]


Current CompileTask:
C2:  12299 4074       4       org.springframework.asm.Frame::execute (2305 bytes)

Stack: [0x000000d8fad00000,0x000000d8fae00000]
Native frames: (J=compiled Java code, j=interpreted, Vv=VM code, C=native code)
V  [jvm.dll+0x63c21a]
V  [jvm.dll+0x7797df]
V  [jvm.dll+0x77adca]
V  [jvm.dll+0x77b483]
V  [jvm.dll+0x2627f8]
V  [jvm.dll+0xc5c71]
V  [jvm.dll+0xc61fc]
V  [jvm.dll+0x2d10f4]
V  [jvm.dll+0x55412f]
V  [jvm.dll+0x21e2b9]
V  [jvm.dll+0x21b846]
V  [jvm.dll+0x198390]
V  [jvm.dll+0x22a97f]
V  [jvm.dll+0x228f98]
V  [jvm.dll+0x73f03d]
V  [jvm.dll+0x63b2b2]
C  [ucrtbase.dll+0x1e3fe]
C  [KERNEL32.DLL+0x14034]
C  [ntdll.dll+0x73691]


---------------  P R O C E S S  ---------------

Threads class SMR info:
_java_thread_list=0x00000244b9c74d60, length=12, elements={
0x0000024496610000, 0x00000244b68cb800, 0x00000244b68d7000, 0x00000244b71da000,
0x00000244b71dc000, 0x00000244b71e1000, 0x00000244b68ea000, 0x00000244b71e8000,
0x00000244b7365800, 0x00000244b74dc800, 0x00000244b74dd800, 0x00000244b8776000
}

Java Threads: ( => current thread )
  0x0000024496610000 JavaThread "main" [_thread_in_native, id=14564, stack(0x000000d8f9b00000,0x000000d8f9c00000)]
  0x00000244b68cb800 JavaThread "Reference Handler" daemon [_thread_blocked, id=8016, stack(0x000000d8fa200000,0x000000d8fa300000)]
  0x00000244b68d7000 JavaThread "Finalizer" daemon [_thread_blocked, id=14080, stack(0x000000d8fa300000,0x000000d8fa400000)]
  0x00000244b71da000 JavaThread "Signal Dispatcher" daemon [_thread_blocked, id=400, stack(0x000000d8fa400000,0x000000d8fa500000)]
  0x00000244b71dc000 JavaThread "Attach Listener" daemon [_thread_blocked, id=6340, stack(0x000000d8fa500000,0x000000d8fa600000)]
  0x00000244b71e1000 JavaThread "C2 CompilerThread0" daemon [_thread_blocked, id=1432, stack(0x000000d8fa600000,0x000000d8fa700000)]
  0x00000244b68ea000 JavaThread "C1 CompilerThread0" daemon [_thread_blocked, id=9924, stack(0x000000d8fa700000,0x000000d8fa800000)]
  0x00000244b71e8000 JavaThread "Sweeper thread" daemon [_thread_blocked, id=11560, stack(0x000000d8fa800000,0x000000d8fa900000)]
  0x00000244b7365800 JavaThread "Common-Cleaner" daemon [_thread_blocked, id=15932, stack(0x000000d8fa900000,0x000000d8faa00000)]
  0x00000244b74dc800 JavaThread "Monitor Ctrl-Break" daemon [_thread_in_native, id=15312, stack(0x000000d8faa00000,0x000000d8fab00000)]
  0x00000244b74dd800 JavaThread "Service Thread" daemon [_thread_blocked, id=14708, stack(0x000000d8fab00000,0x000000d8fac00000)]
=>0x00000244b8776000 JavaThread "C2 CompilerThread1" daemon [_thread_in_native, id=8020, stack(0x000000d8fad00000,0x000000d8fae00000)]

Other Threads:
  0x00000244b68a5800 VMThread "VM Thread" [stack: 0x000000d8fa100000,0x000000d8fa200000] [id=4716]
  0x00000244b74de800 WatcherThread [stack: 0x000000d8fac00000,0x000000d8fad00000] [id=14608]
  0x0000024496627800 GCTaskThread "GC Thread#0" [stack: 0x000000d8f9c00000,0x000000d8f9d00000] [id=14276]
  0x00000244b7d78800 GCTaskThread "GC Thread#1" [stack: 0x000000d8fae00000,0x000000d8faf00000] [id=15568]
  0x00000244b8142800 GCTaskThread "GC Thread#2" [stack: 0x000000d8faf00000,0x000000d8fb000000] [id=9832]
  0x00000244b8142000 GCTaskThread "GC Thread#3" [stack: 0x000000d8fb100000,0x000000d8fb200000] [id=1628]
  0x0000024496658800 ConcurrentGCThread "G1 Main Marker" [stack: 0x000000d8f9d00000,0x000000d8f9e00000] [id=10728]
  0x000002449665a800 ConcurrentGCThread "G1 Conc#0" [stack: 0x000000d8f9e00000,0x000000d8f9f00000] [id=10504]
  0x00000244b6711800 ConcurrentGCThread "G1 Refine#0" [stack: 0x000000d8f9f00000,0x000000d8fa000000] [id=8836]
  0x00000244966cc000 ConcurrentGCThread "G1 Young RemSet Sampling" [stack: 0x000000d8fa000000,0x000000d8fa100000] [id=13356]

Threads with active compile tasks:
C2 CompilerThread14074       4       org.springframework.asm.Frame::execute (2305 bytes)

VM state:not at safepoint (normal execution)

VM Mutex/Monitor currently owned by a thread: None

Heap address: 0x0000000081800000, size: 2024 MB, Compressed Oops mode: 32-bit
Narrow klass base: 0x0000000000000000, Narrow klass shift: 3
Compressed class space size: 1073741824 Address: 0x0000000100000000

Heap:
 garbage-first heap   total 157696K, used 98202K [0x0000000081800000, 0x0000000100000000)
  region size 1024K, 89 young (91136K), 7 survivors (7168K)
 Metaspace       used 41401K, capacity 42482K, committed 42624K, reserved 1087488K
  class space    used 4977K, capacity 5413K, committed 5504K, reserved 1048576K
Heap Regions: E=young(eden), S=young(survivor), O=old, HS=humongous(starts), HC=humongous(continues), CS=collection set, F=free, A=archive, TAMS=top-at-mark-start (previous, next)
|   0|0x0000000081800000, 0x0000000081900000, 0x0000000081900000|100%|HS|  |TAMS 0x0000000081900000, 0x0000000081800000| Complete 
|   1|0x0000000081900000, 0x0000000081a00000, 0x0000000081a00000|100%| O|  |TAMS 0x0000000081a00000, 0x0000000081900000| Untracked 
|   2|0x0000000081a00000, 0x0000000081b00000, 0x0000000081b00000|100%| O|  |TAMS 0x0000000081b00000, 0x0000000081a00000| Untracked 
|   3|0x0000000081b00000, 0x0000000081c00000, 0x0000000081c00000|100%| O|  |TAMS 0x0000000081c00000, 0x0000000081b00000| Untracked 
|   4|0x0000000081c00000, 0x0000000081d00000, 0x0000000081d00000|100%| O|  |TAMS 0x0000000081d00000, 0x0000000081c00000| Untracked 
|   5|0x0000000081d00000, 0x0000000081e00000, 0x0000000081e00000|100%| O|  |TAMS 0x0000000081e00000, 0x0000000081d00000| Untracked 
|   6|0x0000000081e00000, 0x0000000081f00000, 0x0000000081f00000|100%| O|  |TAMS 0x0000000081f00000, 0x0000000081e00000| Untracked 
|   7|0x0000000081f00000, 0x0000000082000000, 0x0000000082000000|100%| O|  |TAMS 0x0000000082000000, 0x0000000081f00000| Untracked 
|   8|0x0000000082000000, 0x0000000082043c00, 0x0000000082100000| 26%| O|  |TAMS 0x0000000082043c00, 0x0000000082000000| Untracked 
|   9|0x0000000082100000, 0x0000000082100000, 0x0000000082200000|  0%| F|  |TAMS 0x0000000082100000, 0x0000000082100000| Untracked 
|  10|0x0000000082200000, 0x0000000082200000, 0x0000000082300000|  0%| F|  |TAMS 0x0000000082200000, 0x0000000082200000| Untracked 
|  11|0x0000000082300000, 0x0000000082300000, 0x0000000082400000|  0%| F|  |TAMS 0x0000000082300000, 0x0000000082300000| Untracked 
|  12|0x0000000082400000, 0x0000000082400000, 0x0000000082500000|  0%| F|  |TAMS 0x0000000082400000, 0x0000000082400000| Untracked 
|  13|0x0000000082500000, 0x0000000082500000, 0x0000000082600000|  0%| F|  |TAMS 0x0000000082500000, 0x0000000082500000| Untracked 
|  14|0x0000000082600000, 0x0000000082600000, 0x0000000082700000|  0%| F|  |TAMS 0x0000000082600000, 0x0000000082600000| Untracked 
|  15|0x0000000082700000, 0x0000000082700000, 0x0000000082800000|  0%| F|  |TAMS 0x0000000082700000, 0x0000000082700000| Untracked 
|  16|0x0000000082800000, 0x0000000082800000, 0x0000000082900000|  0%| F|  |TAMS 0x0000000082800000, 0x0000000082800000| Untracked 
|  17|0x0000000082900000, 0x0000000082900000, 0x0000000082a00000|  0%| F|  |TAMS 0x0000000082900000, 0x0000000082900000| Untracked 
|  18|0x0000000082a00000, 0x0000000082a00000, 0x0000000082b00000|  0%| F|  |TAMS 0x0000000082a00000, 0x0000000082a00000| Untracked 
|  19|0x0000000082b00000, 0x0000000082b00000, 0x0000000082c00000|  0%| F|  |TAMS 0x0000000082b00000, 0x0000000082b00000| Untracked 
|  20|0x0000000082c00000, 0x0000000082c00000, 0x0000000082d00000|  0%| F|  |TAMS 0x0000000082c00000, 0x0000000082c00000| Untracked 
|  21|0x0000000082d00000, 0x0000000082d00000, 0x0000000082e00000|  0%| F|  |TAMS 0x0000000082d00000, 0x0000000082d00000| Untracked 
|  22|0x0000000082e00000, 0x0000000082e00000, 0x0000000082f00000|  0%| F|  |TAMS 0x0000000082e00000, 0x0000000082e00000| Untracked 
|  23|0x0000000082f00000, 0x0000000082f00000, 0x0000000083000000|  0%| F|  |TAMS 0x0000000082f00000, 0x0000000082f00000| Untracked 
|  24|0x0000000083000000, 0x0000000083000000, 0x0000000083100000|  0%| F|  |TAMS 0x0000000083000000, 0x0000000083000000| Untracked 
|  25|0x0000000083100000, 0x0000000083100000, 0x0000000083200000|  0%| F|  |TAMS 0x0000000083100000, 0x0000000083100000| Untracked 
|  26|0x0000000083200000, 0x0000000083200000, 0x0000000083300000|  0%| F|  |TAMS 0x0000000083200000, 0x0000000083200000| Untracked 
|  27|0x0000000083300000, 0x0000000083300000, 0x0000000083400000|  0%| F|  |TAMS 0x0000000083300000, 0x0000000083300000| Untracked 
|  28|0x0000000083400000, 0x0000000083400000, 0x0000000083500000|  0%| F|  |TAMS 0x0000000083400000, 0x0000000083400000| Untracked 
|  29|0x0000000083500000, 0x0000000083500000, 0x0000000083600000|  0%| F|  |TAMS 0x0000000083500000, 0x0000000083500000| Untracked 
|  30|0x0000000083600000, 0x0000000083600000, 0x0000000083700000|  0%| F|  |TAMS 0x0000000083600000, 0x0000000083600000| Untracked 
|  31|0x0000000083700000, 0x0000000083700000, 0x0000000083800000|  0%| F|  |TAMS 0x0000000083700000, 0x0000000083700000| Untracked 
|  32|0x0000000083800000, 0x0000000083800000, 0x0000000083900000|  0%| F|  |TAMS 0x0000000083800000, 0x0000000083800000| Untracked 
|  33|0x0000000083900000, 0x0000000083900000, 0x0000000083a00000|  0%| F|  |TAMS 0x0000000083900000, 0x0000000083900000| Untracked 
|  34|0x0000000083a00000, 0x0000000083a00000, 0x0000000083b00000|  0%| F|  |TAMS 0x0000000083a00000, 0x0000000083a00000| Untracked 
|  35|0x0000000083b00000, 0x0000000083b00000, 0x0000000083c00000|  0%| F|  |TAMS 0x0000000083b00000, 0x0000000083b00000| Untracked 
|  36|0x0000000083c00000, 0x0000000083c00000, 0x0000000083d00000|  0%| F|  |TAMS 0x0000000083c00000, 0x0000000083c00000| Untracked 
|  37|0x0000000083d00000, 0x0000000083d00000, 0x0000000083e00000|  0%| F|  |TAMS 0x0000000083d00000, 0x0000000083d00000| Untracked 
|  38|0x0000000083e00000, 0x0000000083e00000, 0x0000000083f00000|  0%| F|  |TAMS 0x0000000083e00000, 0x0000000083e00000| Untracked 
|  39|0x0000000083f00000, 0x0000000083f00000, 0x0000000084000000|  0%| F|  |TAMS 0x0000000083f00000, 0x0000000083f00000| Untracked 
|  40|0x0000000084000000, 0x0000000084000000, 0x0000000084100000|  0%| F|  |TAMS 0x0000000084000000, 0x0000000084000000| Untracked 
|  41|0x0000000084100000, 0x0000000084100000, 0x0000000084200000|  0%| F|  |TAMS 0x0000000084100000, 0x0000000084100000| Untracked 
|  42|0x0000000084200000, 0x0000000084200000, 0x0000000084300000|  0%| F|  |TAMS 0x0000000084200000, 0x0000000084200000| Untracked 
|  43|0x0000000084300000, 0x0000000084300000, 0x0000000084400000|  0%| F|  |TAMS 0x0000000084300000, 0x0000000084300000| Untracked 
|  44|0x0000000084400000, 0x0000000084400000, 0x0000000084500000|  0%| F|  |TAMS 0x0000000084400000, 0x0000000084400000| Untracked 
|  45|0x0000000084500000, 0x0000000084500000, 0x0000000084600000|  0%| F|  |TAMS 0x0000000084500000, 0x0000000084500000| Untracked 
|  46|0x0000000084600000, 0x0000000084600000, 0x0000000084700000|  0%| F|  |TAMS 0x0000000084600000, 0x0000000084600000| Untracked 
|  47|0x0000000084700000, 0x0000000084700000, 0x0000000084800000|  0%| F|  |TAMS 0x0000000084700000, 0x0000000084700000| Untracked 
|  48|0x0000000084800000, 0x0000000084800000, 0x0000000084900000|  0%| F|  |TAMS 0x0000000084800000, 0x0000000084800000| Untracked 
|  49|0x0000000084900000, 0x0000000084900000, 0x0000000084a00000|  0%| F|  |TAMS 0x0000000084900000, 0x0000000084900000| Untracked 
|  50|0x0000000084a00000, 0x0000000084a00000, 0x0000000084b00000|  0%| F|  |TAMS 0x0000000084a00000, 0x0000000084a00000| Untracked 
|  51|0x0000000084b00000, 0x0000000084b00000, 0x0000000084c00000|  0%| F|  |TAMS 0x0000000084b00000, 0x0000000084b00000| Untracked 
|  52|0x0000000084c00000, 0x0000000084c00000, 0x0000000084d00000|  0%| F|  |TAMS 0x0000000084c00000, 0x0000000084c00000| Untracked 
|  53|0x0000000084d00000, 0x0000000084d00000, 0x0000000084e00000|  0%| F|  |TAMS 0x0000000084d00000, 0x0000000084d00000| Untracked 
|  54|0x0000000084e00000, 0x0000000084e00000, 0x0000000084f00000|  0%| F|  |TAMS 0x0000000084e00000, 0x0000000084e00000| Untracked 
|  55|0x0000000084f00000, 0x0000000084f00000, 0x0000000085000000|  0%| F|  |TAMS 0x0000000084f00000, 0x0000000084f00000| Untracked 
|  56|0x0000000085000000, 0x0000000085000000, 0x0000000085100000|  0%| F|  |TAMS 0x0000000085000000, 0x0000000085000000| Untracked 
|  57|0x0000000085100000, 0x0000000085100000, 0x0000000085200000|  0%| F|  |TAMS 0x0000000085100000, 0x0000000085100000| Untracked 
|  58|0x0000000085200000, 0x0000000085200000, 0x0000000085300000|  0%| F|  |TAMS 0x0000000085200000, 0x0000000085200000| Untracked 
|  59|0x0000000085300000, 0x0000000085300000, 0x0000000085400000|  0%| F|  |TAMS 0x0000000085300000, 0x0000000085300000| Untracked 
|  60|0x0000000085400000, 0x0000000085400000, 0x0000000085500000|  0%| F|  |TAMS 0x0000000085400000, 0x0000000085400000| Untracked 
|  61|0x0000000085500000, 0x0000000085500000, 0x0000000085600000|  0%| F|  |TAMS 0x0000000085500000, 0x0000000085500000| Untracked 
|  62|0x0000000085600000, 0x0000000085600000, 0x0000000085700000|  0%| F|  |TAMS 0x0000000085600000, 0x0000000085600000| Untracked 
|  63|0x0000000085700000, 0x0000000085700000, 0x0000000085800000|  0%| F|  |TAMS 0x0000000085700000, 0x0000000085700000| Untracked 
|  64|0x0000000085800000, 0x0000000085800000, 0x0000000085900000|  0%| F|  |TAMS 0x0000000085800000, 0x0000000085800000| Untracked 
|  65|0x0000000085900000, 0x0000000085a00000, 0x0000000085a00000|100%| E|  |TAMS 0x0000000085900000, 0x0000000085900000| Complete 
|  66|0x0000000085a00000, 0x0000000085b00000, 0x0000000085b00000|100%| E|CS|TAMS 0x0000000085a00000, 0x0000000085a00000| Complete 
|  67|0x0000000085b00000, 0x0000000085c00000, 0x0000000085c00000|100%| E|CS|TAMS 0x0000000085b00000, 0x0000000085b00000| Complete 
|  68|0x0000000085c00000, 0x0000000085d00000, 0x0000000085d00000|100%| E|CS|TAMS 0x0000000085c00000, 0x0000000085c00000| Complete 
|  69|0x0000000085d00000, 0x0000000085e00000, 0x0000000085e00000|100%| E|CS|TAMS 0x0000000085d00000, 0x0000000085d00000| Complete 
|  70|0x0000000085e00000, 0x0000000085f00000, 0x0000000085f00000|100%| E|CS|TAMS 0x0000000085e00000, 0x0000000085e00000| Complete 
|  71|0x0000000085f00000, 0x0000000086000000, 0x0000000086000000|100%| E|CS|TAMS 0x0000000085f00000, 0x0000000085f00000| Complete 
|  72|0x0000000086000000, 0x0000000086100000, 0x0000000086100000|100%| E|CS|TAMS 0x0000000086000000, 0x0000000086000000| Complete 
|  73|0x0000000086100000, 0x0000000086200000, 0x0000000086200000|100%| E|CS|TAMS 0x0000000086100000, 0x0000000086100000| Complete 
|  74|0x0000000086200000, 0x0000000086300000, 0x0000000086300000|100%| E|CS|TAMS 0x0000000086200000, 0x0000000086200000| Complete 
|  75|0x0000000086300000, 0x0000000086400000, 0x0000000086400000|100%| E|CS|TAMS 0x0000000086300000, 0x0000000086300000| Complete 
|  76|0x0000000086400000, 0x00000000864a2e80, 0x0000000086500000| 63%| S|CS|TAMS 0x0000000086400000, 0x0000000086400000| Complete 
|  77|0x0000000086500000, 0x0000000086600000, 0x0000000086600000|100%| S|CS|TAMS 0x0000000086500000, 0x0000000086500000| Complete 
|  78|0x0000000086600000, 0x0000000086700000, 0x0000000086700000|100%| S|CS|TAMS 0x0000000086600000, 0x0000000086600000| Complete 
|  79|0x0000000086700000, 0x0000000086800000, 0x0000000086800000|100%| S|CS|TAMS 0x0000000086700000, 0x0000000086700000| Complete 
|  80|0x0000000086800000, 0x0000000086900000, 0x0000000086900000|100%| S|CS|TAMS 0x0000000086800000, 0x0000000086800000| Complete 
|  81|0x0000000086900000, 0x0000000086a00000, 0x0000000086a00000|100%| S|CS|TAMS 0x0000000086900000, 0x0000000086900000| Complete 
|  82|0x0000000086a00000, 0x0000000086b00000, 0x0000000086b00000|100%| S|CS|TAMS 0x0000000086a00000, 0x0000000086a00000| Complete 
|  83|0x0000000086b00000, 0x0000000086c00000, 0x0000000086c00000|100%| E|CS|TAMS 0x0000000086b00000, 0x0000000086b00000| Complete 
|  84|0x0000000086c00000, 0x0000000086d00000, 0x0000000086d00000|100%| E|CS|TAMS 0x0000000086c00000, 0x0000000086c00000| Complete 
|  85|0x0000000086d00000, 0x0000000086e00000, 0x0000000086e00000|100%| E|CS|TAMS 0x0000000086d00000, 0x0000000086d00000| Complete 
|  86|0x0000000086e00000, 0x0000000086f00000, 0x0000000086f00000|100%| E|CS|TAMS 0x0000000086e00000, 0x0000000086e00000| Complete 
|  87|0x0000000086f00000, 0x0000000087000000, 0x0000000087000000|100%| E|CS|TAMS 0x0000000086f00000, 0x0000000086f00000| Complete 
|  88|0x0000000087000000, 0x0000000087100000, 0x0000000087100000|100%| E|CS|TAMS 0x0000000087000000, 0x0000000087000000| Complete 
|  89|0x0000000087100000, 0x0000000087200000, 0x0000000087200000|100%| E|CS|TAMS 0x0000000087100000, 0x0000000087100000| Complete 
|  90|0x0000000087200000, 0x0000000087300000, 0x0000000087300000|100%| E|CS|TAMS 0x0000000087200000, 0x0000000087200000| Complete 
|  91|0x0000000087300000, 0x0000000087400000, 0x0000000087400000|100%| E|CS|TAMS 0x0000000087300000, 0x0000000087300000| Complete 
|  92|0x0000000087400000, 0x0000000087500000, 0x0000000087500000|100%| E|CS|TAMS 0x0000000087400000, 0x0000000087400000| Complete 
|  93|0x0000000087500000, 0x0000000087600000, 0x0000000087600000|100%| E|CS|TAMS 0x0000000087500000, 0x0000000087500000| Complete 
|  94|0x0000000087600000, 0x0000000087700000, 0x0000000087700000|100%| E|CS|TAMS 0x0000000087600000, 0x0000000087600000| Complete 
|  95|0x0000000087700000, 0x0000000087800000, 0x0000000087800000|100%| E|CS|TAMS 0x0000000087700000, 0x0000000087700000| Complete 
|  96|0x0000000087800000, 0x0000000087900000, 0x0000000087900000|100%| E|CS|TAMS 0x0000000087800000, 0x0000000087800000| Complete 
|  97|0x0000000087900000, 0x0000000087a00000, 0x0000000087a00000|100%| E|CS|TAMS 0x0000000087900000, 0x0000000087900000| Complete 
|  98|0x0000000087a00000, 0x0000000087b00000, 0x0000000087b00000|100%| E|CS|TAMS 0x0000000087a00000, 0x0000000087a00000| Complete 
|  99|0x0000000087b00000, 0x0000000087c00000, 0x0000000087c00000|100%| E|CS|TAMS 0x0000000087b00000, 0x0000000087b00000| Complete 
| 100|0x0000000087c00000, 0x0000000087d00000, 0x0000000087d00000|100%| E|CS|TAMS 0x0000000087c00000, 0x0000000087c00000| Complete 
| 101|0x0000000087d00000, 0x0000000087e00000, 0x0000000087e00000|100%| E|CS|TAMS 0x0000000087d00000, 0x0000000087d00000| Complete 
| 102|0x0000000087e00000, 0x0000000087f00000, 0x0000000087f00000|100%| E|CS|TAMS 0x0000000087e00000, 0x0000000087e00000| Complete 
| 103|0x0000000087f00000, 0x0000000088000000, 0x0000000088000000|100%| E|CS|TAMS 0x0000000087f00000, 0x0000000087f00000| Complete 
| 104|0x0000000088000000, 0x0000000088100000, 0x0000000088100000|100%| E|CS|TAMS 0x0000000088000000, 0x0000000088000000| Complete 
| 105|0x0000000088100000, 0x0000000088200000, 0x0000000088200000|100%| E|CS|TAMS 0x0000000088100000, 0x0000000088100000| Complete 
| 106|0x0000000088200000, 0x0000000088300000, 0x0000000088300000|100%| E|CS|TAMS 0x0000000088200000, 0x0000000088200000| Complete 
| 107|0x0000000088300000, 0x0000000088400000, 0x0000000088400000|100%| E|CS|TAMS 0x0000000088300000, 0x0000000088300000| Complete 
| 108|0x0000000088400000, 0x0000000088500000, 0x0000000088500000|100%| E|CS|TAMS 0x0000000088400000, 0x0000000088400000| Complete 
| 109|0x0000000088500000, 0x0000000088600000, 0x0000000088600000|100%| E|CS|TAMS 0x0000000088500000, 0x0000000088500000| Complete 
| 110|0x0000000088600000, 0x0000000088700000, 0x0000000088700000|100%| E|CS|TAMS 0x0000000088600000, 0x0000000088600000| Complete 
| 111|0x0000000088700000, 0x0000000088800000, 0x0000000088800000|100%| E|CS|TAMS 0x0000000088700000, 0x0000000088700000| Complete 
| 112|0x0000000088800000, 0x0000000088900000, 0x0000000088900000|100%| E|CS|TAMS 0x0000000088800000, 0x0000000088800000| Complete 
| 113|0x0000000088900000, 0x0000000088a00000, 0x0000000088a00000|100%| E|CS|TAMS 0x0000000088900000, 0x0000000088900000| Complete 
| 114|0x0000000088a00000, 0x0000000088b00000, 0x0000000088b00000|100%| E|CS|TAMS 0x0000000088a00000, 0x0000000088a00000| Complete 
| 115|0x0000000088b00000, 0x0000000088c00000, 0x0000000088c00000|100%| E|CS|TAMS 0x0000000088b00000, 0x0000000088b00000| Complete 
| 116|0x0000000088c00000, 0x0000000088d00000, 0x0000000088d00000|100%| E|CS|TAMS 0x0000000088c00000, 0x0000000088c00000| Complete 
| 117|0x0000000088d00000, 0x0000000088e00000, 0x0000000088e00000|100%| E|CS|TAMS 0x0000000088d00000, 0x0000000088d00000| Complete 
| 118|0x0000000088e00000, 0x0000000088f00000, 0x0000000088f00000|100%| E|CS|TAMS 0x0000000088e00000, 0x0000000088e00000| Complete 
| 119|0x0000000088f00000, 0x0000000089000000, 0x0000000089000000|100%| E|CS|TAMS 0x0000000088f00000, 0x0000000088f00000| Complete 
| 120|0x0000000089000000, 0x0000000089100000, 0x0000000089100000|100%| E|CS|TAMS 0x0000000089000000, 0x0000000089000000| Complete 
| 121|0x0000000089100000, 0x0000000089200000, 0x0000000089200000|100%| E|CS|TAMS 0x0000000089100000, 0x0000000089100000| Complete 
| 122|0x0000000089200000, 0x0000000089300000, 0x0000000089300000|100%| E|CS|TAMS 0x0000000089200000, 0x0000000089200000| Complete 
| 123|0x0000000089300000, 0x0000000089400000, 0x0000000089400000|100%| E|CS|TAMS 0x0000000089300000, 0x0000000089300000| Complete 
| 124|0x0000000089400000, 0x0000000089500000, 0x0000000089500000|100%| E|CS|TAMS 0x0000000089400000, 0x0000000089400000| Complete 
| 125|0x0000000089500000, 0x0000000089600000, 0x0000000089600000|100%| E|CS|TAMS 0x0000000089500000, 0x0000000089500000| Complete 
| 126|0x0000000089600000, 0x0000000089700000, 0x0000000089700000|100%| E|CS|TAMS 0x0000000089600000, 0x0000000089600000| Complete 
| 127|0x0000000089700000, 0x0000000089800000, 0x0000000089800000|100%| E|CS|TAMS 0x0000000089700000, 0x0000000089700000| Complete 
| 128|0x0000000089800000, 0x0000000089900000, 0x0000000089900000|100%| E|CS|TAMS 0x0000000089800000, 0x0000000089800000| Complete 
| 129|0x0000000089900000, 0x0000000089a00000, 0x0000000089a00000|100%| E|CS|TAMS 0x0000000089900000, 0x0000000089900000| Complete 
| 130|0x0000000089a00000, 0x0000000089b00000, 0x0000000089b00000|100%| E|CS|TAMS 0x0000000089a00000, 0x0000000089a00000| Complete 
| 131|0x0000000089b00000, 0x0000000089c00000, 0x0000000089c00000|100%| E|CS|TAMS 0x0000000089b00000, 0x0000000089b00000| Complete 
| 132|0x0000000089c00000, 0x0000000089d00000, 0x0000000089d00000|100%| E|CS|TAMS 0x0000000089c00000, 0x0000000089c00000| Complete 
| 133|0x0000000089d00000, 0x0000000089e00000, 0x0000000089e00000|100%| E|CS|TAMS 0x0000000089d00000, 0x0000000089d00000| Complete 
| 134|0x0000000089e00000, 0x0000000089f00000, 0x0000000089f00000|100%| E|CS|TAMS 0x0000000089e00000, 0x0000000089e00000| Complete 
| 135|0x0000000089f00000, 0x000000008a000000, 0x000000008a000000|100%| E|CS|TAMS 0x0000000089f00000, 0x0000000089f00000| Complete 
| 136|0x000000008a000000, 0x000000008a100000, 0x000000008a100000|100%| E|CS|TAMS 0x000000008a000000, 0x000000008a000000| Complete 
| 137|0x000000008a100000, 0x000000008a200000, 0x000000008a200000|100%| E|CS|TAMS 0x000000008a100000, 0x000000008a100000| Complete 
| 138|0x000000008a200000, 0x000000008a300000, 0x000000008a300000|100%| E|CS|TAMS 0x000000008a200000, 0x000000008a200000| Complete 
| 139|0x000000008a300000, 0x000000008a400000, 0x000000008a400000|100%| E|CS|TAMS 0x000000008a300000, 0x000000008a300000| Complete 
| 140|0x000000008a400000, 0x000000008a500000, 0x000000008a500000|100%| E|CS|TAMS 0x000000008a400000, 0x000000008a400000| Complete 
| 141|0x000000008a500000, 0x000000008a600000, 0x000000008a600000|100%| E|CS|TAMS 0x000000008a500000, 0x000000008a500000| Complete 
| 142|0x000000008a600000, 0x000000008a700000, 0x000000008a700000|100%| E|CS|TAMS 0x000000008a600000, 0x000000008a600000| Complete 
| 143|0x000000008a700000, 0x000000008a800000, 0x000000008a800000|100%| E|CS|TAMS 0x000000008a700000, 0x000000008a700000| Complete 
| 144|0x000000008a800000, 0x000000008a900000, 0x000000008a900000|100%| E|CS|TAMS 0x000000008a800000, 0x000000008a800000| Complete 
| 145|0x000000008a900000, 0x000000008aa00000, 0x000000008aa00000|100%| E|CS|TAMS 0x000000008a900000, 0x000000008a900000| Complete 
| 146|0x000000008aa00000, 0x000000008ab00000, 0x000000008ab00000|100%| E|CS|TAMS 0x000000008aa00000, 0x000000008aa00000| Complete 
| 147|0x000000008ab00000, 0x000000008ac00000, 0x000000008ac00000|100%| E|CS|TAMS 0x000000008ab00000, 0x000000008ab00000| Complete 
| 148|0x000000008ac00000, 0x000000008ad00000, 0x000000008ad00000|100%| E|CS|TAMS 0x000000008ac00000, 0x000000008ac00000| Complete 
| 149|0x000000008ad00000, 0x000000008ae00000, 0x000000008ae00000|100%| E|CS|TAMS 0x000000008ad00000, 0x000000008ad00000| Complete 
| 150|0x000000008ae00000, 0x000000008af00000, 0x000000008af00000|100%| E|CS|TAMS 0x000000008ae00000, 0x000000008ae00000| Complete 
| 151|0x000000008af00000, 0x000000008b000000, 0x000000008b000000|100%| E|CS|TAMS 0x000000008af00000, 0x000000008af00000| Complete 
| 152|0x000000008b000000, 0x000000008b100000, 0x000000008b100000|100%| E|CS|TAMS 0x000000008b000000, 0x000000008b000000| Complete 
| 153|0x000000008b100000, 0x000000008b200000, 0x000000008b200000|100%| E|CS|TAMS 0x000000008b100000, 0x000000008b100000| Complete 

Card table byte_map: [0x00000244afb20000,0x00000244aff20000] _byte_map_base: 0x00000244af714000

Marking Bits (Prev, Next): (CMBitMap*) 0x000002449664fd98, (CMBitMap*) 0x000002449664fdd0
 Prev Bits: [0x00000244b0320000, 0x00000244b22c0000)
 Next Bits: [0x00000244b22c0000, 0x00000244b4260000)

Polling page: 0x0000024496470000

Metaspace:

Usage:
  Non-class:     36.20 MB capacity,    35.57 MB ( 98%) used,   522.63 KB (  1%) free+waste,   122.31 KB ( <1%) overhead. 
      Class:      5.29 MB capacity,     4.86 MB ( 92%) used,   377.99 KB (  7%) free+waste,    57.88 KB (  1%) overhead. 
       Both:     41.49 MB capacity,    40.43 MB ( 97%) used,   900.62 KB (  2%) free+waste,   180.19 KB ( <1%) overhead. 

Virtual space:
  Non-class space:       38.00 MB reserved,      36.25 MB ( 95%) committed 
      Class space:        1.00 GB reserved,       5.38 MB ( <1%) committed 
             Both:        1.04 GB reserved,      41.63 MB (  4%) committed 

Chunk freelists:
   Non-Class:  6.38 KB
       Class:  3.38 KB
        Both:  9.75 KB

CodeHeap 'non-profiled nmethods': size=120064Kb used=2138Kb max_used=2138Kb free=117925Kb
 bounds [0x00000244a7bc0000, 0x00000244a7e30000, 0x00000244af100000]
CodeHeap 'profiled nmethods': size=120000Kb used=9805Kb max_used=9805Kb free=110194Kb
 bounds [0x00000244a0690000, 0x00000244a1030000, 0x00000244a7bc0000]
CodeHeap 'non-nmethods': size=5696Kb used=1164Kb max_used=1193Kb free=4531Kb
 bounds [0x00000244a0100000, 0x00000244a0370000, 0x00000244a0690000]
 total_blobs=5605 nmethods=3918 adapters=412
 compilation: enabled
              stopped_count=0, restarted_count=0
 full_count=0

Compilation events (10 events):
Event: 12.247 Thread 0x00000244b68ea000 4088       3       org.springframework.asm.ClassReader::<init> (8 bytes)
Event: 12.247 Thread 0x00000244b68ea000 nmethod 4088 0x00000244a101fa10 code [0x00000244a101fbc0, 0x00000244a101fd50]
Event: 12.247 Thread 0x00000244b68ea000 4086       3       org.springframework.cglib.core.EmitUtils$12::processCase (37 bytes)
Event: 12.247 Thread 0x00000244b68ea000 nmethod 4086 0x00000244a101fe10 code [0x00000244a1020000, 0x00000244a10203e0]
Event: 12.265 Thread 0x00000244b68ea000 4090       3       java.nio.charset.CoderResult::isOverflow (14 bytes)
Event: 12.265 Thread 0x00000244b68ea000 nmethod 4090 0x00000244a1020510 code [0x00000244a10206c0, 0x00000244a1020878]
Event: 12.266 Thread 0x00000244b68ea000 4091       3       java.util.Properties$LineReader::readLine (585 bytes)
Event: 12.269 Thread 0x00000244b68ea000 nmethod 4091 0x00000244a1020910 code [0x00000244a1020c40, 0x00000244a1022970]
Event: 12.285 Thread 0x00000244b71e1000 nmethod 4066 0x00000244a7dd0690 code [0x00000244a7dd0920, 0x00000244a7dd2b50]
Event: 12.285 Thread 0x00000244b71e1000 4089       4       sun.nio.cs.UTF_8$Decoder::decodeArrayLoop (691 bytes)

GC Heap History (10 events):
Event: 2.934 GC heap before
{Heap before GC invocations=2 (full 0):
 garbage-first heap   total 131072K, used 32175K [0x0000000081800000, 0x0000000100000000)
  region size 1024K, 26 young (26624K), 1 survivors (1024K)
 Metaspace       used 15934K, capacity 16190K, committed 16384K, reserved 1064960K
  class space    used 1632K, capacity 1710K, committed 1792K, reserved 1048576K
}
Event: 2.940 GC heap after
{Heap after GC invocations=3 (full 0):
 garbage-first heap   total 131072K, used 8626K [0x0000000081800000, 0x0000000100000000)
  region size 1024K, 2 young (2048K), 2 survivors (2048K)
 Metaspace       used 15934K, capacity 16190K, committed 16384K, reserved 1064960K
  class space    used 1632K, capacity 1710K, committed 1792K, reserved 1048576K
}
Event: 4.107 GC heap before
{Heap before GC invocations=3 (full 0):
 garbage-first heap   total 131072K, used 38322K [0x0000000081800000, 0x0000000100000000)
  region size 1024K, 33 young (33792K), 2 survivors (2048K)
 Metaspace       used 20763K, capacity 21100K, committed 21248K, reserved 1069056K
  class space    used 2362K, capacity 2470K, committed 2560K, reserved 1048576K
}
Event: 4.117 GC heap after
{Heap after GC invocations=4 (full 0):
 garbage-first heap   total 131072K, used 9770K [0x0000000081800000, 0x0000000100000000)
  region size 1024K, 3 young (3072K), 3 survivors (3072K)
 Metaspace       used 20763K, capacity 21100K, committed 21248K, reserved 1069056K
  class space    used 2362K, capacity 2470K, committed 2560K, reserved 1048576K
}
Event: 5.499 GC heap before
{Heap before GC invocations=5 (full 0):
 garbage-first heap   total 131072K, used 57898K [0x0000000081800000, 0x0000000100000000)
  region size 1024K, 50 young (51200K), 3 survivors (3072K)
 Metaspace       used 27376K, capacity 27914K, committed 28032K, reserved 1073152K
  class space    used 3241K, capacity 3451K, committed 3456K, reserved 1048576K
}
Event: 5.509 GC heap after
{Heap after GC invocations=6 (full 0):
 garbage-first heap   total 131072K, used 11349K [0x0000000081800000, 0x0000000100000000)
  region size 1024K, 5 young (5120K), 5 survivors (5120K)
 Metaspace       used 27376K, capacity 27914K, committed 28032K, reserved 1073152K
  class space    used 3241K, capacity 3451K, committed 3456K, reserved 1048576K
}
Event: 6.588 GC heap before
{Heap before GC invocations=6 (full 0):
 garbage-first heap   total 131072K, used 70741K [0x0000000081800000, 0x0000000100000000)
  region size 1024K, 64 young (65536K), 5 survivors (5120K)
 Metaspace       used 31362K, capacity 31980K, committed 32128K, reserved 1077248K
  class space    used 3730K, capacity 3968K, committed 3968K, reserved 1048576K
}
Event: 6.601 GC heap after
{Heap after GC invocations=7 (full 0):
 garbage-first heap   total 131072K, used 13199K [0x0000000081800000, 0x0000000100000000)
  region size 1024K, 6 young (6144K), 6 survivors (6144K)
 Metaspace       used 31362K, capacity 31980K, committed 32128K, reserved 1077248K
  class space    used 3730K, capacity 3968K, committed 3968K, reserved 1048576K
}
Event: 7.993 GC heap before
{Heap before GC invocations=7 (full 0):
 garbage-first heap   total 131072K, used 57231K [0x0000000081800000, 0x0000000100000000)
  region size 1024K, 51 young (52224K), 6 survivors (6144K)
 Metaspace       used 34923K, capacity 35683K, committed 35840K, reserved 1081344K
  class space    used 4188K, capacity 4505K, committed 4608K, reserved 1048576K
}
Event: 8.019 GC heap after
{Heap after GC invocations=8 (full 0):
 garbage-first heap   total 157696K, used 15258K [0x0000000081800000, 0x0000000100000000)
  region size 1024K, 7 young (7168K), 7 survivors (7168K)
 Metaspace       used 34923K, capacity 35683K, committed 35840K, reserved 1081344K
  class space    used 4188K, capacity 4505K, committed 4608K, reserved 1048576K
}

Deoptimization events (10 events):
Event: 11.229 Thread 0x0000024496610000 Uncommon trap: reason=unstable_if action=reinterpret pc=0x00000244a7c77888 method=java.io.WinNTFileSystem.isLetter(C)Z @ 3 c2
Event: 11.229 Thread 0x0000024496610000 Uncommon trap: reason=unstable_if action=reinterpret pc=0x00000244a7c921a0 method=java.io.WinNTFileSystem.isLetter(C)Z @ 3 c2
Event: 11.243 Thread 0x0000024496610000 Uncommon trap: reason=unstable_if action=reinterpret pc=0x00000244a7c84df0 method=java.io.WinNTFileSystem.resolve(Ljava/lang/String;Ljava/lang/String;)Ljava/lang/String; @ 156 c2
Event: 11.363 Thread 0x0000024496610000 Uncommon trap: reason=speculate_class_check action=maybe_recompile pc=0x00000244a7d85f3c method=java.lang.reflect.Executable.declaredAnnotations()Ljava/util/Map; @ 23 c2
Event: 11.364 Thread 0x0000024496610000 Uncommon trap: reason=speculate_class_check action=maybe_recompile pc=0x00000244a7d85f3c method=java.lang.reflect.Executable.declaredAnnotations()Ljava/util/Map; @ 23 c2
Event: 11.449 Thread 0x0000024496610000 Uncommon trap: reason=unstable_if action=reinterpret pc=0x00000244a7d92688 method=org.springframework.boot.context.properties.source.ConfigurationPropertyName$ElementsParser.parse(Ljava/util/function/Function;)Lorg/springframework/boot/context/properties/
Event: 11.449 Thread 0x0000024496610000 Uncommon trap: reason=unstable_if action=reinterpret pc=0x00000244a7c79318 method=org.springframework.boot.context.properties.source.ConfigurationPropertyName$ElementsParser.updateType(Lorg/springframework/boot/context/properties/source/ConfigurationPrope
Event: 11.860 Thread 0x0000024496610000 Uncommon trap: reason=unstable_if action=reinterpret pc=0x00000244a7da61bc method=java.util.Properties.loadConvert([CII[C)Ljava/lang/String; @ 57 c2
Event: 12.265 Thread 0x0000024496610000 Uncommon trap: reason=unstable_if action=reinterpret pc=0x00000244a7cc6a24 method=java.util.Properties$LineReader.readLine()I @ 574 c2
Event: 12.266 Thread 0x0000024496610000 Uncommon trap: reason=unstable_if action=reinterpret pc=0x00000244a7be8fbc method=java.util.Properties$LineReader.readLine()I @ 369 c2

Classes redefined (0 events):
No events

Internal exceptions (10 events):
Event: 12.233 Thread 0x0000024496610000 Exception <a 'java/lang/ClassNotFoundException'{0x0000000085a04460}: org/springframework/boot/autoconfigure/web/servlet/error/ErrorMvcAutoConfiguration$$EnhancerBySpringCGLIB$$a7a0e325Customizer> (0x0000000085a04460) thrown at [t:/workspace/open/src/hotsp
Event: 12.235 Thread 0x0000024496610000 Exception <a 'java/lang/ClassNotFoundException'{0x0000000085a21a00}: org/springframework/context/annotation/ConfigurationClassEnhancer$EnhancedConfigurationCustomizer> (0x0000000085a21a00) thrown at [t:/workspace/open/src/hotspot/share/classfile/systemDic
Event: 12.237 Thread 0x0000024496610000 Exception <a 'java/lang/ClassNotFoundException'{0x0000000085a32fd8}: org/springframework/beans/factory/BeanFactoryAwareCustomizer> (0x0000000085a32fd8) thrown at [t:/workspace/open/src/hotspot/share/classfile/systemDictionary.cpp, line 231]
Event: 12.239 Thread 0x0000024496610000 Exception <a 'java/lang/ClassNotFoundException'{0x0000000085a43c38}: org/springframework/beans/factory/AwareCustomizer> (0x0000000085a43c38) thrown at [t:/workspace/open/src/hotspot/share/classfile/systemDictionary.cpp, line 231]
Event: 12.248 Thread 0x0000024496610000 Exception <a 'java/lang/ClassNotFoundException'{0x0000000085ab1138}: java/lang/ObjectCustomizer> (0x0000000085ab1138) thrown at [t:/workspace/open/src/hotspot/share/classfile/systemDictionary.cpp, line 231]
Event: 12.250 Thread 0x0000024496610000 Exception <a 'java/lang/ClassNotFoundException'{0x0000000085acbc98}: org/springframework/boot/autoconfigure/web/servlet/error/ErrorMvcAutoConfiguration$ErrorPageCustomizerCustomizer> (0x0000000085acbc98) thrown at [t:/workspace/open/src/hotspot/share/clas
Event: 12.252 Thread 0x0000024496610000 Exception <a 'java/lang/ClassNotFoundException'{0x0000000085ae19b0}: org/springframework/boot/web/server/ErrorPageRegistrarCustomizer> (0x0000000085ae19b0) thrown at [t:/workspace/open/src/hotspot/share/classfile/systemDictionary.cpp, line 231]
Event: 12.253 Thread 0x0000024496610000 Exception <a 'java/lang/ClassNotFoundException'{0x0000000085af1290}: org/springframework/core/OrderedCustomizer> (0x0000000085af1290) thrown at [t:/workspace/open/src/hotspot/share/classfile/systemDictionary.cpp, line 231]
Event: 12.289 Thread 0x0000024496610000 Exception <a 'java/lang/NoSuchMethodError'{0x00000000859d26f0}: java.lang.invoke.DirectMethodHandle$Holder.invokeStatic(Ljava/lang/Object;IIII)Ljava/lang/Object;> (0x00000000859d26f0) thrown at [t:/workspace/open/src/hotspot/share/interpreter/linkResolver
Event: 12.289 Thread 0x0000024496610000 Exception <a 'java/lang/NoSuchMethodError'{0x00000000859d5ab0}: java.lang.invoke.DirectMethodHandle$Holder.invokeStaticInit(Ljava/lang/Object;IIII)Ljava/lang/Object;> (0x00000000859d5ab0) thrown at [t:/workspace/open/src/hotspot/share/interpreter/linkReso

Events (10 events):
Event: 12.289 loading class sun/security/provider/HashDrbg done
Event: 12.289 loading class sun/security/provider/EntropySource
Event: 12.290 loading class sun/security/provider/EntropySource done
Event: 12.290 loading class sun/security/jca/GetInstance$Instance
Event: 12.290 loading class sun/security/jca/GetInstance$Instance done
Event: 12.290 loading class java/security/DrbgParameters$NextBytes
Event: 12.290 loading class java/security/DrbgParameters$NextBytes done
Event: 12.290 loading class sun/security/provider/AbstractDrbg$SeederHolder
Event: 12.290 loading class sun/security/provider/AbstractDrbg$SeederHolder done
Event: 12.290 loading class sun/security/provider/SeedGenerator


Dynamic libraries:
0x00007ff67ad10000 - 0x00007ff67ad57000 	C:\Program Files\Java\jdk-11.0.1\bin\java.exe
0x00007ff9077f0000 - 0x00007ff9079d1000 	C:\WINDOWS\SYSTEM32\ntdll.dll
0x00007ff904cb0000 - 0x00007ff904d61000 	C:\WINDOWS\System32\KERNEL32.DLL
0x00007ff904800000 - 0x00007ff904a73000 	C:\WINDOWS\System32\KERNELBASE.dll
0x00007ff905940000 - 0x00007ff9059e1000 	C:\WINDOWS\System32\ADVAPI32.dll
0x00007ff905b80000 - 0x00007ff905c1e000 	C:\WINDOWS\System32\msvcrt.dll
0x00007ff905230000 - 0x00007ff90528b000 	C:\WINDOWS\System32\sechost.dll
0x00007ff9052f0000 - 0x00007ff905414000 	C:\WINDOWS\System32\RPCRT4.dll
0x00007ff9059f0000 - 0x00007ff905b80000 	C:\WINDOWS\System32\USER32.dll
0x00007ff904380000 - 0x00007ff9043a0000 	C:\WINDOWS\System32\win32u.dll
0x00007ff9054c0000 - 0x00007ff9054e8000 	C:\WINDOWS\System32\GDI32.dll
0x00007ff904ae0000 - 0x00007ff904c72000 	C:\WINDOWS\System32\gdi32full.dll
0x00007ff904520000 - 0x00007ff9045bf000 	C:\WINDOWS\System32\msvcp_win.dll
0x00007ff904420000 - 0x00007ff904518000 	C:\WINDOWS\System32\ucrtbase.dll
0x00007ff8f5ce0000 - 0x00007ff8f5f49000 	C:\WINDOWS\WinSxS\amd64_microsoft.windows.common-controls_6595b64144ccf1df_6.0.17134.765_none_fb42a1a930655896\COMCTL32.dll
0x00007ff907490000 - 0x00007ff9077b2000 	C:\WINDOWS\System32\combase.dll
0x00007ff9043a0000 - 0x00007ff90441a000 	C:\WINDOWS\System32\bcryptPrimitives.dll
0x00007ff8fa4e0000 - 0x00007ff8fa4ea000 	C:\WINDOWS\SYSTEM32\VERSION.dll
0x00007ff904c80000 - 0x00007ff904cad000 	C:\WINDOWS\System32\IMM32.DLL
0x00007ff8f4fd0000 - 0x00007ff8f4fe6000 	C:\Program Files\Java\jdk-11.0.1\bin\vcruntime140.dll
0x00007ff8f4f20000 - 0x00007ff8f4fca000 	C:\Program Files\Java\jdk-11.0.1\bin\msvcp140.dll
0x00007ff8d1730000 - 0x00007ff8d2272000 	C:\Program Files\Java\jdk-11.0.1\bin\server\jvm.dll
0x00007ff907360000 - 0x00007ff907368000 	C:\WINDOWS\System32\PSAPI.DLL
0x00007ff902760000 - 0x00007ff902769000 	C:\WINDOWS\SYSTEM32\WSOCK32.dll
0x00007ff9054f0000 - 0x00007ff90555c000 	C:\WINDOWS\System32\WS2_32.dll
0x00007ff8f9340000 - 0x00007ff8f9363000 	C:\WINDOWS\SYSTEM32\WINMM.dll
0x00007ff8f8be0000 - 0x00007ff8f8c0a000 	C:\WINDOWS\SYSTEM32\WINMMBASE.dll
0x00007ff9047b0000 - 0x00007ff9047f9000 	C:\WINDOWS\System32\cfgmgr32.dll
0x00007ff903b40000 - 0x00007ff903b51000 	C:\WINDOWS\System32\kernel.appcore.dll
0x00007ff8f4f00000 - 0x00007ff8f4f11000 	C:\Program Files\Java\jdk-11.0.1\bin\verify.dll
0x00007ff902540000 - 0x00007ff902709000 	C:\WINDOWS\SYSTEM32\DBGHELP.DLL
0x00007ff8fe090000 - 0x00007ff8fe0b9000 	C:\WINDOWS\SYSTEM32\dbgcore.DLL
0x00007ff8f4ed0000 - 0x00007ff8f4ef9000 	C:\Program Files\Java\jdk-11.0.1\bin\java.dll
0x00007ff8fdc80000 - 0x00007ff8fdcaf000 	C:\Program Files\Java\jdk-11.0.1\bin\instrument.dll
0x00007ff8f4df0000 - 0x00007ff8f4e06000 	C:\Program Files\Java\jdk-11.0.1\bin\zip.dll
0x00007ff8fd660000 - 0x00007ff8fd66a000 	C:\Program Files\Java\jdk-11.0.1\bin\jimage.dll
0x00007ff905c20000 - 0x00007ff907060000 	C:\WINDOWS\System32\SHELL32.dll
0x00007ff907370000 - 0x00007ff907419000 	C:\WINDOWS\System32\shcore.dll
0x00007ff903c70000 - 0x00007ff90437d000 	C:\WINDOWS\System32\windows.storage.dll
0x00007ff904d80000 - 0x00007ff904dd1000 	C:\WINDOWS\System32\shlwapi.dll
0x00007ff903b00000 - 0x00007ff903b1f000 	C:\WINDOWS\System32\profapi.dll
0x00007ff903b60000 - 0x00007ff903bac000 	C:\WINDOWS\System32\powrprof.dll
0x00007ff903bb0000 - 0x00007ff903bba000 	C:\WINDOWS\System32\FLTLIB.DLL
0x00007ff8f44f0000 - 0x00007ff8f4509000 	C:\Program Files\Java\jdk-11.0.1\bin\net.dll
0x00007ff8fbc90000 - 0x00007ff8fbd6d000 	C:\WINDOWS\SYSTEM32\WINHTTP.dll
0x00007ff903310000 - 0x00007ff903376000 	C:\WINDOWS\system32\mswsock.dll
0x00007ff8f44d0000 - 0x00007ff8f44e3000 	C:\Program Files\Java\jdk-11.0.1\bin\nio.dll
0x00007ff8fdc60000 - 0x00007ff8fdc7a000 	C:\Program Files\JetBrains\IntelliJ IDEA Community Edition 2018.3.3\bin\breakgen64.dll
0x00007ff8f7870000 - 0x00007ff8f7879000 	C:\Program Files\Java\jdk-11.0.1\bin\management.dll
0x00007ff8f4de0000 - 0x00007ff8f4dec000 	C:\Program Files\Java\jdk-11.0.1\bin\management_ext.dll
0x00007ff8f2ab0000 - 0x00007ff8f2ac6000 	C:\WINDOWS\system32\napinsp.dll
0x00007ff8f0620000 - 0x00007ff8f063a000 	C:\WINDOWS\system32\pnrpnsp.dll
0x00007ff8fe590000 - 0x00007ff8fe5a9000 	C:\WINDOWS\system32\NLAapi.dll
0x00007ff9030e0000 - 0x00007ff90319e000 	C:\WINDOWS\SYSTEM32\DNSAPI.dll
0x00007ff907420000 - 0x00007ff907428000 	C:\WINDOWS\System32\NSI.dll
0x00007ff9030a0000 - 0x00007ff9030d8000 	C:\WINDOWS\SYSTEM32\IPHLPAPI.DLL
0x00007ff8f0610000 - 0x00007ff8f061e000 	C:\WINDOWS\System32\winrnr.dll
0x00007ff8fdbe0000 - 0x00007ff8fdbf5000 	C:\WINDOWS\System32\wshbth.dll
0x00007ff8fb4e0000 - 0x00007ff8fb4ea000 	C:\Windows\System32\rasadhlp.dll
0x00007ff8fbbc0000 - 0x00007ff8fbc32000 	C:\WINDOWS\System32\fwpuclnt.dll
0x00007ff903660000 - 0x00007ff903685000 	C:\WINDOWS\SYSTEM32\bcrypt.dll
0x00007ff903520000 - 0x00007ff903537000 	C:\WINDOWS\SYSTEM32\CRYPTSP.dll
0x00007ff902f00000 - 0x00007ff902f33000 	C:\WINDOWS\system32\rsaenh.dll
0x00007ff903a30000 - 0x00007ff903a58000 	C:\WINDOWS\SYSTEM32\USERENV.dll
0x00007ff903580000 - 0x00007ff90358b000 	C:\WINDOWS\SYSTEM32\CRYPTBASE.dll
0x00007ff8fcd20000 - 0x00007ff8fcd36000 	C:\WINDOWS\SYSTEM32\dhcpcsvc6.DLL
0x00007ff8fd4f0000 - 0x00007ff8fd50a000 	C:\WINDOWS\SYSTEM32\dhcpcsvc.DLL

dbghelp: loaded successfully - version: 4.0.5 - missing functions: none
symbol engine: initialized successfully - sym options: 0x614 - pdb path: .;C:\Program Files\Java\jdk-11.0.1\bin;C:\WINDOWS\SYSTEM32;C:\WINDOWS\WinSxS\amd64_microsoft.windows.common-controls_6595b64144ccf1df_6.0.17134.765_none_fb42a1a930655896;C:\Program Files\Java\jdk-11.0.1\bin\server;C:\Program Files\JetBrains\IntelliJ IDEA Community Edition 2018.3.3\bin

VM Arguments:
jvm_args: -ea -Didea.test.cyclic.buffer.size=1048576 -javaagent:C:\Program Files\JetBrains\IntelliJ IDEA Community Edition 2018.3.3\lib\idea_rt.jar=61122:C:\Program Files\JetBrains\IntelliJ IDEA Community Edition 2018.3.3\bin -Dfile.encoding=UTF-8 
java_command: com.intellij.rt.execution.junit.JUnitStarter -ideVersion5 -junit4 programmers.web.TodoAcceptanceTest
java_class_path (initial): C:\Program Files\JetBrains\IntelliJ IDEA Community Edition 2018.3.3\lib\idea_rt.jar;C:\Program Files\JetBrains\IntelliJ IDEA Community Edition 2018.3.3\plugins\junit\lib\junit-rt.jar;C:\Program Files\JetBrains\IntelliJ IDEA Community Edition 2018.3.3\plugins\junit\lib\junit5-rt.jar;C:\Users\lollo\Desktop\프로그래머스_과제\Todo-List\out\test\classes;C:\Users\lollo\Desktop\프로그래머스_과제\Todo-List\out\production\classes;C:\Users\lollo\Desktop\프로그래머스_과제\Todo-List\out\production\resources;C:\Users\lollo\.gradle\caches\modules-2\files-2.1\org.springframework.boot\spring-boot-starter-data-jpa\2.1.4.RELEASE\d5b7a85a533cb631048a8fd161f508a9a1f69f44\spring-boot-starter-data-jpa-2.1.4.RELEASE.jar;C:\Users\lollo\.gradle\caches\modules-2\files-2.1\pl.allegro.tech.boot\handlebars-spring-boot-starter\0.3.1\fa5b845e7b5cede39f4bb1122dbe59fd68ad5954\handlebars-spring-boot-starter-0.3.1.jar;C:\Users\lollo\.gradle\caches\modules-2\files-2.1\org.springframework.boot\spring-boot-starter-web\2.1.4.RELEASE\a4659d55f57421a5ef122cb670b7b544ef8190e8\spring-boot-starter-web-2.1.4.RELEASE.jar;C:\Users\lollo\.gradle\caches\modules-2\files-2.1\org.hibernate\hibernate-java8\5.3.9.Final\b207639df50fc8976fc3e1af07b84306466d275a\hibernate-java8-5.3.9.Final.jar;C:\Users\lollo\.gradle\caches\modules-2\files-2.1\org.springframework.boot\spring-boot-starter-test\2.1.4.RELEASE\6d19808f14c6d867eef42ea48bf78c37da1d6275\spring-boot-starter-test-2.1.4.RELEASE.jar;C:\Users\lollo\.gradle\caches\modules-2\files-2.1\net.rakugakibox.spring.boot\logback-access-spring-boot-starter\2.7.1\b02459abbd1b01d03dd3cc6020fec2c1d238cab\logback-access-spring-boot-starter-2.7.1.jar;C:\Users\lollo\.gradle\caches\modules-2\files-2.1\org.springframework.boot\spring-boot-starter-aop\2.1.4.RELEASE\39fffcbea8207ca708b7891f3b70c37a33c2dca4\spring-boot-starter-aop-2.1.4.RELEASE.jar;C:\Users\lollo\.gradle\caches\modules-2\files-2.1\org.springframework.boot\spring-boot-starter-jdbc\2.1.4.RELEASE\1
Launcher Type: SUN_STANDARD

[Global flags]
     intx CICompilerCount                          = 3                                         {product} {ergonomic}
     uint ConcGCThreads                            = 1                                         {product} {ergonomic}
     uint G1ConcRefinementThreads                  = 4                                         {product} {ergonomic}
   size_t G1HeapRegionSize                         = 1048576                                   {product} {ergonomic}
    uintx GCDrainStackTargetSize                   = 64                                        {product} {ergonomic}
   size_t InitialHeapSize                          = 134217728                                 {product} {ergonomic}
   size_t MarkStackSize                            = 4194304                                   {product} {ergonomic}
   size_t MaxHeapSize                              = 2122317824                                {product} {ergonomic}
   size_t MaxNewSize                               = 1272971264                                {product} {ergonomic}
   size_t MinHeapDeltaBytes                        = 1048576                                   {product} {ergonomic}
    uintx NonNMethodCodeHeapSize                   = 5830092                                {pd product} {ergonomic}
    uintx NonProfiledCodeHeapSize                  = 122914074                              {pd product} {ergonomic}
    uintx ProfiledCodeHeapSize                     = 122914074                              {pd product} {ergonomic}
    uintx ReservedCodeCacheSize                    = 251658240                              {pd product} {ergonomic}
     bool SegmentedCodeCache                       = true                                      {product} {ergonomic}
     bool UseCompressedClassPointers               = true                                 {lp64_product} {ergonomic}
     bool UseCompressedOops                        = true                                 {lp64_product} {ergonomic}
     bool UseG1GC                                  = true                                      {product} {ergonomic}
     bool UseLargePagesIndividualAllocation        = false                                  {pd product} {ergonomic}

Logging:
Log output configuration:
 #0: stdout all=warning uptime,level,tags
 #1: stderr all=off uptime,level,tags

Environment Variables:
JAVA_HOME=C:\Program Files\Java\jdk-11.0.1
PATH=C:\WINDOWS\system32;C:\WINDOWS;C:\WINDOWS\System32\Wbem;C:\WINDOWS\System32\WindowsPowerShell\v1.0\;C:\WINDOWS\System32\OpenSSH\;C:\Program Files\Git\cmd;C:\Program Files (x86)\PuTTY\;C:\Program Files\MySQL\MySQL Server 8.0\bin;C:\Program Files\Java\jdk-11.0.1\bin;C:\Users\lollo\AppData\Local\Microsoft\WindowsApps;;C:\Users\lollo\AppData\Local\Programs\Microsoft VS Code\bin
USERNAME=TaeSu
OS=Windows_NT
PROCESSOR_IDENTIFIER=Intel64 Family 6 Model 61 Stepping 4, GenuineIntel



---------------  S Y S T E M  ---------------

OS: Windows 10 , 64 bit Build 17134 (10.0.17134.753)

CPU:total 4 (initial active 4) (2 cores per cpu, 2 threads per core) family 6 model 61 stepping 4, cmov, cx8, fxsr, mmx, sse, sse2, sse3, ssse3, sse4.1, sse4.2, popcnt, avx, avx2, aes, clmul, erms, 3dnowpref, lzcnt, ht, tsc, tscinvbit, bmi1, bmi2, adx, fma

Memory: 4k page, system-wide physical 8091M (1974M free)
TotalPageFile size 23188M (AvailPageFile size 5M)
current process WorkingSet (physical memory assigned to process): 225M, peak: 240M
current process commit charge ("private bytes"): 307M, peak: 324M

vm_info: Java HotSpot(TM) 64-Bit Server VM (11.0.1+13-LTS) for windows-amd64 JRE (11.0.1+13-LTS), built on Oct  6 2018 13:20:16 by "mach5one" with MS VC++ 15.5 (VS2017)

END.
