#
# There is insufficient memory for the Java Runtime Environment to continue.
# Native memory allocation (malloc) failed to allocate 702416 bytes for Chunk::new
# Possible reasons:
#   The system is out of physical RAM or swap space
#   The process is running with CompressedOops enabled, and the Java Heap may be blocking the growth of the native heap
# Possible solutions:
#   Reduce memory load on the system
#   Increase physical memory or swap space
#   Check if swap backing store is full
#   Decrease Java heap size (-Xmx/-Xms)
#   Decrease number of Java threads
#   Decrease Java thread stack sizes (-Xss)
#   Set larger code cache with -XX:ReservedCodeCacheSize=
#   JVM is running with Unscaled Compressed Oops mode in which the Java heap is
#     placed in the first 4GB address space. The Java Heap base address is the
#     maximum limit for the native heap growth. Please use -XX:HeapBaseMinAddress
#     to set the Java Heap base and to place the Java Heap above 4GB virtual address.
# This output file may be truncated or incomplete.
#
#  Out of Memory Error (t:/workspace/open/src/hotspot/share/memory/arena.cpp:197), pid=16036, tid=992
#
# JRE version: Java(TM) SE Runtime Environment (11.0.1+13) (build 11.0.1+13-LTS)
# Java VM: Java HotSpot(TM) 64-Bit Server VM (11.0.1+13-LTS, mixed mode, tiered, compressed oops, g1 gc, windows-amd64)
# No core dump will be written. Minidumps are not enabled by default on client versions of Windows
#

---------------  S U M M A R Y ------------

Command Line: -javaagent:C:\Program Files\JetBrains\IntelliJ IDEA Community Edition 2018.3.3\lib\idea_rt.jar=54779:C:\Program Files\JetBrains\IntelliJ IDEA Community Edition 2018.3.3\bin -Dfile.encoding=UTF-8 programmers.TodoListApplication

Host: Intel(R) Core(TM) i3-5010U CPU @ 2.10GHz, 4 cores, 7G,  Windows 10 , 64 bit Build 17134 (10.0.17134.706)
Time: Thu May 16 14:57:47 2019 ¢¥eCN©öI¡¾©ö C¡ÍA¨ª¨öA elapsed time: 8 seconds (0d 0h 0m 8s)

---------------  T H R E A D  ---------------

Current thread (0x0000021550bfc800):  JavaThread "C2 CompilerThread0" daemon [_thread_in_native, id=992, stack(0x0000002107700000,0x0000002107800000)]


Current CompileTask:
C2:   8809 3205       4       org.springframework.boot.autoconfigure.condition.BeanTypeRegistry$$Lambda$267/0x00000001003ab040::accept (12 bytes)

Stack: [0x0000002107700000,0x0000002107800000]
Native frames: (J=compiled Java code, j=interpreted, Vv=VM code, C=native code)
V  [jvm.dll+0x63c21a]
V  [jvm.dll+0x7797df]
V  [jvm.dll+0x77adca]
V  [jvm.dll+0x77b483]
V  [jvm.dll+0x2627f8]
V  [jvm.dll+0xc5c71]
V  [jvm.dll+0xc61fc]
V  [jvm.dll+0x36f8a7]
V  [jvm.dll+0x33c6d3]
V  [jvm.dll+0x33baaa]
V  [jvm.dll+0x21c7c5]
V  [jvm.dll+0x21b96a]
V  [jvm.dll+0x198390]
V  [jvm.dll+0x22a97f]
V  [jvm.dll+0x228f98]
V  [jvm.dll+0x73f03d]
V  [jvm.dll+0x63b2b2]
C  [ucrtbase.dll+0x1e3fe]
C  [KERNEL32.DLL+0x14034]
C  [ntdll.dll+0x73691]


---------------  P R O C E S S  ---------------

Threads class SMR info:
_java_thread_list=0x0000021553c46300, length=14, elements={
0x0000021531f89800, 0x00000215502e6800, 0x00000215502f2800, 0x0000021550bf7800,
0x0000021550bf8800, 0x0000021550bfc800, 0x0000021550bfd800, 0x0000021550c6b000,
0x0000021550d6d000, 0x0000021551050800, 0x0000021551051800, 0x0000021551ad1000,
0x00000215514d8000, 0x0000021551ed3000
}

Java Threads: ( => current thread )
  0x0000021531f89800 JavaThread "main" [_thread_blocked, id=16096, stack(0x0000002106c00000,0x0000002106d00000)]
  0x00000215502e6800 JavaThread "Reference Handler" daemon [_thread_blocked, id=3396, stack(0x0000002107300000,0x0000002107400000)]
  0x00000215502f2800 JavaThread "Finalizer" daemon [_thread_blocked, id=10496, stack(0x0000002107400000,0x0000002107500000)]
  0x0000021550bf7800 JavaThread "Signal Dispatcher" daemon [_thread_blocked, id=264, stack(0x0000002107500000,0x0000002107600000)]
  0x0000021550bf8800 JavaThread "Attach Listener" daemon [_thread_blocked, id=14600, stack(0x0000002107600000,0x0000002107700000)]
=>0x0000021550bfc800 JavaThread "C2 CompilerThread0" daemon [_thread_in_native, id=992, stack(0x0000002107700000,0x0000002107800000)]
  0x0000021550bfd800 JavaThread "C1 CompilerThread0" daemon [_thread_blocked, id=4688, stack(0x0000002107800000,0x0000002107900000)]
  0x0000021550c6b000 JavaThread "Sweeper thread" daemon [_thread_blocked, id=7684, stack(0x0000002107900000,0x0000002107a00000)]
  0x0000021550d6d000 JavaThread "Common-Cleaner" daemon [_thread_blocked, id=5648, stack(0x0000002107a00000,0x0000002107b00000)]
  0x0000021551050800 JavaThread "Monitor Ctrl-Break" daemon [_thread_in_native, id=8584, stack(0x0000002107b00000,0x0000002107c00000)]
  0x0000021551051800 JavaThread "Service Thread" daemon [_thread_blocked, id=2592, stack(0x0000002107c00000,0x0000002107d00000)]
  0x0000021551ad1000 JavaThread "Thread-0" [_thread_blocked, id=4540, stack(0x0000002108100000,0x0000002108200000)]
  0x00000215514d8000 JavaThread "restartedMain" [_thread_in_vm, id=13520, stack(0x0000002108200000,0x0000002108300000)]
  0x0000021551ed3000 JavaThread "C2 CompilerThread1" daemon [_thread_in_native, id=2980, stack(0x0000002108000000,0x0000002108100000)]

Other Threads:
  0x00000215502be000 VMThread "VM Thread" [stack: 0x0000002107200000,0x0000002107300000] [id=13484]
  0x0000021551054800 WatcherThread [stack: 0x0000002107d00000,0x0000002107e00000] [id=15884]
  0x0000021531f9f800 GCTaskThread "GC Thread#0" [stack: 0x0000002106d00000,0x0000002106e00000] [id=12640]
  0x000002155179e000 GCTaskThread "GC Thread#1" [stack: 0x0000002107e00000,0x0000002107f00000] [id=11956]
  0x000002155132a800 GCTaskThread "GC Thread#2" [stack: 0x0000002107f00000,0x0000002108000000] [id=7532]
  0x0000021551ab6800 GCTaskThread "GC Thread#3" [stack: 0x0000002108400000,0x0000002108500000] [id=15464]
  0x0000021531fcf800 ConcurrentGCThread "G1 Main Marker" [stack: 0x0000002106e00000,0x0000002106f00000] [id=2864]
  0x0000021531fd1800 ConcurrentGCThread "G1 Conc#0" [stack: 0x0000002106f00000,0x0000002107000000] [id=10968]
  0x0000021550126800 ConcurrentGCThread "G1 Refine#0" [stack: 0x0000002107000000,0x0000002107100000] [id=6504]
  0x0000021550127000 ConcurrentGCThread "G1 Young RemSet Sampling" [stack: 0x0000002107100000,0x0000002107200000] [id=13196]

Threads with active compile tasks:
C2 CompilerThread03205       4       org.springframework.boot.autoconfigure.condition.BeanTypeRegistry$$Lambda$267/0x00000001003ab040::accept (12 bytes)
C2 CompilerThread13223       4       org.springframework.beans.factory.support.AbstractBeanFactory::getMergedBeanDefinition (44 bytes)

VM state:not at safepoint (normal execution)

VM Mutex/Monitor currently owned by a thread: None

Heap address: 0x0000000081800000, size: 2024 MB, Compressed Oops mode: 32-bit
Narrow klass base: 0x0000000000000000, Narrow klass shift: 3
Compressed class space size: 1073741824 Address: 0x0000000100000000

Heap:
 garbage-first heap   total 197632K, used 19681K [0x0000000081800000, 0x0000000100000000)
  region size 1024K, 13 young (13312K), 6 survivors (6144K)
 Metaspace       used 32807K, capacity 33712K, committed 33920K, reserved 1079296K
  class space    used 3835K, capacity 4173K, committed 4224K, reserved 1048576K
Heap Regions: E=young(eden), S=young(survivor), O=old, HS=humongous(starts), HC=humongous(continues), CS=collection set, F=free, A=archive, TAMS=top-at-mark-start (previous, next)
|   0|0x0000000081800000, 0x0000000081900000, 0x0000000081900000|100%|HS|  |TAMS 0x0000000081900000, 0x0000000081800000| Complete 
|   1|0x0000000081900000, 0x0000000081a00000, 0x0000000081a00000|100%| O|  |TAMS 0x0000000081a00000, 0x0000000081900000| Untracked 
|   2|0x0000000081a00000, 0x0000000081b00000, 0x0000000081b00000|100%| O|  |TAMS 0x0000000081b00000, 0x0000000081a00000| Untracked 
|   3|0x0000000081b00000, 0x0000000081c00000, 0x0000000081c00000|100%| O|  |TAMS 0x0000000081c00000, 0x0000000081b00000| Untracked 
|   4|0x0000000081c00000, 0x0000000081d00000, 0x0000000081d00000|100%| O|  |TAMS 0x0000000081c17400, 0x0000000081c00000| Untracked 
|   5|0x0000000081d00000, 0x0000000081e00000, 0x0000000081e00000|100%| O|  |TAMS 0x0000000081d00000, 0x0000000081d00000| Untracked 
|   6|0x0000000081e00000, 0x0000000081f00000, 0x0000000081f00000|100%| O|  |TAMS 0x0000000081e00000, 0x0000000081e00000| Untracked 
|   7|0x0000000081f00000, 0x0000000081f38600, 0x0000000082000000| 22%| O|  |TAMS 0x0000000081f00000, 0x0000000081f00000| Untracked 
|   8|0x0000000082000000, 0x0000000082000000, 0x0000000082100000|  0%| F|  |TAMS 0x0000000082000000, 0x0000000082000000| Untracked 
|   9|0x0000000082100000, 0x0000000082100000, 0x0000000082200000|  0%| F|  |TAMS 0x0000000082100000, 0x0000000082100000| Untracked 
|  10|0x0000000082200000, 0x0000000082200000, 0x0000000082300000|  0%| F|  |TAMS 0x0000000082200000, 0x0000000082200000| Untracked 
|  11|0x0000000082300000, 0x0000000082300000, 0x0000000082400000|  0%| F|  |TAMS 0x0000000082300000, 0x0000000082300000| Untracked 
|  12|0x0000000082400000, 0x0000000082400000, 0x0000000082500000|  0%| F|  |TAMS 0x0000000082400000, 0x0000000082400000| Untracked 
|  13|0x0000000082500000, 0x0000000082500000, 0x0000000082600000|  0%| F|  |TAMS 0x0000000082500000, 0x0000000082500000| Untracked 
|  14|0x0000000082600000, 0x0000000082600000, 0x0000000082700000|  0%| F|  |TAMS 0x0000000082600000, 0x0000000082600000| Untracked 
|  15|0x0000000082700000, 0x0000000082700000, 0x0000000082800000|  0%| F|  |TAMS 0x0000000082700000, 0x0000000082700000| Untracked 
|  16|0x0000000082800000, 0x0000000082800000, 0x0000000082900000|  0%| F|  |TAMS 0x0000000082800000, 0x0000000082800000| Untracked 
|  17|0x0000000082900000, 0x0000000082900000, 0x0000000082a00000|  0%| F|  |TAMS 0x0000000082900000, 0x0000000082900000| Untracked 
|  18|0x0000000082a00000, 0x0000000082a00000, 0x0000000082b00000|  0%| F|  |TAMS 0x0000000082a00000, 0x0000000082a00000| Untracked 
|  19|0x0000000082b00000, 0x0000000082b00000, 0x0000000082c00000|  0%| F|  |TAMS 0x0000000082b00000, 0x0000000082b00000| Untracked 
|  20|0x0000000082c00000, 0x0000000082c00000, 0x0000000082d00000|  0%| F|  |TAMS 0x0000000082c00000, 0x0000000082c00000| Untracked 
|  21|0x0000000082d00000, 0x0000000082d00000, 0x0000000082e00000|  0%| F|  |TAMS 0x0000000082d00000, 0x0000000082d00000| Untracked 
|  22|0x0000000082e00000, 0x0000000082e00000, 0x0000000082f00000|  0%| F|  |TAMS 0x0000000082e00000, 0x0000000082e00000| Untracked 
|  23|0x0000000082f00000, 0x0000000082f00000, 0x0000000083000000|  0%| F|  |TAMS 0x0000000082f00000, 0x0000000082f00000| Untracked 
|  24|0x0000000083000000, 0x0000000083000000, 0x0000000083100000|  0%| F|  |TAMS 0x0000000083000000, 0x0000000083000000| Untracked 
|  25|0x0000000083100000, 0x0000000083100000, 0x0000000083200000|  0%| F|  |TAMS 0x0000000083100000, 0x0000000083100000| Untracked 
|  26|0x0000000083200000, 0x0000000083200000, 0x0000000083300000|  0%| F|  |TAMS 0x0000000083200000, 0x0000000083200000| Untracked 
|  27|0x0000000083300000, 0x0000000083300000, 0x0000000083400000|  0%| F|  |TAMS 0x0000000083300000, 0x0000000083300000| Untracked 
|  28|0x0000000083400000, 0x0000000083400000, 0x0000000083500000|  0%| F|  |TAMS 0x0000000083400000, 0x0000000083400000| Untracked 
|  29|0x0000000083500000, 0x0000000083500000, 0x0000000083600000|  0%| F|  |TAMS 0x0000000083500000, 0x0000000083500000| Untracked 
|  30|0x0000000083600000, 0x0000000083600000, 0x0000000083700000|  0%| F|  |TAMS 0x0000000083600000, 0x0000000083600000| Untracked 
|  31|0x0000000083700000, 0x0000000083700000, 0x0000000083800000|  0%| F|  |TAMS 0x0000000083700000, 0x0000000083700000| Untracked 
|  32|0x0000000083800000, 0x0000000083800000, 0x0000000083900000|  0%| F|  |TAMS 0x0000000083800000, 0x0000000083800000| Untracked 
|  33|0x0000000083900000, 0x0000000083900000, 0x0000000083a00000|  0%| F|  |TAMS 0x0000000083900000, 0x0000000083900000| Untracked 
|  34|0x0000000083a00000, 0x0000000083a00000, 0x0000000083b00000|  0%| F|  |TAMS 0x0000000083a00000, 0x0000000083a00000| Untracked 
|  35|0x0000000083b00000, 0x0000000083b00000, 0x0000000083c00000|  0%| F|  |TAMS 0x0000000083b00000, 0x0000000083b00000| Untracked 
|  36|0x0000000083c00000, 0x0000000083c00000, 0x0000000083d00000|  0%| F|  |TAMS 0x0000000083c00000, 0x0000000083c00000| Untracked 
|  37|0x0000000083d00000, 0x0000000083d00000, 0x0000000083e00000|  0%| F|  |TAMS 0x0000000083d00000, 0x0000000083d00000| Untracked 
|  38|0x0000000083e00000, 0x0000000083e00000, 0x0000000083f00000|  0%| F|  |TAMS 0x0000000083e00000, 0x0000000083e00000| Untracked 
|  39|0x0000000083f00000, 0x0000000083f00000, 0x0000000084000000|  0%| F|  |TAMS 0x0000000083f00000, 0x0000000083f00000| Untracked 
|  40|0x0000000084000000, 0x0000000084000000, 0x0000000084100000|  0%| F|  |TAMS 0x0000000084000000, 0x0000000084000000| Untracked 
|  41|0x0000000084100000, 0x0000000084100000, 0x0000000084200000|  0%| F|  |TAMS 0x0000000084100000, 0x0000000084100000| Untracked 
|  42|0x0000000084200000, 0x0000000084200000, 0x0000000084300000|  0%| F|  |TAMS 0x0000000084200000, 0x0000000084200000| Untracked 
|  43|0x0000000084300000, 0x0000000084300000, 0x0000000084400000|  0%| F|  |TAMS 0x0000000084300000, 0x0000000084300000| Untracked 
|  44|0x0000000084400000, 0x0000000084400000, 0x0000000084500000|  0%| F|  |TAMS 0x0000000084400000, 0x0000000084400000| Untracked 
|  45|0x0000000084500000, 0x0000000084500000, 0x0000000084600000|  0%| F|  |TAMS 0x0000000084500000, 0x0000000084500000| Untracked 
|  46|0x0000000084600000, 0x0000000084700000, 0x0000000084700000|100%| S|CS|TAMS 0x0000000084600000, 0x0000000084600000| Complete 
|  47|0x0000000084700000, 0x0000000084800000, 0x0000000084800000|100%| S|CS|TAMS 0x0000000084700000, 0x0000000084700000| Complete 
|  48|0x0000000084800000, 0x0000000084900000, 0x0000000084900000|100%| S|CS|TAMS 0x0000000084800000, 0x0000000084800000| Complete 
|  49|0x0000000084900000, 0x0000000084a00000, 0x0000000084a00000|100%| S|CS|TAMS 0x0000000084900000, 0x0000000084900000| Complete 
|  50|0x0000000084a00000, 0x0000000084b00000, 0x0000000084b00000|100%| S|CS|TAMS 0x0000000084a00000, 0x0000000084a00000| Complete 
|  51|0x0000000084b00000, 0x0000000084c00000, 0x0000000084c00000|100%| S|CS|TAMS 0x0000000084b00000, 0x0000000084b00000| Complete 
|  52|0x0000000084c00000, 0x0000000084c00000, 0x0000000084d00000|  0%| F|  |TAMS 0x0000000084c00000, 0x0000000084c00000| Untracked 
|  53|0x0000000084d00000, 0x0000000084d00000, 0x0000000084e00000|  0%| F|  |TAMS 0x0000000084d00000, 0x0000000084d00000| Untracked 
|  54|0x0000000084e00000, 0x0000000084e00000, 0x0000000084f00000|  0%| F|  |TAMS 0x0000000084e00000, 0x0000000084e00000| Untracked 
|  55|0x0000000084f00000, 0x0000000084f00000, 0x0000000085000000|  0%| F|  |TAMS 0x0000000084f00000, 0x0000000084f00000| Untracked 
|  56|0x0000000085000000, 0x0000000085000000, 0x0000000085100000|  0%| F|  |TAMS 0x0000000085000000, 0x0000000085000000| Untracked 
|  57|0x0000000085100000, 0x0000000085100000, 0x0000000085200000|  0%| F|  |TAMS 0x0000000085100000, 0x0000000085100000| Untracked 
|  58|0x0000000085200000, 0x0000000085200000, 0x0000000085300000|  0%| F|  |TAMS 0x0000000085200000, 0x0000000085200000| Untracked 
|  59|0x0000000085300000, 0x0000000085300000, 0x0000000085400000|  0%| F|  |TAMS 0x0000000085300000, 0x0000000085300000| Untracked 
|  60|0x0000000085400000, 0x0000000085400000, 0x0000000085500000|  0%| F|  |TAMS 0x0000000085400000, 0x0000000085400000| Untracked 
|  61|0x0000000085500000, 0x0000000085500000, 0x0000000085600000|  0%| F|  |TAMS 0x0000000085500000, 0x0000000085500000| Untracked 
|  62|0x0000000085600000, 0x0000000085600000, 0x0000000085700000|  0%| F|  |TAMS 0x0000000085600000, 0x0000000085600000| Untracked 
|  63|0x0000000085700000, 0x0000000085700000, 0x0000000085800000|  0%| F|  |TAMS 0x0000000085700000, 0x0000000085700000| Untracked 
|  64|0x0000000085800000, 0x0000000085800000, 0x0000000085900000|  0%| F|  |TAMS 0x0000000085800000, 0x0000000085800000| Untracked 
|  65|0x0000000085900000, 0x0000000085900000, 0x0000000085a00000|  0%| F|  |TAMS 0x0000000085900000, 0x0000000085900000| Untracked 
|  66|0x0000000085a00000, 0x0000000085a00000, 0x0000000085b00000|  0%| F|  |TAMS 0x0000000085a00000, 0x0000000085a00000| Untracked 
|  67|0x0000000085b00000, 0x0000000085b00000, 0x0000000085c00000|  0%| F|  |TAMS 0x0000000085b00000, 0x0000000085b00000| Untracked 
|  68|0x0000000085c00000, 0x0000000085c00000, 0x0000000085d00000|  0%| F|  |TAMS 0x0000000085c00000, 0x0000000085c00000| Untracked 
|  69|0x0000000085d00000, 0x0000000085d00000, 0x0000000085e00000|  0%| F|  |TAMS 0x0000000085d00000, 0x0000000085d00000| Untracked 
|  70|0x0000000085e00000, 0x0000000085e00000, 0x0000000085f00000|  0%| F|  |TAMS 0x0000000085e00000, 0x0000000085e00000| Untracked 
|  71|0x0000000085f00000, 0x0000000085f00000, 0x0000000086000000|  0%| F|  |TAMS 0x0000000085f00000, 0x0000000085f00000| Untracked 
|  72|0x0000000086000000, 0x0000000086000000, 0x0000000086100000|  0%| F|  |TAMS 0x0000000086000000, 0x0000000086000000| Untracked 
|  73|0x0000000086100000, 0x0000000086100000, 0x0000000086200000|  0%| F|  |TAMS 0x0000000086100000, 0x0000000086100000| Untracked 
|  74|0x0000000086200000, 0x0000000086200000, 0x0000000086300000|  0%| F|  |TAMS 0x0000000086200000, 0x0000000086200000| Untracked 
|  75|0x0000000086300000, 0x0000000086300000, 0x0000000086400000|  0%| F|  |TAMS 0x0000000086300000, 0x0000000086300000| Untracked 
|  76|0x0000000086400000, 0x0000000086400000, 0x0000000086500000|  0%| F|  |TAMS 0x0000000086400000, 0x0000000086400000| Untracked 
|  77|0x0000000086500000, 0x0000000086500000, 0x0000000086600000|  0%| F|  |TAMS 0x0000000086500000, 0x0000000086500000| Untracked 
|  78|0x0000000086600000, 0x0000000086600000, 0x0000000086700000|  0%| F|  |TAMS 0x0000000086600000, 0x0000000086600000| Untracked 
|  79|0x0000000086700000, 0x0000000086700000, 0x0000000086800000|  0%| F|  |TAMS 0x0000000086700000, 0x0000000086700000| Untracked 
|  80|0x0000000086800000, 0x0000000086800000, 0x0000000086900000|  0%| F|  |TAMS 0x0000000086800000, 0x0000000086800000| Untracked 
|  81|0x0000000086900000, 0x0000000086900000, 0x0000000086a00000|  0%| F|  |TAMS 0x0000000086900000, 0x0000000086900000| Untracked 
|  82|0x0000000086a00000, 0x0000000086a00000, 0x0000000086b00000|  0%| F|  |TAMS 0x0000000086a00000, 0x0000000086a00000| Untracked 
|  83|0x0000000086b00000, 0x0000000086b00000, 0x0000000086c00000|  0%| F|  |TAMS 0x0000000086b00000, 0x0000000086b00000| Untracked 
|  84|0x0000000086c00000, 0x0000000086c00000, 0x0000000086d00000|  0%| F|  |TAMS 0x0000000086c00000, 0x0000000086c00000| Untracked 
|  85|0x0000000086d00000, 0x0000000086d00000, 0x0000000086e00000|  0%| F|  |TAMS 0x0000000086d00000, 0x0000000086d00000| Untracked 
|  86|0x0000000086e00000, 0x0000000086e00000, 0x0000000086f00000|  0%| F|  |TAMS 0x0000000086e00000, 0x0000000086e00000| Untracked 
|  87|0x0000000086f00000, 0x0000000086f00000, 0x0000000087000000|  0%| F|  |TAMS 0x0000000086f00000, 0x0000000086f00000| Untracked 
|  88|0x0000000087000000, 0x0000000087000000, 0x0000000087100000|  0%| F|  |TAMS 0x0000000087000000, 0x0000000087000000| Untracked 
|  89|0x0000000087100000, 0x0000000087100000, 0x0000000087200000|  0%| F|  |TAMS 0x0000000087100000, 0x0000000087100000| Untracked 
|  90|0x0000000087200000, 0x0000000087200000, 0x0000000087300000|  0%| F|  |TAMS 0x0000000087200000, 0x0000000087200000| Untracked 
|  91|0x0000000087300000, 0x0000000087300000, 0x0000000087400000|  0%| F|  |TAMS 0x0000000087300000, 0x0000000087300000| Untracked 
|  92|0x0000000087400000, 0x0000000087400000, 0x0000000087500000|  0%| F|  |TAMS 0x0000000087400000, 0x0000000087400000| Untracked 
|  93|0x0000000087500000, 0x0000000087500000, 0x0000000087600000|  0%| F|  |TAMS 0x0000000087500000, 0x0000000087500000| Untracked 
|  94|0x0000000087600000, 0x0000000087600000, 0x0000000087700000|  0%| F|  |TAMS 0x0000000087600000, 0x0000000087600000| Untracked 
|  95|0x0000000087700000, 0x0000000087700000, 0x0000000087800000|  0%| F|  |TAMS 0x0000000087700000, 0x0000000087700000| Untracked 
|  96|0x0000000087800000, 0x0000000087800000, 0x0000000087900000|  0%| F|  |TAMS 0x0000000087800000, 0x0000000087800000| Untracked 
|  97|0x0000000087900000, 0x0000000087900000, 0x0000000087a00000|  0%| F|  |TAMS 0x0000000087900000, 0x0000000087900000| Untracked 
|  98|0x0000000087a00000, 0x0000000087a00000, 0x0000000087b00000|  0%| F|  |TAMS 0x0000000087a00000, 0x0000000087a00000| Untracked 
|  99|0x0000000087b00000, 0x0000000087b00000, 0x0000000087c00000|  0%| F|  |TAMS 0x0000000087b00000, 0x0000000087b00000| Untracked 
| 100|0x0000000087c00000, 0x0000000087c00000, 0x0000000087d00000|  0%| F|  |TAMS 0x0000000087c00000, 0x0000000087c00000| Untracked 
| 101|0x0000000087d00000, 0x0000000087d00000, 0x0000000087e00000|  0%| F|  |TAMS 0x0000000087d00000, 0x0000000087d00000| Untracked 
| 102|0x0000000087e00000, 0x0000000087e00000, 0x0000000087f00000|  0%| F|  |TAMS 0x0000000087e00000, 0x0000000087e00000| Untracked 
| 103|0x0000000087f00000, 0x0000000087f00000, 0x0000000088000000|  0%| F|  |TAMS 0x0000000087f00000, 0x0000000087f00000| Untracked 
| 104|0x0000000088000000, 0x0000000088000000, 0x0000000088100000|  0%| F|  |TAMS 0x0000000088000000, 0x0000000088000000| Untracked 
| 105|0x0000000088100000, 0x0000000088100000, 0x0000000088200000|  0%| F|  |TAMS 0x0000000088100000, 0x0000000088100000| Untracked 
| 106|0x0000000088200000, 0x0000000088200000, 0x0000000088300000|  0%| F|  |TAMS 0x0000000088200000, 0x0000000088200000| Untracked 
| 107|0x0000000088300000, 0x0000000088300000, 0x0000000088400000|  0%| F|  |TAMS 0x0000000088300000, 0x0000000088300000| Untracked 
| 108|0x0000000088400000, 0x0000000088400000, 0x0000000088500000|  0%| F|  |TAMS 0x0000000088400000, 0x0000000088400000| Untracked 
| 109|0x0000000088500000, 0x0000000088500000, 0x0000000088600000|  0%| F|  |TAMS 0x0000000088500000, 0x0000000088500000| Untracked 
| 110|0x0000000088600000, 0x0000000088600000, 0x0000000088700000|  0%| F|  |TAMS 0x0000000088600000, 0x0000000088600000| Untracked 
| 111|0x0000000088700000, 0x0000000088700000, 0x0000000088800000|  0%| F|  |TAMS 0x0000000088700000, 0x0000000088700000| Untracked 
| 112|0x0000000088800000, 0x0000000088800000, 0x0000000088900000|  0%| F|  |TAMS 0x0000000088800000, 0x0000000088800000| Untracked 
| 113|0x0000000088900000, 0x0000000088900000, 0x0000000088a00000|  0%| F|  |TAMS 0x0000000088900000, 0x0000000088900000| Untracked 
| 114|0x0000000088a00000, 0x0000000088a00000, 0x0000000088b00000|  0%| F|  |TAMS 0x0000000088a00000, 0x0000000088a00000| Untracked 
| 115|0x0000000088b00000, 0x0000000088b00000, 0x0000000088c00000|  0%| F|  |TAMS 0x0000000088b00000, 0x0000000088b00000| Untracked 
| 116|0x0000000088c00000, 0x0000000088c00000, 0x0000000088d00000|  0%| F|  |TAMS 0x0000000088c00000, 0x0000000088c00000| Untracked 
| 117|0x0000000088d00000, 0x0000000088d00000, 0x0000000088e00000|  0%| F|  |TAMS 0x0000000088d00000, 0x0000000088d00000| Untracked 
| 118|0x0000000088e00000, 0x0000000088e00000, 0x0000000088f00000|  0%| F|  |TAMS 0x0000000088e00000, 0x0000000088e00000| Untracked 
| 119|0x0000000088f00000, 0x0000000088f00000, 0x0000000089000000|  0%| F|  |TAMS 0x0000000088f00000, 0x0000000088f00000| Untracked 
| 120|0x0000000089000000, 0x0000000089000000, 0x0000000089100000|  0%| F|  |TAMS 0x0000000089000000, 0x0000000089000000| Untracked 
| 121|0x0000000089100000, 0x0000000089100000, 0x0000000089200000|  0%| F|  |TAMS 0x0000000089100000, 0x0000000089100000| Untracked 
| 122|0x0000000089200000, 0x0000000089200000, 0x0000000089300000|  0%| F|  |TAMS 0x0000000089200000, 0x0000000089200000| Untracked 
| 123|0x0000000089300000, 0x0000000089300000, 0x0000000089400000|  0%| F|  |TAMS 0x0000000089300000, 0x0000000089300000| Untracked 
| 124|0x0000000089400000, 0x0000000089400000, 0x0000000089500000|  0%| F|  |TAMS 0x0000000089400000, 0x0000000089400000| Untracked 
| 125|0x0000000089500000, 0x0000000089500000, 0x0000000089600000|  0%| F|  |TAMS 0x0000000089500000, 0x0000000089500000| Untracked 
| 126|0x0000000089600000, 0x0000000089600000, 0x0000000089700000|  0%| F|  |TAMS 0x0000000089600000, 0x0000000089600000| Untracked 
| 127|0x0000000089700000, 0x0000000089700000, 0x0000000089800000|  0%| F|  |TAMS 0x0000000089700000, 0x0000000089700000| Untracked 
| 128|0x0000000089800000, 0x0000000089800000, 0x0000000089900000|  0%| F|  |TAMS 0x0000000089800000, 0x0000000089800000| Untracked 
| 129|0x0000000089900000, 0x0000000089900000, 0x0000000089a00000|  0%| F|  |TAMS 0x0000000089900000, 0x0000000089900000| Untracked 
| 130|0x0000000089a00000, 0x0000000089a00000, 0x0000000089b00000|  0%| F|  |TAMS 0x0000000089a00000, 0x0000000089a00000| Untracked 
| 131|0x0000000089b00000, 0x0000000089b00000, 0x0000000089c00000|  0%| F|  |TAMS 0x0000000089b00000, 0x0000000089b00000| Untracked 
| 132|0x0000000089c00000, 0x0000000089c00000, 0x0000000089d00000|  0%| F|  |TAMS 0x0000000089c00000, 0x0000000089c00000| Untracked 
| 133|0x0000000089d00000, 0x0000000089d00000, 0x0000000089e00000|  0%| F|  |TAMS 0x0000000089d00000, 0x0000000089d00000| Untracked 
| 134|0x0000000089e00000, 0x0000000089e00000, 0x0000000089f00000|  0%| F|  |TAMS 0x0000000089e00000, 0x0000000089e00000| Untracked 
| 135|0x0000000089f00000, 0x0000000089f00000, 0x000000008a000000|  0%| F|  |TAMS 0x0000000089f00000, 0x0000000089f00000| Untracked 
| 136|0x000000008a000000, 0x000000008a000000, 0x000000008a100000|  0%| F|  |TAMS 0x000000008a000000, 0x000000008a000000| Untracked 
| 137|0x000000008a100000, 0x000000008a100000, 0x000000008a200000|  0%| F|  |TAMS 0x000000008a100000, 0x000000008a100000| Untracked 
| 138|0x000000008a200000, 0x000000008a200000, 0x000000008a300000|  0%| F|  |TAMS 0x000000008a200000, 0x000000008a200000| Untracked 
| 139|0x000000008a300000, 0x000000008a300000, 0x000000008a400000|  0%| F|  |TAMS 0x000000008a300000, 0x000000008a300000| Untracked 
| 140|0x000000008a400000, 0x000000008a400000, 0x000000008a500000|  0%| F|  |TAMS 0x000000008a400000, 0x000000008a400000| Untracked 
| 141|0x000000008a500000, 0x000000008a500000, 0x000000008a600000|  0%| F|  |TAMS 0x000000008a500000, 0x000000008a500000| Untracked 
| 142|0x000000008a600000, 0x000000008a600000, 0x000000008a700000|  0%| F|  |TAMS 0x000000008a600000, 0x000000008a600000| Untracked 
| 143|0x000000008a700000, 0x000000008a700000, 0x000000008a800000|  0%| F|  |TAMS 0x000000008a700000, 0x000000008a700000| Untracked 
| 144|0x000000008a800000, 0x000000008a800000, 0x000000008a900000|  0%| F|  |TAMS 0x000000008a800000, 0x000000008a800000| Untracked 
| 145|0x000000008a900000, 0x000000008a900000, 0x000000008aa00000|  0%| F|  |TAMS 0x000000008a900000, 0x000000008a900000| Untracked 
| 146|0x000000008aa00000, 0x000000008aa00000, 0x000000008ab00000|  0%| F|  |TAMS 0x000000008aa00000, 0x000000008aa00000| Untracked 
| 147|0x000000008ab00000, 0x000000008ab00000, 0x000000008ac00000|  0%| F|  |TAMS 0x000000008ab00000, 0x000000008ab00000| Untracked 
| 148|0x000000008ac00000, 0x000000008ac00000, 0x000000008ad00000|  0%| F|  |TAMS 0x000000008ac00000, 0x000000008ac00000| Untracked 
| 149|0x000000008ad00000, 0x000000008ad00000, 0x000000008ae00000|  0%| F|  |TAMS 0x000000008ad00000, 0x000000008ad00000| Untracked 
| 150|0x000000008ae00000, 0x000000008ae00000, 0x000000008af00000|  0%| F|  |TAMS 0x000000008ae00000, 0x000000008ae00000| Untracked 
| 151|0x000000008af00000, 0x000000008af00000, 0x000000008b000000|  0%| F|  |TAMS 0x000000008af00000, 0x000000008af00000| Untracked 
| 152|0x000000008b000000, 0x000000008b000000, 0x000000008b100000|  0%| F|  |TAMS 0x000000008b000000, 0x000000008b000000| Untracked 
| 153|0x000000008b100000, 0x000000008b100000, 0x000000008b200000|  0%| F|  |TAMS 0x000000008b100000, 0x000000008b100000| Untracked 
| 154|0x000000008b200000, 0x000000008b200000, 0x000000008b300000|  0%| F|  |TAMS 0x000000008b200000, 0x000000008b200000| Untracked 
| 155|0x000000008b300000, 0x000000008b300000, 0x000000008b400000|  0%| F|  |TAMS 0x000000008b300000, 0x000000008b300000| Untracked 
| 156|0x000000008b400000, 0x000000008b400000, 0x000000008b500000|  0%| F|  |TAMS 0x000000008b400000, 0x000000008b400000| Untracked 
| 157|0x000000008b500000, 0x000000008b500000, 0x000000008b600000|  0%| F|  |TAMS 0x000000008b500000, 0x000000008b500000| Untracked 
| 158|0x000000008b600000, 0x000000008b600000, 0x000000008b700000|  0%| F|  |TAMS 0x000000008b600000, 0x000000008b600000| Untracked 
| 159|0x000000008b700000, 0x000000008b700000, 0x000000008b800000|  0%| F|  |TAMS 0x000000008b700000, 0x000000008b700000| Untracked 
| 160|0x000000008b800000, 0x000000008b800000, 0x000000008b900000|  0%| F|  |TAMS 0x000000008b800000, 0x000000008b800000| Untracked 
| 161|0x000000008b900000, 0x000000008b900000, 0x000000008ba00000|  0%| F|  |TAMS 0x000000008b900000, 0x000000008b900000| Untracked 
| 162|0x000000008ba00000, 0x000000008ba00000, 0x000000008bb00000|  0%| F|  |TAMS 0x000000008ba00000, 0x000000008ba00000| Untracked 
| 163|0x000000008bb00000, 0x000000008bb00000, 0x000000008bc00000|  0%| F|  |TAMS 0x000000008bb00000, 0x000000008bb00000| Untracked 
| 164|0x000000008bc00000, 0x000000008bc00000, 0x000000008bd00000|  0%| F|  |TAMS 0x000000008bc00000, 0x000000008bc00000| Untracked 
| 165|0x000000008bd00000, 0x000000008bd00000, 0x000000008be00000|  0%| F|  |TAMS 0x000000008bd00000, 0x000000008bd00000| Untracked 
| 166|0x000000008be00000, 0x000000008be00000, 0x000000008bf00000|  0%| F|  |TAMS 0x000000008be00000, 0x000000008be00000| Untracked 
| 167|0x000000008bf00000, 0x000000008bf00000, 0x000000008c000000|  0%| F|  |TAMS 0x000000008bf00000, 0x000000008bf00000| Untracked 
| 168|0x000000008c000000, 0x000000008c000000, 0x000000008c100000|  0%| F|  |TAMS 0x000000008c000000, 0x000000008c000000| Untracked 
| 169|0x000000008c100000, 0x000000008c100000, 0x000000008c200000|  0%| F|  |TAMS 0x000000008c100000, 0x000000008c100000| Untracked 
| 170|0x000000008c200000, 0x000000008c200000, 0x000000008c300000|  0%| F|  |TAMS 0x000000008c200000, 0x000000008c200000| Untracked 
| 171|0x000000008c300000, 0x000000008c300000, 0x000000008c400000|  0%| F|  |TAMS 0x000000008c300000, 0x000000008c300000| Untracked 
| 172|0x000000008c400000, 0x000000008c400000, 0x000000008c500000|  0%| F|  |TAMS 0x000000008c400000, 0x000000008c400000| Untracked 
| 173|0x000000008c500000, 0x000000008c500000, 0x000000008c600000|  0%| F|  |TAMS 0x000000008c500000, 0x000000008c500000| Untracked 
| 174|0x000000008c600000, 0x000000008c600000, 0x000000008c700000|  0%| F|  |TAMS 0x000000008c600000, 0x000000008c600000| Untracked 
| 175|0x000000008c700000, 0x000000008c700000, 0x000000008c800000|  0%| F|  |TAMS 0x000000008c700000, 0x000000008c700000| Untracked 
| 176|0x000000008c800000, 0x000000008c800000, 0x000000008c900000|  0%| F|  |TAMS 0x000000008c800000, 0x000000008c800000| Untracked 
| 177|0x000000008c900000, 0x000000008c900000, 0x000000008ca00000|  0%| F|  |TAMS 0x000000008c900000, 0x000000008c900000| Untracked 
| 178|0x000000008ca00000, 0x000000008ca00000, 0x000000008cb00000|  0%| F|  |TAMS 0x000000008ca00000, 0x000000008ca00000| Untracked 
| 179|0x000000008cb00000, 0x000000008cb00000, 0x000000008cc00000|  0%| F|  |TAMS 0x000000008cb00000, 0x000000008cb00000| Untracked 
| 180|0x000000008cc00000, 0x000000008cc00000, 0x000000008cd00000|  0%| F|  |TAMS 0x000000008cc00000, 0x000000008cc00000| Untracked 
| 181|0x000000008cd00000, 0x000000008cd00000, 0x000000008ce00000|  0%| F|  |TAMS 0x000000008cd00000, 0x000000008cd00000| Untracked 
| 182|0x000000008ce00000, 0x000000008ce00000, 0x000000008cf00000|  0%| F|  |TAMS 0x000000008ce00000, 0x000000008ce00000| Untracked 
| 183|0x000000008cf00000, 0x000000008cf00000, 0x000000008d000000|  0%| F|  |TAMS 0x000000008cf00000, 0x000000008cf00000| Untracked 
| 184|0x000000008d000000, 0x000000008d000000, 0x000000008d100000|  0%| F|  |TAMS 0x000000008d000000, 0x000000008d000000| Untracked 
| 185|0x000000008d100000, 0x000000008d100000, 0x000000008d200000|  0%| F|  |TAMS 0x000000008d100000, 0x000000008d100000| Untracked 
| 186|0x000000008d200000, 0x000000008d300000, 0x000000008d300000|100%| E|  |TAMS 0x000000008d200000, 0x000000008d200000| Complete 
| 187|0x000000008d300000, 0x000000008d400000, 0x000000008d400000|100%| E|CS|TAMS 0x000000008d300000, 0x000000008d300000| Complete 
| 188|0x000000008d400000, 0x000000008d500000, 0x000000008d500000|100%| E|CS|TAMS 0x000000008d400000, 0x000000008d400000| Complete 
| 189|0x000000008d500000, 0x000000008d600000, 0x000000008d600000|100%| E|CS|TAMS 0x000000008d500000, 0x000000008d500000| Complete 
| 190|0x000000008d600000, 0x000000008d700000, 0x000000008d700000|100%| E|CS|TAMS 0x000000008d600000, 0x000000008d600000| Complete 
| 191|0x000000008d700000, 0x000000008d800000, 0x000000008d800000|100%| E|CS|TAMS 0x000000008d700000, 0x000000008d700000| Complete 
| 192|0x000000008d800000, 0x000000008d900000, 0x000000008d900000|100%| E|CS|TAMS 0x000000008d800000, 0x000000008d800000| Complete 

Card table byte_map: [0x00000215496a0000,0x0000021549aa0000] _byte_map_base: 0x0000021549294000

Marking Bits (Prev, Next): (CMBitMap*) 0x0000021531fc6b80, (CMBitMap*) 0x0000021531fc6b48
 Prev Bits: [0x000002154be40000, 0x000002154dde0000)
 Next Bits: [0x0000021549ea0000, 0x000002154be40000)

Polling page: 0x0000021531750000

Metaspace:

Usage:
  Non-class:     28.85 MB capacity,    28.29 MB ( 98%) used,   474.99 KB (  2%) free+waste,    92.13 KB ( <1%) overhead. 
      Class:      4.08 MB capacity,     3.75 MB ( 92%) used,   293.54 KB (  7%) free+waste,    44.13 KB (  1%) overhead. 
       Both:     32.92 MB capacity,    32.04 MB ( 97%) used,   768.53 KB (  2%) free+waste,   136.25 KB ( <1%) overhead. 

Virtual space:
  Non-class space:       30.00 MB reserved,      29.00 MB ( 97%) committed 
      Class space:        1.00 GB reserved,       4.13 MB ( <1%) committed 
             Both:        1.03 GB reserved,      33.13 MB (  3%) committed 

Chunk freelists:
   Non-Class:  3.63 KB
       Class:  2.38 KB
        Both:  6.00 KB

CodeHeap 'non-profiled nmethods': size=120064Kb used=1547Kb max_used=1547Kb free=118517Kb
 bounds [0x0000021541d60000, 0x0000021541fd0000, 0x00000215492a0000]
CodeHeap 'profiled nmethods': size=120000Kb used=7344Kb max_used=7344Kb free=112655Kb
 bounds [0x000002153a830000, 0x000002153af60000, 0x0000021541d60000]
CodeHeap 'non-nmethods': size=5696Kb used=1146Kb max_used=1191Kb free=4549Kb
 bounds [0x000002153a2a0000, 0x000002153a510000, 0x000002153a830000]
 total_blobs=4485 nmethods=3174 adapters=384
 compilation: enabled
              stopped_count=0, restarted_count=0
 full_count=0

Compilation events (10 events):
Event: 8.750 Thread 0x0000021550bfd800 3216       3       org.springframework.core.annotation.AnnotationUtils::getAttributeAliasMap (109 bytes)
Event: 8.752 Thread 0x0000021550bfd800 nmethod 3216 0x000002153af59310 code [0x000002153af59660, 0x000002153af5a950]
Event: 8.752 Thread 0x0000021550bfd800 3217       3       java.util.concurrent.ConcurrentHashMap::<init> (73 bytes)
Event: 8.754 Thread 0x0000021550bfd800 nmethod 3217 0x000002153af5b010 code [0x000002153af5b240, 0x000002153af5b820]
Event: 8.789 Thread 0x0000021550bfd800 3218       3       org.springframework.beans.factory.support.AbstractBeanDefinition::hasConstructorArgumentValues (23 bytes)
Event: 8.790 Thread 0x0000021550bfd800 nmethod 3218 0x000002153af5b990 code [0x000002153af5bb80, 0x000002153af5c000]
Event: 8.790 Thread 0x0000021550bfd800 3219       3       java.util.HashMap::afterNodeRemoval (1 bytes)
Event: 8.790 Thread 0x0000021550bfd800 nmethod 3219 0x000002153af5c190 code [0x000002153af5c340, 0x000002153af5c498]
Event: 8.799 Thread 0x0000021550bfd800 3221       3       org.springframework.core.annotation.AnnotationAttributes::getString (11 bytes)
Event: 8.800 Thread 0x0000021550bfd800 nmethod 3221 0x000002153af5c510 code [0x000002153af5c6e0, 0x000002153af5c970]

GC Heap History (10 events):
Event: 1.432 GC heap before
{Heap before GC invocations=0 (full 0):
 garbage-first heap   total 131072K, used 14336K [0x0000000081800000, 0x0000000100000000)
  region size 1024K, 14 young (14336K), 0 survivors (0K)
 Metaspace       used 9610K, capacity 9827K, committed 9984K, reserved 1058816K
  class space    used 867K, capacity 910K, committed 1024K, reserved 1048576K
}
Event: 1.530 GC heap after
{Heap after GC invocations=1 (full 0):
 garbage-first heap   total 131072K, used 6237K [0x0000000081800000, 0x0000000100000000)
  region size 1024K, 2 young (2048K), 2 survivors (2048K)
 Metaspace       used 9610K, capacity 9827K, committed 9984K, reserved 1058816K
  class space    used 867K, capacity 910K, committed 1024K, reserved 1048576K
}
Event: 2.728 GC heap before
{Heap before GC invocations=1 (full 0):
 garbage-first heap   total 131072K, used 63581K [0x0000000081800000, 0x0000000100000000)
  region size 1024K, 59 young (60416K), 2 survivors (2048K)
 Metaspace       used 15391K, capacity 15734K, committed 15744K, reserved 1062912K
  class space    used 1539K, capacity 1655K, committed 1664K, reserved 1048576K
}
Event: 2.765 GC heap after
{Heap after GC invocations=2 (full 0):
 garbage-first heap   total 131072K, used 7617K [0x0000000081800000, 0x0000000100000000)
  region size 1024K, 4 young (4096K), 4 survivors (4096K)
 Metaspace       used 15391K, capacity 15734K, committed 15744K, reserved 1062912K
  class space    used 1539K, capacity 1655K, committed 1664K, reserved 1048576K
}
Event: 4.154 GC heap before
{Heap before GC invocations=2 (full 0):
 garbage-first heap   total 131072K, used 43457K [0x0000000081800000, 0x0000000100000000)
  region size 1024K, 41 young (41984K), 4 survivors (4096K)
 Metaspace       used 20781K, capacity 21153K, committed 21248K, reserved 1069056K
  class space    used 2374K, capacity 2524K, committed 2560K, reserved 1048576K
}
Event: 4.167 GC heap after
{Heap after GC invocations=3 (full 0):
 garbage-first heap   total 131072K, used 9025K [0x0000000081800000, 0x0000000100000000)
  region size 1024K, 5 young (5120K), 5 survivors (5120K)
 Metaspace       used 20781K, capacity 21153K, committed 21248K, reserved 1069056K
  class space    used 2374K, capacity 2524K, committed 2560K, reserved 1048576K
}
Event: 6.476 GC heap before
{Heap before GC invocations=4 (full 0):
 garbage-first heap   total 131072K, used 71489K [0x0000000081800000, 0x0000000100000000)
  region size 1024K, 66 young (67584K), 5 survivors (5120K)
 Metaspace       used 30053K, capacity 30733K, committed 30976K, reserved 1077248K
  class space    used 3458K, capacity 3745K, committed 3840K, reserved 1048576K
}
Event: 6.492 GC heap after
{Heap after GC invocations=5 (full 0):
 garbage-first heap   total 131072K, used 12104K [0x0000000081800000, 0x0000000100000000)
  region size 1024K, 8 young (8192K), 8 survivors (8192K)
 Metaspace       used 30053K, capacity 30733K, committed 30976K, reserved 1077248K
  class space    used 3458K, capacity 3745K, committed 3840K, reserved 1048576K
}
Event: 8.456 GC heap before
{Heap before GC invocations=5 (full 0):
 garbage-first heap   total 131072K, used 80712K [0x0000000081800000, 0x0000000100000000)
  region size 1024K, 76 young (77824K), 8 survivors (8192K)
 Metaspace       used 32220K, capacity 32965K, committed 33280K, reserved 1079296K
  class space    used 3731K, capacity 4030K, committed 4096K, reserved 1048576K
}
Event: 8.481 GC heap after
{Heap after GC invocations=6 (full 0):
 garbage-first heap   total 197632K, used 13537K [0x0000000081800000, 0x0000000100000000)
  region size 1024K, 6 young (6144K), 6 survivors (6144K)
 Metaspace       used 32220K, capacity 32965K, committed 33280K, reserved 1079296K
  class space    used 3731K, capacity 4030K, committed 4096K, reserved 1048576K
}

Deoptimization events (10 events):
Event: 7.021 Thread 0x00000215514d8000 Uncommon trap: reason=profile_predicate action=maybe_recompile pc=0x0000021541ea3924 method=org.springframework.boot.context.properties.source.ConfigurationPropertyName$Elements.canShortcutWithSource(Lorg/springframework/boot/context/properties/source/Con
Event: 7.021 Thread 0x00000215514d8000 Uncommon trap: reason=profile_predicate action=maybe_recompile pc=0x0000021541ea3924 method=org.springframework.boot.context.properties.source.ConfigurationPropertyName$Elements.canShortcutWithSource(Lorg/springframework/boot/context/properties/source/Con
Event: 7.034 Thread 0x00000215514d8000 Uncommon trap: reason=profile_predicate action=maybe_recompile pc=0x0000021541ea3924 method=org.springframework.boot.context.properties.source.ConfigurationPropertyName$Elements.canShortcutWithSource(Lorg/springframework/boot/context/properties/source/Con
Event: 7.035 Thread 0x00000215514d8000 Uncommon trap: reason=profile_predicate action=maybe_recompile pc=0x0000021541ea3924 method=org.springframework.boot.context.properties.source.ConfigurationPropertyName$Elements.canShortcutWithSource(Lorg/springframework/boot/context/properties/source/Con
Event: 7.958 Thread 0x00000215514d8000 Uncommon trap: reason=predicate action=maybe_recompile pc=0x0000021541ebea50 method=java.util.AbstractCollection.toArray([Ljava/lang/Object;)[Ljava/lang/Object; @ 43 c2
Event: 8.516 Thread 0x00000215514d8000 Uncommon trap: reason=class_check action=maybe_recompile pc=0x0000021541ed2434 method=org.springframework.util.ConcurrentReferenceHashMap$Segment.findInChain(Lorg/springframework/util/ConcurrentReferenceHashMap$Reference;Ljava/lang/Object;I)Lorg/springfra
Event: 8.682 Thread 0x00000215514d8000 Uncommon trap: reason=array_check action=maybe_recompile pc=0x0000021541edf6a0 method=java.util.AbstractCollection.toArray([Ljava/lang/Object;)[Ljava/lang/Object; @ 116 c2
Event: 8.686 Thread 0x00000215514d8000 Uncommon trap: reason=array_check action=maybe_recompile pc=0x0000021541edf6a0 method=java.util.AbstractCollection.toArray([Ljava/lang/Object;)[Ljava/lang/Object; @ 116 c2
Event: 8.698 Thread 0x00000215514d8000 Uncommon trap: reason=array_check action=maybe_recompile pc=0x0000021541edf6a0 method=java.util.AbstractCollection.toArray([Ljava/lang/Object;)[Ljava/lang/Object; @ 116 c2
Event: 8.708 Thread 0x00000215514d8000 Uncommon trap: reason=array_check action=maybe_recompile pc=0x0000021541edf6a0 method=java.util.AbstractCollection.toArray([Ljava/lang/Object;)[Ljava/lang/Object; @ 116 c2

Classes redefined (0 events):
No events

Internal exceptions (10 events):
Event: 5.075 Thread 0x0000021551912800 Exception <a 'java/lang/NoSuchMethodError'{0x000000008773db00}: java.lang.invoke.DirectMethodHandle$Holder.invokeVirtual(Ljava/lang/Object;Ljava/lang/Object;Ljava/lang/Object;Ljava/lang/Object;)Ljava/lang/Object;> (0x000000008773db00) thrown at [t:/worksp
Event: 5.203 Thread 0x00000215514d8000 Exception <a 'java/lang/IncompatibleClassChangeError'{0x0000000086cad4d0}: Found class java.lang.Object, but interface was expected> (0x0000000086cad4d0) thrown at [t:/workspace/open/src/hotspot/share/interpreter/linkResolver.cpp, line 856]
Event: 5.727 Thread 0x0000021551912800 Exception <a 'java/lang/IncompatibleClassChangeError'{0x0000000086292108}: Found class java.lang.Object, but interface was expected> (0x0000000086292108) thrown at [t:/workspace/open/src/hotspot/share/interpreter/linkResolver.cpp, line 856]
Event: 5.883 Thread 0x0000021551912800 Exception <a 'java/lang/NoSuchMethodError'{0x00000000860c72f8}: java.lang.invoke.DirectMethodHandle$Holder.invokeStatic(Ljava/lang/Object;Ljava/lang/Object;Ljava/lang/Object;Ljava/lang/Object;Ljava/lang/Object;Ljava/lang/Object;Ljava/lang/Object;Ljava/lan
Event: 5.887 Thread 0x0000021551912800 Exception <a 'java/lang/NoSuchMethodError'{0x0000000085f7d2c0}: java.lang.invoke.DirectMethodHandle$Holder.invokeStatic(Ljava/lang/Object;Ljava/lang/Object;Ljava/lang/Object;Ljava/lang/Object;Ljava/lang/Object;Ljava/lang/Object;Ljava/lang/Object;Ljava/lan
Event: 5.890 Thread 0x0000021551912800 Exception <a 'java/lang/NoSuchMethodError'{0x0000000085f9c2f0}: java.lang.invoke.DirectMethodHandle$Holder.invokeStatic(Ljava/lang/Object;Ljava/lang/Object;Ljava/lang/Object;Ljava/lang/Object;Ljava/lang/Object;Ljava/lang/Object;Ljava/lang/Object;Ljava/lan
Event: 5.892 Thread 0x0000021551912800 Exception <a 'java/lang/NoSuchMethodError'{0x0000000085fbca48}: java.lang.invoke.DirectMethodHandle$Holder.invokeStatic(Ljava/lang/Object;Ljava/lang/Object;Ljava/lang/Object;Ljava/lang/Object;Ljava/lang/Object;Ljava/lang/Object;Ljava/lang/Object;Ljava/lan
Event: 7.650 Thread 0x00000215514d8000 Exception <a 'java/lang/NoSuchMethodError'{0x00000000862a2688}: java.lang.invoke.DirectMethodHandle$Holder.invokeInterface(Ljava/lang/Object;Ljava/lang/Object;Ljava/lang/Object;Ljava/lang/Object;)V> (0x00000000862a2688) thrown at [t:/workspace/open/src/ho
Event: 7.668 Thread 0x00000215514d8000 Exception <a 'java/lang/NoSuchMethodError'{0x0000000086120698}: java.lang.invoke.DirectMethodHandle$Holder.invokeSpecial(Ljava/lang/Object;Ljava/lang/Object;Ljava/lang/Object;Ljava/lang/Object;Ljava/lang/Object;)I> (0x0000000086120698) thrown at [t:/works
Event: 8.581 Thread 0x00000215514d8000 Exception <a 'java/lang/NoSuchMethodError'{0x000000008d7b7008}: java.lang.invoke.DirectMethodHandle$Holder.invokeSpecialIFC(Ljava/lang/Object;Ljava/lang/Object;Ljava/lang/Object;Ljava/lang/Object;)Ljava/lang/Object;> (0x000000008d7b7008) thrown at [t:/wor

Events (10 events):
Event: 8.757 loading class org/springframework/jdbc/core/namedparam/NamedParameterJdbcTemplate done
Event: 8.785 loading class org/springframework/boot/autoconfigure/jdbc/JdbcTemplateAutoConfiguration
Event: 8.785 loading class org/springframework/boot/autoconfigure/jdbc/JdbcTemplateAutoConfiguration done
Event: 8.787 loading class org/springframework/boot/autoconfigure/task/TaskSchedulingAutoConfiguration
Event: 8.787 loading class org/springframework/boot/autoconfigure/task/TaskSchedulingAutoConfiguration done
Event: 8.792 loading class org/springframework/boot/autoconfigure/jdbc/DataSourceTransactionManagerAutoConfiguration$DataSourceTransactionManagerConfiguration
Event: 8.792 loading class org/springframework/boot/autoconfigure/jdbc/DataSourceTransactionManagerAutoConfiguration$DataSourceTransactionManagerConfiguration done
Event: 8.794 loading class org/springframework/boot/autoconfigure/jdbc/DataSourceTransactionManagerAutoConfiguration
Event: 8.794 loading class org/springframework/boot/autoconfigure/jdbc/DataSourceTransactionManagerAutoConfiguration done
Event: 8.799 Thread 0x0000021551ed3000 Thread added: 0x0000021551ed3000


Dynamic libraries:
0x00007ff609250000 - 0x00007ff609297000 	C:\Program Files\Java\jdk-11.0.1\bin\java.exe
0x00007ffac6d50000 - 0x00007ffac6f31000 	C:\WINDOWS\SYSTEM32\ntdll.dll
0x00007ffac5cd0000 - 0x00007ffac5d81000 	C:\WINDOWS\System32\KERNEL32.DLL
0x00007ffac3ec0000 - 0x00007ffac4133000 	C:\WINDOWS\System32\KERNELBASE.dll
0x00007ffac6bd0000 - 0x00007ffac6c71000 	C:\WINDOWS\System32\ADVAPI32.dll
0x00007ffac5e90000 - 0x00007ffac5f2e000 	C:\WINDOWS\System32\msvcrt.dll
0x00007ffac69b0000 - 0x00007ffac6a0b000 	C:\WINDOWS\System32\sechost.dll
0x00007ffac6aa0000 - 0x00007ffac6bc4000 	C:\WINDOWS\System32\RPCRT4.dll
0x00007ffac5f30000 - 0x00007ffac60c0000 	C:\WINDOWS\System32\USER32.dll
0x00007ffac3940000 - 0x00007ffac3960000 	C:\WINDOWS\System32\win32u.dll
0x00007ffac6a70000 - 0x00007ffac6a98000 	C:\WINDOWS\System32\GDI32.dll
0x00007ffac3ba0000 - 0x00007ffac3d32000 	C:\WINDOWS\System32\gdi32full.dll
0x00007ffac4140000 - 0x00007ffac41df000 	C:\WINDOWS\System32\msvcp_win.dll
0x00007ffac3dc0000 - 0x00007ffac3eb8000 	C:\WINDOWS\System32\ucrtbase.dll
0x00007ffaafe10000 - 0x00007ffab0079000 	C:\WINDOWS\WinSxS\amd64_microsoft.windows.common-controls_6595b64144ccf1df_6.0.17134.706_none_fb43a2cb30647007\COMCTL32.dll
0x00007ffab7b90000 - 0x00007ffab7b9a000 	C:\WINDOWS\SYSTEM32\VERSION.dll
0x00007ffac59a0000 - 0x00007ffac5cc2000 	C:\WINDOWS\System32\combase.dll
0x00007ffac3d40000 - 0x00007ffac3dba000 	C:\WINDOWS\System32\bcryptPrimitives.dll
0x00007ffac6760000 - 0x00007ffac678d000 	C:\WINDOWS\System32\IMM32.DLL
0x00007ffac1020000 - 0x00007ffac1036000 	C:\Program Files\Java\jdk-11.0.1\bin\vcruntime140.dll
0x00007ffa9dab0000 - 0x00007ffa9db5a000 	C:\Program Files\Java\jdk-11.0.1\bin\msvcp140.dll
0x00007ffa89c80000 - 0x00007ffa8a7c2000 	C:\Program Files\Java\jdk-11.0.1\bin\server\jvm.dll
0x00007ffac5e80000 - 0x00007ffac5e88000 	C:\WINDOWS\System32\PSAPI.DLL
0x00007ffac1dc0000 - 0x00007ffac1dc9000 	C:\WINDOWS\SYSTEM32\WSOCK32.dll
0x00007ffac0e30000 - 0x00007ffac0e53000 	C:\WINDOWS\SYSTEM32\WINMM.dll
0x00007ffac6240000 - 0x00007ffac62ac000 	C:\WINDOWS\System32\WS2_32.dll
0x00007ffac0e00000 - 0x00007ffac0e2a000 	C:\WINDOWS\SYSTEM32\winmmbase.dll
0x00007ffac3960000 - 0x00007ffac39a9000 	C:\WINDOWS\System32\cfgmgr32.dll
0x00007ffac30e0000 - 0x00007ffac30f1000 	C:\WINDOWS\System32\kernel.appcore.dll
0x00007ffabd9d0000 - 0x00007ffabd9e1000 	C:\Program Files\Java\jdk-11.0.1\bin\verify.dll
0x00007ffac1a90000 - 0x00007ffac1c59000 	C:\WINDOWS\SYSTEM32\DBGHELP.DLL
0x00007ffaac7b0000 - 0x00007ffaac7d9000 	C:\WINDOWS\SYSTEM32\dbgcore.DLL
0x00007ffabce30000 - 0x00007ffabce59000 	C:\Program Files\Java\jdk-11.0.1\bin\java.dll
0x00007ffabcce0000 - 0x00007ffabcd0f000 	C:\Program Files\Java\jdk-11.0.1\bin\instrument.dll
0x00007ffabcd70000 - 0x00007ffabcd86000 	C:\Program Files\Java\jdk-11.0.1\bin\zip.dll
0x00007ffabe540000 - 0x00007ffabe54a000 	C:\Program Files\Java\jdk-11.0.1\bin\jimage.dll
0x00007ffac4560000 - 0x00007ffac59a0000 	C:\WINDOWS\System32\SHELL32.dll
0x00007ffac6790000 - 0x00007ffac6839000 	C:\WINDOWS\System32\shcore.dll
0x00007ffac3120000 - 0x00007ffac382d000 	C:\WINDOWS\System32\windows.storage.dll
0x00007ffac62b0000 - 0x00007ffac6301000 	C:\WINDOWS\System32\shlwapi.dll
0x00007ffac3070000 - 0x00007ffac308f000 	C:\WINDOWS\System32\profapi.dll
0x00007ffac3090000 - 0x00007ffac30dc000 	C:\WINDOWS\System32\powrprof.dll
0x00007ffac3060000 - 0x00007ffac306a000 	C:\WINDOWS\System32\FLTLIB.DLL
0x00007ffabcd50000 - 0x00007ffabcd69000 	C:\Program Files\Java\jdk-11.0.1\bin\net.dll
0x00007ffab9880000 - 0x00007ffab995d000 	C:\WINDOWS\SYSTEM32\WINHTTP.dll
0x00007ffac2880000 - 0x00007ffac28e6000 	C:\WINDOWS\system32\mswsock.dll
0x00007ffabb150000 - 0x00007ffabb163000 	C:\Program Files\Java\jdk-11.0.1\bin\nio.dll
0x00007ffaaf740000 - 0x00007ffaaf75a000 	C:\Program Files\JetBrains\IntelliJ IDEA Community Edition 2018.3.3\bin\breakgen64.dll
0x00007ffabda10000 - 0x00007ffabda19000 	C:\Program Files\Java\jdk-11.0.1\bin\management.dll
0x00007ffabce20000 - 0x00007ffabce2c000 	C:\Program Files\Java\jdk-11.0.1\bin\management_ext.dll
0x00007ffaa75f0000 - 0x00007ffaa7606000 	C:\WINDOWS\system32\napinsp.dll
0x00007ffaa75d0000 - 0x00007ffaa75ea000 	C:\WINDOWS\system32\pnrpnsp.dll
0x00007ffabf630000 - 0x00007ffabf649000 	C:\WINDOWS\system32\NLAapi.dll
0x00007ffac2640000 - 0x00007ffac26fe000 	C:\WINDOWS\SYSTEM32\DNSAPI.dll
0x00007ffac4550000 - 0x00007ffac4558000 	C:\WINDOWS\System32\NSI.dll
0x00007ffac2600000 - 0x00007ffac2638000 	C:\WINDOWS\SYSTEM32\IPHLPAPI.DLL
0x00007ffaa7580000 - 0x00007ffaa758e000 	C:\WINDOWS\System32\winrnr.dll
0x00007ffababb0000 - 0x00007ffababc5000 	C:\WINDOWS\System32\wshbth.dll
0x00007ffab3720000 - 0x00007ffab372a000 	C:\Windows\System32\rasadhlp.dll
0x00007ffab7c80000 - 0x00007ffab7cf2000 	C:\WINDOWS\System32\fwpuclnt.dll
0x00007ffac2b60000 - 0x00007ffac2b85000 	C:\WINDOWS\SYSTEM32\bcrypt.dll

dbghelp: loaded successfully - version: 4.0.5 - missing functions: none
symbol engine: initialized successfully - sym options: 0x614 - pdb path: .;C:\Program Files\Java\jdk-11.0.1\bin;C:\WINDOWS\SYSTEM32;C:\WINDOWS\WinSxS\amd64_microsoft.windows.common-controls_6595b64144ccf1df_6.0.17134.706_none_fb43a2cb30647007;C:\Program Files\Java\jdk-11.0.1\bin\server;C:\Program Files\JetBrains\IntelliJ IDEA Community Edition 2018.3.3\bin

VM Arguments:
jvm_args: -javaagent:C:\Program Files\JetBrains\IntelliJ IDEA Community Edition 2018.3.3\lib\idea_rt.jar=54779:C:\Program Files\JetBrains\IntelliJ IDEA Community Edition 2018.3.3\bin -Dfile.encoding=UTF-8 
java_command: programmers.TodoListApplication
java_class_path (initial): C:\Users\lollo\Desktop\ÇÁ·Î±×·¡¸Ó½º_°úÁ¦\Todo-List\out\production\classes;C:\Users\lollo\Desktop\ÇÁ·Î±×·¡¸Ó½º_°úÁ¦\Todo-List\out\production\resources;C:\Users\lollo\.gradle\caches\modules-2\files-2.1\org.springframework.boot\spring-boot-starter-data-jpa\2.1.4.RELEASE\d5b7a85a533cb631048a8fd161f508a9a1f69f44\spring-boot-starter-data-jpa-2.1.4.RELEASE.jar;C:\Users\lollo\.gradle\caches\modules-2\files-2.1\pl.allegro.tech.boot\handlebars-spring-boot-starter\0.3.1\fa5b845e7b5cede39f4bb1122dbe59fd68ad5954\handlebars-spring-boot-starter-0.3.1.jar;C:\Users\lollo\.gradle\caches\modules-2\files-2.1\org.springframework.boot\spring-boot-starter-web\2.1.4.RELEASE\a4659d55f57421a5ef122cb670b7b544ef8190e8\spring-boot-starter-web-2.1.4.RELEASE.jar;C:\Users\lollo\.gradle\caches\modules-2\files-2.1\org.hibernate\hibernate-java8\5.3.9.Final\b207639df50fc8976fc3e1af07b84306466d275a\hibernate-java8-5.3.9.Final.jar;C:\Users\lollo\.gradle\caches\modules-2\files-2.1\org.springframework.boot\spring-boot-starter-aop\2.1.4.RELEASE\39fffcbea8207ca708b7891f3b70c37a33c2dca4\spring-boot-starter-aop-2.1.4.RELEASE.jar;C:\Users\lollo\.gradle\caches\modules-2\files-2.1\org.springframework.boot\spring-boot-starter-jdbc\2.1.4.RELEASE\1e5b6ff541d77655f3295d2f1d66f90f50b58f03\spring-boot-starter-jdbc-2.1.4.RELEASE.jar;C:\Users\lollo\.gradle\caches\modules-2\files-2.1\javax.transaction\javax.transaction-api\1.3\e006adf5cf3cca2181d16bd640ecb80148ec0fce\javax.transaction-api-1.3.jar;C:\Users\lollo\.gradle\caches\modules-2\files-2.1\org.springframework.boot\spring-boot-devtools\2.1.4.RELEASE\d415f0a4dbf800d4343b7662c0ea141978d93d4c\spring-boot-devtools-2.1.4.RELEASE.jar;C:\Users\lollo\.gradle\caches\modules-2\files-2.1\javax.xml.bind\jaxb-api\2.3.1\8531ad5ac454cc2deb9d4d32c40c4d7451939b5d\jaxb-api-2.3.1.jar;C:\Users\lollo\.gradle\caches\modules-2\files-2.1\com.h2database\h2\1.4.199\7bf08152984ed8859740ae3f97fae6c72771ae45\h2-1.4.199.jar;C:\Users\lollo\.gradle\caches\modules-2\fil
Launcher Type: SUN_STANDARD

[Global flags]
     intx CICompilerCount                          = 3                                         {product} {ergonomic}
     uint ConcGCThreads                            = 1                                         {product} {ergonomic}
     uint G1ConcRefinementThreads                  = 4                                         {product} {ergonomic}
   size_t G1HeapRegionSize                         = 1048576                                   {product} {ergonomic}
    uintx GCDrainStackTargetSize                   = 64                                        {product} {ergonomic}
   size_t InitialHeapSize                          = 134217728                                 {product} {ergonomic}
   size_t MarkStackSize                            = 4194304                                   {product} {ergonomic}
   size_t MaxHeapSize                              = 2122317824                                {product} {ergonomic}
   size_t MaxNewSize                               = 1272971264                                {product} {ergonomic}
   size_t MinHeapDeltaBytes                        = 1048576                                   {product} {ergonomic}
    uintx NonNMethodCodeHeapSize                   = 5830092                                {pd product} {ergonomic}
    uintx NonProfiledCodeHeapSize                  = 122914074                              {pd product} {ergonomic}
    uintx ProfiledCodeHeapSize                     = 122914074                              {pd product} {ergonomic}
    uintx ReservedCodeCacheSize                    = 251658240                              {pd product} {ergonomic}
     bool SegmentedCodeCache                       = true                                      {product} {ergonomic}
     bool UseCompressedClassPointers               = true                                 {lp64_product} {ergonomic}
     bool UseCompressedOops                        = true                                 {lp64_product} {ergonomic}
     bool UseG1GC                                  = true                                      {product} {ergonomic}
     bool UseLargePagesIndividualAllocation        = false                                  {pd product} {ergonomic}

Logging:
Log output configuration:
 #0: stdout all=warning uptime,level,tags
 #1: stderr all=off uptime,level,tags

Environment Variables:
JAVA_HOME=C:\Program Files\Java\jdk-11.0.1
PATH=C:\WINDOWS\system32;C:\WINDOWS;C:\WINDOWS\System32\Wbem;C:\WINDOWS\System32\WindowsPowerShell\v1.0\;C:\WINDOWS\System32\OpenSSH\;C:\Program Files\Git\cmd;C:\Program Files (x86)\PuTTY\;C:\Program Files\MySQL\MySQL Server 8.0\bin;C:\Program Files\Java\jdk-11.0.1\bin;C:\Users\lollo\AppData\Local\Microsoft\WindowsApps;;C:\Users\lollo\AppData\Local\Programs\Microsoft VS Code\bin
USERNAME=TaeSu
OS=Windows_NT
PROCESSOR_IDENTIFIER=Intel64 Family 6 Model 61 Stepping 4, GenuineIntel



---------------  S Y S T E M  ---------------

OS: Windows 10 , 64 bit Build 17134 (10.0.17134.706)

CPU:total 4 (initial active 4) (2 cores per cpu, 2 threads per core) family 6 model 61 stepping 4, cmov, cx8, fxsr, mmx, sse, sse2, sse3, ssse3, sse4.1, sse4.2, popcnt, avx, avx2, aes, clmul, erms, 3dnowpref, lzcnt, ht, tsc, tscinvbit, bmi1, bmi2, adx, fma

Memory: 4k page, system-wide physical 8091M (1823M free)
TotalPageFile size 23188M (AvailPageFile size 5M)
current process WorkingSet (physical memory assigned to process): 222M, peak: 222M
current process commit charge ("private bytes"): 352M, peak: 353M

vm_info: Java HotSpot(TM) 64-Bit Server VM (11.0.1+13-LTS) for windows-amd64 JRE (11.0.1+13-LTS), built on Oct  6 2018 13:20:16 by "mach5one" with MS VC++ 15.5 (VS2017)

END.
