#
# There is insufficient memory for the Java Runtime Environment to continue.
# Native memory allocation (malloc) failed to allocate 1636336 bytes for Chunk::new
# Possible reasons:
#   The system is out of physical RAM or swap space
#   The process is running with CompressedOops enabled, and the Java Heap may be blocking the growth of the native heap
# Possible solutions:
#   Reduce memory load on the system
#   Increase physical memory or swap space
#   Check if swap backing store is full
#   Decrease Java heap size (-Xmx/-Xms)
#   Decrease number of Java threads
#   Decrease Java thread stack sizes (-Xss)
#   Set larger code cache with -XX:ReservedCodeCacheSize=
#   JVM is running with Unscaled Compressed Oops mode in which the Java heap is
#     placed in the first 4GB address space. The Java Heap base address is the
#     maximum limit for the native heap growth. Please use -XX:HeapBaseMinAddress
#     to set the Java Heap base and to place the Java Heap above 4GB virtual address.
# This output file may be truncated or incomplete.
#
#  Out of Memory Error (t:/workspace/open/src/hotspot/share/memory/arena.cpp:197), pid=5608, tid=5300
#
# JRE version: Java(TM) SE Runtime Environment (11.0.1+13) (build 11.0.1+13-LTS)
# Java VM: Java HotSpot(TM) 64-Bit Server VM (11.0.1+13-LTS, mixed mode, tiered, compressed oops, g1 gc, windows-amd64)
# No core dump will be written. Minidumps are not enabled by default on client versions of Windows
#

---------------  S U M M A R Y ------------

Command Line: -javaagent:C:\Program Files\JetBrains\IntelliJ IDEA Community Edition 2018.3.3\lib\idea_rt.jar=51442:C:\Program Files\JetBrains\IntelliJ IDEA Community Edition 2018.3.3\bin -Dfile.encoding=UTF-8 programmers.TodoListApplication

Host: Intel(R) Core(TM) i3-5010U CPU @ 2.10GHz, 4 cores, 7G,  Windows 10 , 64 bit Build 17134 (10.0.17134.753)
Time: Sun May 19 14:34:37 2019 ¢¥eCN©öI¡¾©ö C¡ÍA¨ª¨öA elapsed time: 15 seconds (0d 0h 0m 15s)

---------------  T H R E A D  ---------------

Current thread (0x000002a9ff402000):  JavaThread "C2 CompilerThread0" daemon [_thread_in_native, id=5300, stack(0x000000be79d00000,0x000000be79e00000)]


Current CompileTask:
C2:  15151 4092   !   4       org.apache.tomcat.util.IntrospectionUtils::setProperty (736 bytes)

Stack: [0x000000be79d00000,0x000000be79e00000]
Native frames: (J=compiled Java code, j=interpreted, Vv=VM code, C=native code)
V  [jvm.dll+0x63c21a]
V  [jvm.dll+0x7797df]
V  [jvm.dll+0x77adca]
V  [jvm.dll+0x77b483]
V  [jvm.dll+0x2627f8]
V  [jvm.dll+0xc5c71]
V  [jvm.dll+0xc61fc]
V  [jvm.dll+0x36f8a7]
V  [jvm.dll+0x33c6d3]
V  [jvm.dll+0x33baaa]
V  [jvm.dll+0x21c7c5]
V  [jvm.dll+0x21b96a]
V  [jvm.dll+0x198390]
V  [jvm.dll+0x22a97f]
V  [jvm.dll+0x228f98]
V  [jvm.dll+0x73f03d]
V  [jvm.dll+0x63b2b2]
C  [ucrtbase.dll+0x1e3fe]
C  [KERNEL32.DLL+0x14034]
C  [ntdll.dll+0x73691]


---------------  P R O C E S S  ---------------

Threads class SMR info:
_java_thread_list=0x000002a98405ce00, length=14, elements={
0x000002a9e2792000, 0x000002a9feae6800, 0x000002a9feaf2800, 0x000002a9ff3fc000,
0x000002a9ff3fd800, 0x000002a9ff402000, 0x000002a9feb00000, 0x000002a9feb05800,
0x000002a9ff572800, 0x000002a9ffaa9800, 0x000002a9ffaaa800, 0x000002a9ffc9c800,
0x000002a9822e2800, 0x000002a986e17800
}

Java Threads: ( => current thread )
  0x000002a9e2792000 JavaThread "main" [_thread_blocked, id=14352, stack(0x000000be79200000,0x000000be79300000)]
  0x000002a9feae6800 JavaThread "Reference Handler" daemon [_thread_blocked, id=15144, stack(0x000000be79900000,0x000000be79a00000)]
  0x000002a9feaf2800 JavaThread "Finalizer" daemon [_thread_blocked, id=1444, stack(0x000000be79a00000,0x000000be79b00000)]
  0x000002a9ff3fc000 JavaThread "Signal Dispatcher" daemon [_thread_blocked, id=16016, stack(0x000000be79b00000,0x000000be79c00000)]
  0x000002a9ff3fd800 JavaThread "Attach Listener" daemon [_thread_blocked, id=12584, stack(0x000000be79c00000,0x000000be79d00000)]
=>0x000002a9ff402000 JavaThread "C2 CompilerThread0" daemon [_thread_in_native, id=5300, stack(0x000000be79d00000,0x000000be79e00000)]
  0x000002a9feb00000 JavaThread "C1 CompilerThread0" daemon [_thread_blocked, id=9164, stack(0x000000be79e00000,0x000000be79f00000)]
  0x000002a9feb05800 JavaThread "Sweeper thread" daemon [_thread_blocked, id=3044, stack(0x000000be79f00000,0x000000be7a000000)]
  0x000002a9ff572800 JavaThread "Common-Cleaner" daemon [_thread_blocked, id=13088, stack(0x000000be7a000000,0x000000be7a100000)]
  0x000002a9ffaa9800 JavaThread "Monitor Ctrl-Break" daemon [_thread_in_native, id=15876, stack(0x000000be7a200000,0x000000be7a300000)]
  0x000002a9ffaaa800 JavaThread "Service Thread" daemon [_thread_blocked, id=14712, stack(0x000000be7a300000,0x000000be7a400000)]
  0x000002a9ffc9c800 JavaThread "Thread-0" [_thread_blocked, id=15324, stack(0x000000be7a800000,0x000000be7a900000)]
  0x000002a9822e2800 JavaThread "restartedMain" [_thread_in_Java, id=11460, stack(0x000000be7a900000,0x000000be7aa00000)]
  0x000002a986e17800 JavaThread "C2 CompilerThread1" daemon [_thread_in_native, id=11852, stack(0x000000be7a100000,0x000000be7a200000)]

Other Threads:
  0x000002a9feac2000 VMThread "VM Thread" [stack: 0x000000be79800000,0x000000be79900000] [id=5564]
  0x000002a9ffaac800 WatcherThread [stack: 0x000000be7a400000,0x000000be7a500000] [id=7644]
  0x000002a9e27a7800 GCTaskThread "GC Thread#0" [stack: 0x000000be79300000,0x000000be79400000] [id=15812]
  0x000002a9821e0000 GCTaskThread "GC Thread#1" [stack: 0x000000be7a500000,0x000000be7a600000] [id=14428]
  0x000002a9ffc9e800 GCTaskThread "GC Thread#2" [stack: 0x000000be7a600000,0x000000be7a700000] [id=4836]
  0x000002a982d6f800 GCTaskThread "GC Thread#3" [stack: 0x000000be7ab00000,0x000000be7ac00000] [id=8080]
  0x000002a9e27d3800 ConcurrentGCThread "G1 Main Marker" [stack: 0x000000be79400000,0x000000be79500000] [id=632]
  0x000002a9e27d5800 ConcurrentGCThread "G1 Conc#0" [stack: 0x000000be79500000,0x000000be79600000] [id=8016]
  0x000002a9fe92a800 ConcurrentGCThread "G1 Refine#0" [stack: 0x000000be79600000,0x000000be79700000] [id=11820]
  0x000002a9ff64b000 ConcurrentGCThread "G1 Refine#1" [stack: 0x000000be7a700000,0x000000be7a800000] [id=888]
  0x000002a9e284e800 ConcurrentGCThread "G1 Young RemSet Sampling" [stack: 0x000000be79700000,0x000000be79800000] [id=15680]

Threads with active compile tasks:
C2 CompilerThread04092   !   4       org.apache.tomcat.util.IntrospectionUtils::setProperty (736 bytes)
C2 CompilerThread14102       4       java.util.Properties$LineReader::readLine (585 bytes)

VM state:not at safepoint (normal execution)

VM Mutex/Monitor currently owned by a thread: None

Heap address: 0x0000000081800000, size: 2024 MB, Compressed Oops mode: 32-bit
Narrow klass base: 0x0000000000000000, Narrow klass shift: 3
Compressed class space size: 1073741824 Address: 0x0000000100000000

Heap:
 garbage-first heap   total 205824K, used 61135K [0x0000000081800000, 0x0000000100000000)
  region size 1024K, 53 young (54272K), 7 survivors (7168K)
 Metaspace       used 41174K, capacity 42290K, committed 42496K, reserved 1087488K
  class space    used 4866K, capacity 5312K, committed 5376K, reserved 1048576K
Heap Regions: E=young(eden), S=young(survivor), O=old, HS=humongous(starts), HC=humongous(continues), CS=collection set, F=free, A=archive, TAMS=top-at-mark-start (previous, next)
|   0|0x0000000081800000, 0x0000000081900000, 0x0000000081900000|100%|HS|  |TAMS 0x0000000081900000, 0x0000000081800000| Complete 
|   1|0x0000000081900000, 0x0000000081a00000, 0x0000000081a00000|100%| O|  |TAMS 0x0000000081a00000, 0x0000000081900000| Untracked 
|   2|0x0000000081a00000, 0x0000000081b00000, 0x0000000081b00000|100%| O|  |TAMS 0x0000000081b00000, 0x0000000081a00000| Untracked 
|   3|0x0000000081b00000, 0x0000000081c00000, 0x0000000081c00000|100%| O|  |TAMS 0x0000000081c00000, 0x0000000081b00000| Untracked 
|   4|0x0000000081c00000, 0x0000000081d00000, 0x0000000081d00000|100%| O|  |TAMS 0x0000000081d00000, 0x0000000081c00000| Untracked 
|   5|0x0000000081d00000, 0x0000000081e00000, 0x0000000081e00000|100%| O|  |TAMS 0x0000000081e00000, 0x0000000081d00000| Untracked 
|   6|0x0000000081e00000, 0x0000000081f00000, 0x0000000081f00000|100%| O|  |TAMS 0x0000000081f00000, 0x0000000081e00000| Untracked 
|   7|0x0000000081f00000, 0x0000000082000000, 0x0000000082000000|100%| O|  |TAMS 0x0000000082000000, 0x0000000081f00000| Untracked 
|   8|0x0000000082000000, 0x0000000082011200, 0x0000000082100000|  6%| O|  |TAMS 0x0000000082011200, 0x0000000082000000| Untracked 
|   9|0x0000000082100000, 0x0000000082100000, 0x0000000082200000|  0%| F|  |TAMS 0x0000000082100000, 0x0000000082100000| Untracked 
|  10|0x0000000082200000, 0x0000000082200000, 0x0000000082300000|  0%| F|  |TAMS 0x0000000082200000, 0x0000000082200000| Untracked 
|  11|0x0000000082300000, 0x0000000082300000, 0x0000000082400000|  0%| F|  |TAMS 0x0000000082300000, 0x0000000082300000| Untracked 
|  12|0x0000000082400000, 0x0000000082400000, 0x0000000082500000|  0%| F|  |TAMS 0x0000000082400000, 0x0000000082400000| Untracked 
|  13|0x0000000082500000, 0x0000000082500000, 0x0000000082600000|  0%| F|  |TAMS 0x0000000082500000, 0x0000000082500000| Untracked 
|  14|0x0000000082600000, 0x0000000082600000, 0x0000000082700000|  0%| F|  |TAMS 0x0000000082600000, 0x0000000082600000| Untracked 
|  15|0x0000000082700000, 0x0000000082700000, 0x0000000082800000|  0%| F|  |TAMS 0x0000000082700000, 0x0000000082700000| Untracked 
|  16|0x0000000082800000, 0x0000000082800000, 0x0000000082900000|  0%| F|  |TAMS 0x0000000082800000, 0x0000000082800000| Untracked 
|  17|0x0000000082900000, 0x0000000082900000, 0x0000000082a00000|  0%| F|  |TAMS 0x0000000082900000, 0x0000000082900000| Untracked 
|  18|0x0000000082a00000, 0x0000000082a00000, 0x0000000082b00000|  0%| F|  |TAMS 0x0000000082a00000, 0x0000000082a00000| Untracked 
|  19|0x0000000082b00000, 0x0000000082b00000, 0x0000000082c00000|  0%| F|  |TAMS 0x0000000082b00000, 0x0000000082b00000| Untracked 
|  20|0x0000000082c00000, 0x0000000082c00000, 0x0000000082d00000|  0%| F|  |TAMS 0x0000000082c00000, 0x0000000082c00000| Untracked 
|  21|0x0000000082d00000, 0x0000000082d00000, 0x0000000082e00000|  0%| F|  |TAMS 0x0000000082d00000, 0x0000000082d00000| Untracked 
|  22|0x0000000082e00000, 0x0000000082e00000, 0x0000000082f00000|  0%| F|  |TAMS 0x0000000082e00000, 0x0000000082e00000| Untracked 
|  23|0x0000000082f00000, 0x0000000082f00000, 0x0000000083000000|  0%| F|  |TAMS 0x0000000082f00000, 0x0000000082f00000| Untracked 
|  24|0x0000000083000000, 0x0000000083000000, 0x0000000083100000|  0%| F|  |TAMS 0x0000000083000000, 0x0000000083000000| Untracked 
|  25|0x0000000083100000, 0x0000000083100000, 0x0000000083200000|  0%| F|  |TAMS 0x0000000083100000, 0x0000000083100000| Untracked 
|  26|0x0000000083200000, 0x0000000083200000, 0x0000000083300000|  0%| F|  |TAMS 0x0000000083200000, 0x0000000083200000| Untracked 
|  27|0x0000000083300000, 0x0000000083300000, 0x0000000083400000|  0%| F|  |TAMS 0x0000000083300000, 0x0000000083300000| Untracked 
|  28|0x0000000083400000, 0x0000000083400000, 0x0000000083500000|  0%| F|  |TAMS 0x0000000083400000, 0x0000000083400000| Untracked 
|  29|0x0000000083500000, 0x0000000083500000, 0x0000000083600000|  0%| F|  |TAMS 0x0000000083500000, 0x0000000083500000| Untracked 
|  30|0x0000000083600000, 0x0000000083600000, 0x0000000083700000|  0%| F|  |TAMS 0x0000000083600000, 0x0000000083600000| Untracked 
|  31|0x0000000083700000, 0x0000000083700000, 0x0000000083800000|  0%| F|  |TAMS 0x0000000083700000, 0x0000000083700000| Untracked 
|  32|0x0000000083800000, 0x0000000083800000, 0x0000000083900000|  0%| F|  |TAMS 0x0000000083800000, 0x0000000083800000| Untracked 
|  33|0x0000000083900000, 0x0000000083900000, 0x0000000083a00000|  0%| F|  |TAMS 0x0000000083900000, 0x0000000083900000| Untracked 
|  34|0x0000000083a00000, 0x0000000083a00000, 0x0000000083b00000|  0%| F|  |TAMS 0x0000000083a00000, 0x0000000083a00000| Untracked 
|  35|0x0000000083b00000, 0x0000000083b00000, 0x0000000083c00000|  0%| F|  |TAMS 0x0000000083b00000, 0x0000000083b00000| Untracked 
|  36|0x0000000083c00000, 0x0000000083c00000, 0x0000000083d00000|  0%| F|  |TAMS 0x0000000083c00000, 0x0000000083c00000| Untracked 
|  37|0x0000000083d00000, 0x0000000083d00000, 0x0000000083e00000|  0%| F|  |TAMS 0x0000000083d00000, 0x0000000083d00000| Untracked 
|  38|0x0000000083e00000, 0x0000000083e00000, 0x0000000083f00000|  0%| F|  |TAMS 0x0000000083e00000, 0x0000000083e00000| Untracked 
|  39|0x0000000083f00000, 0x0000000083f00000, 0x0000000084000000|  0%| F|  |TAMS 0x0000000083f00000, 0x0000000083f00000| Untracked 
|  40|0x0000000084000000, 0x0000000084000000, 0x0000000084100000|  0%| F|  |TAMS 0x0000000084000000, 0x0000000084000000| Untracked 
|  41|0x0000000084100000, 0x0000000084100000, 0x0000000084200000|  0%| F|  |TAMS 0x0000000084100000, 0x0000000084100000| Untracked 
|  42|0x0000000084200000, 0x0000000084200000, 0x0000000084300000|  0%| F|  |TAMS 0x0000000084200000, 0x0000000084200000| Untracked 
|  43|0x0000000084300000, 0x0000000084300000, 0x0000000084400000|  0%| F|  |TAMS 0x0000000084300000, 0x0000000084300000| Untracked 
|  44|0x0000000084400000, 0x0000000084400000, 0x0000000084500000|  0%| F|  |TAMS 0x0000000084400000, 0x0000000084400000| Untracked 
|  45|0x0000000084500000, 0x0000000084500000, 0x0000000084600000|  0%| F|  |TAMS 0x0000000084500000, 0x0000000084500000| Untracked 
|  46|0x0000000084600000, 0x0000000084600000, 0x0000000084700000|  0%| F|  |TAMS 0x0000000084600000, 0x0000000084600000| Untracked 
|  47|0x0000000084700000, 0x0000000084700000, 0x0000000084800000|  0%| F|  |TAMS 0x0000000084700000, 0x0000000084700000| Untracked 
|  48|0x0000000084800000, 0x0000000084800000, 0x0000000084900000|  0%| F|  |TAMS 0x0000000084800000, 0x0000000084800000| Untracked 
|  49|0x0000000084900000, 0x0000000084900000, 0x0000000084a00000|  0%| F|  |TAMS 0x0000000084900000, 0x0000000084900000| Untracked 
|  50|0x0000000084a00000, 0x0000000084a00000, 0x0000000084b00000|  0%| F|  |TAMS 0x0000000084a00000, 0x0000000084a00000| Untracked 
|  51|0x0000000084b00000, 0x0000000084b00000, 0x0000000084c00000|  0%| F|  |TAMS 0x0000000084b00000, 0x0000000084b00000| Untracked 
|  52|0x0000000084c00000, 0x0000000084c00000, 0x0000000084d00000|  0%| F|  |TAMS 0x0000000084c00000, 0x0000000084c00000| Untracked 
|  53|0x0000000084d00000, 0x0000000084d00000, 0x0000000084e00000|  0%| F|  |TAMS 0x0000000084d00000, 0x0000000084d00000| Untracked 
|  54|0x0000000084e00000, 0x0000000084e00000, 0x0000000084f00000|  0%| F|  |TAMS 0x0000000084e00000, 0x0000000084e00000| Untracked 
|  55|0x0000000084f00000, 0x0000000084f00000, 0x0000000085000000|  0%| F|  |TAMS 0x0000000084f00000, 0x0000000084f00000| Untracked 
|  56|0x0000000085000000, 0x0000000085000000, 0x0000000085100000|  0%| F|  |TAMS 0x0000000085000000, 0x0000000085000000| Untracked 
|  57|0x0000000085100000, 0x0000000085100000, 0x0000000085200000|  0%| F|  |TAMS 0x0000000085100000, 0x0000000085100000| Untracked 
|  58|0x0000000085200000, 0x0000000085200000, 0x0000000085300000|  0%| F|  |TAMS 0x0000000085200000, 0x0000000085200000| Untracked 
|  59|0x0000000085300000, 0x0000000085300000, 0x0000000085400000|  0%| F|  |TAMS 0x0000000085300000, 0x0000000085300000| Untracked 
|  60|0x0000000085400000, 0x0000000085400000, 0x0000000085500000|  0%| F|  |TAMS 0x0000000085400000, 0x0000000085400000| Untracked 
|  61|0x0000000085500000, 0x0000000085500000, 0x0000000085600000|  0%| F|  |TAMS 0x0000000085500000, 0x0000000085500000| Untracked 
|  62|0x0000000085600000, 0x0000000085600000, 0x0000000085700000|  0%| F|  |TAMS 0x0000000085600000, 0x0000000085600000| Untracked 
|  63|0x0000000085700000, 0x0000000085700000, 0x0000000085800000|  0%| F|  |TAMS 0x0000000085700000, 0x0000000085700000| Untracked 
|  64|0x0000000085800000, 0x0000000085800000, 0x0000000085900000|  0%| F|  |TAMS 0x0000000085800000, 0x0000000085800000| Untracked 
|  65|0x0000000085900000, 0x0000000085900000, 0x0000000085a00000|  0%| F|  |TAMS 0x0000000085900000, 0x0000000085900000| Untracked 
|  66|0x0000000085a00000, 0x0000000085a00000, 0x0000000085b00000|  0%| F|  |TAMS 0x0000000085a00000, 0x0000000085a00000| Untracked 
|  67|0x0000000085b00000, 0x0000000085b00000, 0x0000000085c00000|  0%| F|  |TAMS 0x0000000085b00000, 0x0000000085b00000| Untracked 
|  68|0x0000000085c00000, 0x0000000085c00000, 0x0000000085d00000|  0%| F|  |TAMS 0x0000000085c00000, 0x0000000085c00000| Untracked 
|  69|0x0000000085d00000, 0x0000000085d00000, 0x0000000085e00000|  0%| F|  |TAMS 0x0000000085d00000, 0x0000000085d00000| Untracked 
|  70|0x0000000085e00000, 0x0000000085e00000, 0x0000000085f00000|  0%| F|  |TAMS 0x0000000085e00000, 0x0000000085e00000| Untracked 
|  71|0x0000000085f00000, 0x0000000085f00000, 0x0000000086000000|  0%| F|  |TAMS 0x0000000085f00000, 0x0000000085f00000| Untracked 
|  72|0x0000000086000000, 0x0000000086000000, 0x0000000086100000|  0%| F|  |TAMS 0x0000000086000000, 0x0000000086000000| Untracked 
|  73|0x0000000086100000, 0x00000000861a2d50, 0x0000000086200000| 63%| S|CS|TAMS 0x0000000086100000, 0x0000000086100000| Complete 
|  74|0x0000000086200000, 0x0000000086300000, 0x0000000086300000|100%| S|CS|TAMS 0x0000000086200000, 0x0000000086200000| Complete 
|  75|0x0000000086300000, 0x0000000086400000, 0x0000000086400000|100%| S|CS|TAMS 0x0000000086300000, 0x0000000086300000| Complete 
|  76|0x0000000086400000, 0x0000000086500000, 0x0000000086500000|100%| S|CS|TAMS 0x0000000086400000, 0x0000000086400000| Complete 
|  77|0x0000000086500000, 0x0000000086600000, 0x0000000086600000|100%| S|CS|TAMS 0x0000000086500000, 0x0000000086500000| Complete 
|  78|0x0000000086600000, 0x0000000086700000, 0x0000000086700000|100%| S|CS|TAMS 0x0000000086600000, 0x0000000086600000| Complete 
|  79|0x0000000086700000, 0x0000000086800000, 0x0000000086800000|100%| S|CS|TAMS 0x0000000086700000, 0x0000000086700000| Complete 
|  80|0x0000000086800000, 0x0000000086800000, 0x0000000086900000|  0%| F|  |TAMS 0x0000000086800000, 0x0000000086800000| Untracked 
|  81|0x0000000086900000, 0x0000000086900000, 0x0000000086a00000|  0%| F|  |TAMS 0x0000000086900000, 0x0000000086900000| Untracked 
|  82|0x0000000086a00000, 0x0000000086a00000, 0x0000000086b00000|  0%| F|  |TAMS 0x0000000086a00000, 0x0000000086a00000| Untracked 
|  83|0x0000000086b00000, 0x0000000086b00000, 0x0000000086c00000|  0%| F|  |TAMS 0x0000000086b00000, 0x0000000086b00000| Untracked 
|  84|0x0000000086c00000, 0x0000000086c00000, 0x0000000086d00000|  0%| F|  |TAMS 0x0000000086c00000, 0x0000000086c00000| Untracked 
|  85|0x0000000086d00000, 0x0000000086d00000, 0x0000000086e00000|  0%| F|  |TAMS 0x0000000086d00000, 0x0000000086d00000| Untracked 
|  86|0x0000000086e00000, 0x0000000086e00000, 0x0000000086f00000|  0%| F|  |TAMS 0x0000000086e00000, 0x0000000086e00000| Untracked 
|  87|0x0000000086f00000, 0x0000000086f00000, 0x0000000087000000|  0%| F|  |TAMS 0x0000000086f00000, 0x0000000086f00000| Untracked 
|  88|0x0000000087000000, 0x0000000087000000, 0x0000000087100000|  0%| F|  |TAMS 0x0000000087000000, 0x0000000087000000| Untracked 
|  89|0x0000000087100000, 0x0000000087100000, 0x0000000087200000|  0%| F|  |TAMS 0x0000000087100000, 0x0000000087100000| Untracked 
|  90|0x0000000087200000, 0x0000000087200000, 0x0000000087300000|  0%| F|  |TAMS 0x0000000087200000, 0x0000000087200000| Untracked 
|  91|0x0000000087300000, 0x0000000087300000, 0x0000000087400000|  0%| F|  |TAMS 0x0000000087300000, 0x0000000087300000| Untracked 
|  92|0x0000000087400000, 0x0000000087400000, 0x0000000087500000|  0%| F|  |TAMS 0x0000000087400000, 0x0000000087400000| Untracked 
|  93|0x0000000087500000, 0x0000000087500000, 0x0000000087600000|  0%| F|  |TAMS 0x0000000087500000, 0x0000000087500000| Untracked 
|  94|0x0000000087600000, 0x0000000087600000, 0x0000000087700000|  0%| F|  |TAMS 0x0000000087600000, 0x0000000087600000| Untracked 
|  95|0x0000000087700000, 0x0000000087700000, 0x0000000087800000|  0%| F|  |TAMS 0x0000000087700000, 0x0000000087700000| Untracked 
|  96|0x0000000087800000, 0x0000000087800000, 0x0000000087900000|  0%| F|  |TAMS 0x0000000087800000, 0x0000000087800000| Untracked 
|  97|0x0000000087900000, 0x0000000087900000, 0x0000000087a00000|  0%| F|  |TAMS 0x0000000087900000, 0x0000000087900000| Untracked 
|  98|0x0000000087a00000, 0x0000000087a00000, 0x0000000087b00000|  0%| F|  |TAMS 0x0000000087a00000, 0x0000000087a00000| Untracked 
|  99|0x0000000087b00000, 0x0000000087b00000, 0x0000000087c00000|  0%| F|  |TAMS 0x0000000087b00000, 0x0000000087b00000| Untracked 
| 100|0x0000000087c00000, 0x0000000087c00000, 0x0000000087d00000|  0%| F|  |TAMS 0x0000000087c00000, 0x0000000087c00000| Untracked 
| 101|0x0000000087d00000, 0x0000000087d00000, 0x0000000087e00000|  0%| F|  |TAMS 0x0000000087d00000, 0x0000000087d00000| Untracked 
| 102|0x0000000087e00000, 0x0000000087e00000, 0x0000000087f00000|  0%| F|  |TAMS 0x0000000087e00000, 0x0000000087e00000| Untracked 
| 103|0x0000000087f00000, 0x0000000087f00000, 0x0000000088000000|  0%| F|  |TAMS 0x0000000087f00000, 0x0000000087f00000| Untracked 
| 104|0x0000000088000000, 0x0000000088000000, 0x0000000088100000|  0%| F|  |TAMS 0x0000000088000000, 0x0000000088000000| Untracked 
| 105|0x0000000088100000, 0x0000000088100000, 0x0000000088200000|  0%| F|  |TAMS 0x0000000088100000, 0x0000000088100000| Untracked 
| 106|0x0000000088200000, 0x0000000088200000, 0x0000000088300000|  0%| F|  |TAMS 0x0000000088200000, 0x0000000088200000| Untracked 
| 107|0x0000000088300000, 0x0000000088300000, 0x0000000088400000|  0%| F|  |TAMS 0x0000000088300000, 0x0000000088300000| Untracked 
| 108|0x0000000088400000, 0x0000000088400000, 0x0000000088500000|  0%| F|  |TAMS 0x0000000088400000, 0x0000000088400000| Untracked 
| 109|0x0000000088500000, 0x0000000088500000, 0x0000000088600000|  0%| F|  |TAMS 0x0000000088500000, 0x0000000088500000| Untracked 
| 110|0x0000000088600000, 0x0000000088600000, 0x0000000088700000|  0%| F|  |TAMS 0x0000000088600000, 0x0000000088600000| Untracked 
| 111|0x0000000088700000, 0x0000000088700000, 0x0000000088800000|  0%| F|  |TAMS 0x0000000088700000, 0x0000000088700000| Untracked 
| 112|0x0000000088800000, 0x0000000088800000, 0x0000000088900000|  0%| F|  |TAMS 0x0000000088800000, 0x0000000088800000| Untracked 
| 113|0x0000000088900000, 0x0000000088900000, 0x0000000088a00000|  0%| F|  |TAMS 0x0000000088900000, 0x0000000088900000| Untracked 
| 114|0x0000000088a00000, 0x0000000088a00000, 0x0000000088b00000|  0%| F|  |TAMS 0x0000000088a00000, 0x0000000088a00000| Untracked 
| 115|0x0000000088b00000, 0x0000000088b00000, 0x0000000088c00000|  0%| F|  |TAMS 0x0000000088b00000, 0x0000000088b00000| Untracked 
| 116|0x0000000088c00000, 0x0000000088c00000, 0x0000000088d00000|  0%| F|  |TAMS 0x0000000088c00000, 0x0000000088c00000| Untracked 
| 117|0x0000000088d00000, 0x0000000088d00000, 0x0000000088e00000|  0%| F|  |TAMS 0x0000000088d00000, 0x0000000088d00000| Untracked 
| 118|0x0000000088e00000, 0x0000000088e00000, 0x0000000088f00000|  0%| F|  |TAMS 0x0000000088e00000, 0x0000000088e00000| Untracked 
| 119|0x0000000088f00000, 0x0000000088f00000, 0x0000000089000000|  0%| F|  |TAMS 0x0000000088f00000, 0x0000000088f00000| Untracked 
| 120|0x0000000089000000, 0x0000000089000000, 0x0000000089100000|  0%| F|  |TAMS 0x0000000089000000, 0x0000000089000000| Untracked 
| 121|0x0000000089100000, 0x0000000089100000, 0x0000000089200000|  0%| F|  |TAMS 0x0000000089100000, 0x0000000089100000| Untracked 
| 122|0x0000000089200000, 0x0000000089200000, 0x0000000089300000|  0%| F|  |TAMS 0x0000000089200000, 0x0000000089200000| Untracked 
| 123|0x0000000089300000, 0x0000000089300000, 0x0000000089400000|  0%| F|  |TAMS 0x0000000089300000, 0x0000000089300000| Untracked 
| 124|0x0000000089400000, 0x0000000089400000, 0x0000000089500000|  0%| F|  |TAMS 0x0000000089400000, 0x0000000089400000| Untracked 
| 125|0x0000000089500000, 0x0000000089500000, 0x0000000089600000|  0%| F|  |TAMS 0x0000000089500000, 0x0000000089500000| Untracked 
| 126|0x0000000089600000, 0x0000000089600000, 0x0000000089700000|  0%| F|  |TAMS 0x0000000089600000, 0x0000000089600000| Untracked 
| 127|0x0000000089700000, 0x0000000089700000, 0x0000000089800000|  0%| F|  |TAMS 0x0000000089700000, 0x0000000089700000| Untracked 
| 128|0x0000000089800000, 0x0000000089800000, 0x0000000089900000|  0%| F|  |TAMS 0x0000000089800000, 0x0000000089800000| Untracked 
| 129|0x0000000089900000, 0x0000000089900000, 0x0000000089a00000|  0%| F|  |TAMS 0x0000000089900000, 0x0000000089900000| Untracked 
| 130|0x0000000089a00000, 0x0000000089a00000, 0x0000000089b00000|  0%| F|  |TAMS 0x0000000089a00000, 0x0000000089a00000| Untracked 
| 131|0x0000000089b00000, 0x0000000089b00000, 0x0000000089c00000|  0%| F|  |TAMS 0x0000000089b00000, 0x0000000089b00000| Untracked 
| 132|0x0000000089c00000, 0x0000000089c00000, 0x0000000089d00000|  0%| F|  |TAMS 0x0000000089c00000, 0x0000000089c00000| Untracked 
| 133|0x0000000089d00000, 0x0000000089d00000, 0x0000000089e00000|  0%| F|  |TAMS 0x0000000089d00000, 0x0000000089d00000| Untracked 
| 134|0x0000000089e00000, 0x0000000089e00000, 0x0000000089f00000|  0%| F|  |TAMS 0x0000000089e00000, 0x0000000089e00000| Untracked 
| 135|0x0000000089f00000, 0x0000000089f00000, 0x000000008a000000|  0%| F|  |TAMS 0x0000000089f00000, 0x0000000089f00000| Untracked 
| 136|0x000000008a000000, 0x000000008a000000, 0x000000008a100000|  0%| F|  |TAMS 0x000000008a000000, 0x000000008a000000| Untracked 
| 137|0x000000008a100000, 0x000000008a100000, 0x000000008a200000|  0%| F|  |TAMS 0x000000008a100000, 0x000000008a100000| Untracked 
| 138|0x000000008a200000, 0x000000008a200000, 0x000000008a300000|  0%| F|  |TAMS 0x000000008a200000, 0x000000008a200000| Untracked 
| 139|0x000000008a300000, 0x000000008a300000, 0x000000008a400000|  0%| F|  |TAMS 0x000000008a300000, 0x000000008a300000| Untracked 
| 140|0x000000008a400000, 0x000000008a400000, 0x000000008a500000|  0%| F|  |TAMS 0x000000008a400000, 0x000000008a400000| Untracked 
| 141|0x000000008a500000, 0x000000008a500000, 0x000000008a600000|  0%| F|  |TAMS 0x000000008a500000, 0x000000008a500000| Untracked 
| 142|0x000000008a600000, 0x000000008a600000, 0x000000008a700000|  0%| F|  |TAMS 0x000000008a600000, 0x000000008a600000| Untracked 
| 143|0x000000008a700000, 0x000000008a700000, 0x000000008a800000|  0%| F|  |TAMS 0x000000008a700000, 0x000000008a700000| Untracked 
| 144|0x000000008a800000, 0x000000008a800000, 0x000000008a900000|  0%| F|  |TAMS 0x000000008a800000, 0x000000008a800000| Untracked 
| 145|0x000000008a900000, 0x000000008a900000, 0x000000008aa00000|  0%| F|  |TAMS 0x000000008a900000, 0x000000008a900000| Untracked 
| 146|0x000000008aa00000, 0x000000008aa00000, 0x000000008ab00000|  0%| F|  |TAMS 0x000000008aa00000, 0x000000008aa00000| Untracked 
| 147|0x000000008ab00000, 0x000000008ab00000, 0x000000008ac00000|  0%| F|  |TAMS 0x000000008ab00000, 0x000000008ab00000| Untracked 
| 148|0x000000008ac00000, 0x000000008ac00000, 0x000000008ad00000|  0%| F|  |TAMS 0x000000008ac00000, 0x000000008ac00000| Untracked 
| 149|0x000000008ad00000, 0x000000008ad00000, 0x000000008ae00000|  0%| F|  |TAMS 0x000000008ad00000, 0x000000008ad00000| Untracked 
| 150|0x000000008ae00000, 0x000000008ae00000, 0x000000008af00000|  0%| F|  |TAMS 0x000000008ae00000, 0x000000008ae00000| Untracked 
| 151|0x000000008af00000, 0x000000008af00000, 0x000000008b000000|  0%| F|  |TAMS 0x000000008af00000, 0x000000008af00000| Untracked 
| 152|0x000000008b000000, 0x000000008b000000, 0x000000008b100000|  0%| F|  |TAMS 0x000000008b000000, 0x000000008b000000| Untracked 
| 153|0x000000008b100000, 0x000000008b100000, 0x000000008b200000|  0%| F|  |TAMS 0x000000008b100000, 0x000000008b100000| Untracked 
| 154|0x000000008b200000, 0x000000008b284010, 0x000000008b300000| 51%| E|  |TAMS 0x000000008b200000, 0x000000008b200000| Complete 
| 155|0x000000008b300000, 0x000000008b400000, 0x000000008b400000|100%| E|CS|TAMS 0x000000008b300000, 0x000000008b300000| Complete 
| 156|0x000000008b400000, 0x000000008b500000, 0x000000008b500000|100%| E|CS|TAMS 0x000000008b400000, 0x000000008b400000| Complete 
| 157|0x000000008b500000, 0x000000008b600000, 0x000000008b600000|100%| E|CS|TAMS 0x000000008b500000, 0x000000008b500000| Complete 
| 158|0x000000008b600000, 0x000000008b700000, 0x000000008b700000|100%| E|CS|TAMS 0x000000008b600000, 0x000000008b600000| Complete 
| 159|0x000000008b700000, 0x000000008b800000, 0x000000008b800000|100%| E|CS|TAMS 0x000000008b700000, 0x000000008b700000| Complete 
| 160|0x000000008b800000, 0x000000008b900000, 0x000000008b900000|100%| E|CS|TAMS 0x000000008b800000, 0x000000008b800000| Complete 
| 161|0x000000008b900000, 0x000000008ba00000, 0x000000008ba00000|100%| E|CS|TAMS 0x000000008b900000, 0x000000008b900000| Complete 
| 162|0x000000008ba00000, 0x000000008bb00000, 0x000000008bb00000|100%| E|CS|TAMS 0x000000008ba00000, 0x000000008ba00000| Complete 
| 163|0x000000008bb00000, 0x000000008bc00000, 0x000000008bc00000|100%| E|CS|TAMS 0x000000008bb00000, 0x000000008bb00000| Complete 
| 164|0x000000008bc00000, 0x000000008bd00000, 0x000000008bd00000|100%| E|CS|TAMS 0x000000008bc00000, 0x000000008bc00000| Complete 
| 165|0x000000008bd00000, 0x000000008be00000, 0x000000008be00000|100%| E|CS|TAMS 0x000000008bd00000, 0x000000008bd00000| Complete 
| 166|0x000000008be00000, 0x000000008bf00000, 0x000000008bf00000|100%| E|CS|TAMS 0x000000008be00000, 0x000000008be00000| Complete 
| 167|0x000000008bf00000, 0x000000008c000000, 0x000000008c000000|100%| E|CS|TAMS 0x000000008bf00000, 0x000000008bf00000| Complete 
| 168|0x000000008c000000, 0x000000008c100000, 0x000000008c100000|100%| E|CS|TAMS 0x000000008c000000, 0x000000008c000000| Complete 
| 169|0x000000008c100000, 0x000000008c200000, 0x000000008c200000|100%| E|CS|TAMS 0x000000008c100000, 0x000000008c100000| Complete 
| 170|0x000000008c200000, 0x000000008c300000, 0x000000008c300000|100%| E|CS|TAMS 0x000000008c200000, 0x000000008c200000| Complete 
| 171|0x000000008c300000, 0x000000008c400000, 0x000000008c400000|100%| E|CS|TAMS 0x000000008c300000, 0x000000008c300000| Complete 
| 172|0x000000008c400000, 0x000000008c500000, 0x000000008c500000|100%| E|CS|TAMS 0x000000008c400000, 0x000000008c400000| Complete 
| 173|0x000000008c500000, 0x000000008c600000, 0x000000008c600000|100%| E|CS|TAMS 0x000000008c500000, 0x000000008c500000| Complete 
| 174|0x000000008c600000, 0x000000008c700000, 0x000000008c700000|100%| E|CS|TAMS 0x000000008c600000, 0x000000008c600000| Complete 
| 175|0x000000008c700000, 0x000000008c800000, 0x000000008c800000|100%| E|CS|TAMS 0x000000008c700000, 0x000000008c700000| Complete 
| 176|0x000000008c800000, 0x000000008c900000, 0x000000008c900000|100%| E|CS|TAMS 0x000000008c800000, 0x000000008c800000| Complete 
| 177|0x000000008c900000, 0x000000008ca00000, 0x000000008ca00000|100%| E|CS|TAMS 0x000000008c900000, 0x000000008c900000| Complete 
| 178|0x000000008ca00000, 0x000000008cb00000, 0x000000008cb00000|100%| E|CS|TAMS 0x000000008ca00000, 0x000000008ca00000| Complete 
| 179|0x000000008cb00000, 0x000000008cc00000, 0x000000008cc00000|100%| E|CS|TAMS 0x000000008cb00000, 0x000000008cb00000| Complete 
| 180|0x000000008cc00000, 0x000000008cd00000, 0x000000008cd00000|100%| E|CS|TAMS 0x000000008cc00000, 0x000000008cc00000| Complete 
| 181|0x000000008cd00000, 0x000000008ce00000, 0x000000008ce00000|100%| E|CS|TAMS 0x000000008cd00000, 0x000000008cd00000| Complete 
| 182|0x000000008ce00000, 0x000000008cf00000, 0x000000008cf00000|100%| E|CS|TAMS 0x000000008ce00000, 0x000000008ce00000| Complete 
| 183|0x000000008cf00000, 0x000000008d000000, 0x000000008d000000|100%| E|CS|TAMS 0x000000008cf00000, 0x000000008cf00000| Complete 
| 184|0x000000008d000000, 0x000000008d100000, 0x000000008d100000|100%| E|CS|TAMS 0x000000008d000000, 0x000000008d000000| Complete 
| 185|0x000000008d100000, 0x000000008d200000, 0x000000008d200000|100%| E|CS|TAMS 0x000000008d100000, 0x000000008d100000| Complete 
| 186|0x000000008d200000, 0x000000008d300000, 0x000000008d300000|100%| E|CS|TAMS 0x000000008d200000, 0x000000008d200000| Complete 
| 187|0x000000008d300000, 0x000000008d400000, 0x000000008d400000|100%| E|CS|TAMS 0x000000008d300000, 0x000000008d300000| Complete 
| 188|0x000000008d400000, 0x000000008d500000, 0x000000008d500000|100%| E|CS|TAMS 0x000000008d400000, 0x000000008d400000| Complete 
| 189|0x000000008d500000, 0x000000008d600000, 0x000000008d600000|100%| E|CS|TAMS 0x000000008d500000, 0x000000008d500000| Complete 
| 190|0x000000008d600000, 0x000000008d700000, 0x000000008d700000|100%| E|CS|TAMS 0x000000008d600000, 0x000000008d600000| Complete 
| 191|0x000000008d700000, 0x000000008d800000, 0x000000008d800000|100%| E|CS|TAMS 0x000000008d700000, 0x000000008d700000| Complete 
| 192|0x000000008d800000, 0x000000008d900000, 0x000000008d900000|100%| E|CS|TAMS 0x000000008d800000, 0x000000008d800000| Complete 
| 193|0x000000008d900000, 0x000000008da00000, 0x000000008da00000|100%| E|CS|TAMS 0x000000008d900000, 0x000000008d900000| Complete 
| 194|0x000000008da00000, 0x000000008db00000, 0x000000008db00000|100%| E|CS|TAMS 0x000000008da00000, 0x000000008da00000| Complete 
| 195|0x000000008db00000, 0x000000008dc00000, 0x000000008dc00000|100%| E|CS|TAMS 0x000000008db00000, 0x000000008db00000| Complete 
| 196|0x000000008dc00000, 0x000000008dd00000, 0x000000008dd00000|100%| E|CS|TAMS 0x000000008dc00000, 0x000000008dc00000| Complete 
| 197|0x000000008dd00000, 0x000000008de00000, 0x000000008de00000|100%| E|CS|TAMS 0x000000008dd00000, 0x000000008dd00000| Complete 
| 198|0x000000008de00000, 0x000000008df00000, 0x000000008df00000|100%| E|CS|TAMS 0x000000008de00000, 0x000000008de00000| Complete 
| 199|0x000000008df00000, 0x000000008e000000, 0x000000008e000000|100%| E|CS|TAMS 0x000000008df00000, 0x000000008df00000| Complete 
| 200|0x000000008e000000, 0x000000008e100000, 0x000000008e100000|100%| E|CS|TAMS 0x000000008e000000, 0x000000008e000000| Complete 

Card table byte_map: [0x000002a9f9ea0000,0x000002a9fa2a0000] _byte_map_base: 0x000002a9f9a94000

Marking Bits (Prev, Next): (CMBitMap*) 0x000002a9e075e7a8, (CMBitMap*) 0x000002a9e075e7e0
 Prev Bits: [0x000002a9fa6a0000, 0x000002a9fc640000)
 Next Bits: [0x000002a9fc640000, 0x000002a9fe5e0000)

Polling page: 0x000002a9e0920000

Metaspace:

Usage:
  Non-class:     36.11 MB capacity,    35.48 MB ( 98%) used,   528.70 KB (  1%) free+waste,   121.44 KB ( <1%) overhead. 
      Class:      5.19 MB capacity,     4.76 MB ( 92%) used,   384.93 KB (  7%) free+waste,    57.19 KB (  1%) overhead. 
       Both:     41.30 MB capacity,    40.24 MB ( 97%) used,   913.63 KB (  2%) free+waste,   178.63 KB ( <1%) overhead. 

Virtual space:
  Non-class space:       38.00 MB reserved,      36.25 MB ( 95%) committed 
      Class space:        1.00 GB reserved,       5.25 MB ( <1%) committed 
             Both:        1.04 GB reserved,      41.50 MB (  4%) committed 

Chunk freelists:
   Non-Class:  1.50 KB
       Class:  0 bytes
        Both:  1.50 KB

CodeHeap 'non-profiled nmethods': size=120064Kb used=2357Kb max_used=2357Kb free=117706Kb
 bounds [0x000002a9f2560000, 0x000002a9f27d0000, 0x000002a9f9aa0000]
CodeHeap 'profiled nmethods': size=120000Kb used=9619Kb max_used=9619Kb free=110380Kb
 bounds [0x000002a9eb030000, 0x000002a9eb9a0000, 0x000002a9f2560000]
CodeHeap 'non-nmethods': size=5696Kb used=1159Kb max_used=1202Kb free=4536Kb
 bounds [0x000002a9eaaa0000, 0x000002a9ead10000, 0x000002a9eb030000]
 total_blobs=5667 nmethods=3960 adapters=409
 compilation: enabled
              stopped_count=0, restarted_count=0
 full_count=0

Compilation events (10 events):
Event: 15.104 Thread 0x000002a9feb00000 4098       3       sun.nio.fs.WindowsPath::elementAsString (62 bytes)
Event: 15.104 Thread 0x000002a9feb00000 nmethod 4098 0x000002a9eb996e90 code [0x000002a9eb9970a0, 0x000002a9eb997410]
Event: 15.114 Thread 0x000002a9feb00000 4099       3       java.util.Locale::getLanguage (8 bytes)
Event: 15.114 Thread 0x000002a9feb00000 nmethod 4099 0x000002a9eb997690 code [0x000002a9eb997840, 0x000002a9eb9979b8]
Event: 15.120 Thread 0x000002a9feb00000 4100       1       java.nio.Buffer::capacity (5 bytes)
Event: 15.120 Thread 0x000002a9feb00000 nmethod 4100 0x000002a9f27a8410 code [0x000002a9f27a85c0, 0x000002a9f27a86d8]
Event: 15.136 Thread 0x000002a9feb00000 4101       1       java.nio.HeapByteBuffer::ix (7 bytes)
Event: 15.137 Thread 0x000002a9feb00000 nmethod 4101 0x000002a9f27a8790 code [0x000002a9f27a8940, 0x000002a9f27a8a58]
Event: 15.137 Thread 0x000002a9feb00000 4103       3       java.nio.charset.CoderResult::isOverflow (14 bytes)
Event: 15.138 Thread 0x000002a9feb00000 nmethod 4103 0x000002a9eb997a90 code [0x000002a9eb997c40, 0x000002a9eb997df8]

GC Heap History (10 events):
Event: 3.230 GC heap before
{Heap before GC invocations=3 (full 0):
 garbage-first heap   total 131072K, used 54160K [0x0000000081800000, 0x0000000100000000)
  region size 1024K, 48 young (49152K), 1 survivors (1024K)
 Metaspace       used 17631K, capacity 17999K, committed 18304K, reserved 1064960K
  class space    used 1937K, capacity 2088K, committed 2176K, reserved 1048576K
}
Event: 3.348 GC heap after
{Heap after GC invocations=4 (full 0):
 garbage-first heap   total 131072K, used 8467K [0x0000000081800000, 0x0000000100000000)
  region size 1024K, 2 young (2048K), 2 survivors (2048K)
 Metaspace       used 17631K, capacity 17999K, committed 18304K, reserved 1064960K
  class space    used 1937K, capacity 2088K, committed 2176K, reserved 1048576K
}
Event: 4.247 GC heap before
{Heap before GC invocations=4 (full 0):
 garbage-first heap   total 131072K, used 28947K [0x0000000081800000, 0x0000000100000000)
  region size 1024K, 23 young (23552K), 2 survivors (2048K)
 Metaspace       used 20738K, capacity 21175K, committed 21248K, reserved 1069056K
  class space    used 2368K, capacity 2532K, committed 2560K, reserved 1048576K
}
Event: 4.253 GC heap after
{Heap after GC invocations=5 (full 0):
 garbage-first heap   total 131072K, used 9178K [0x0000000081800000, 0x0000000100000000)
  region size 1024K, 3 young (3072K), 3 survivors (3072K)
 Metaspace       used 20738K, capacity 21175K, committed 21248K, reserved 1069056K
  class space    used 2368K, capacity 2532K, committed 2560K, reserved 1048576K
}
Event: 6.362 GC heap before
{Heap before GC invocations=6 (full 0):
 garbage-first heap   total 131072K, used 63450K [0x0000000081800000, 0x0000000100000000)
  region size 1024K, 56 young (57344K), 3 survivors (3072K)
 Metaspace       used 29420K, capacity 30079K, committed 30336K, reserved 1075200K
  class space    used 3385K, capacity 3676K, committed 3712K, reserved 1048576K
}
Event: 6.372 GC heap after
{Heap after GC invocations=7 (full 0):
 garbage-first heap   total 131072K, used 11576K [0x0000000081800000, 0x0000000100000000)
  region size 1024K, 5 young (5120K), 5 survivors (5120K)
 Metaspace       used 29420K, capacity 30079K, committed 30336K, reserved 1075200K
  class space    used 3385K, capacity 3676K, committed 3712K, reserved 1048576K
}
Event: 7.689 GC heap before
{Heap before GC invocations=7 (full 0):
 garbage-first heap   total 131072K, used 69944K [0x0000000081800000, 0x0000000100000000)
  region size 1024K, 63 young (64512K), 5 survivors (5120K)
 Metaspace       used 30458K, capacity 31151K, committed 31232K, reserved 1077248K
  class space    used 3515K, capacity 3791K, committed 3840K, reserved 1048576K
}
Event: 7.702 GC heap after
{Heap after GC invocations=8 (full 0):
 garbage-first heap   total 131072K, used 13189K [0x0000000081800000, 0x0000000100000000)
  region size 1024K, 5 young (5120K), 5 survivors (5120K)
 Metaspace       used 30458K, capacity 31151K, committed 31232K, reserved 1077248K
  class space    used 3515K, capacity 3791K, committed 3840K, reserved 1048576K
}
Event: 9.880 GC heap before
{Heap before GC invocations=8 (full 0):
 garbage-first heap   total 131072K, used 61317K [0x0000000081800000, 0x0000000100000000)
  region size 1024K, 53 young (54272K), 5 survivors (5120K)
 Metaspace       used 34860K, capacity 35739K, committed 35840K, reserved 1081344K
  class space    used 4087K, capacity 4440K, committed 4480K, reserved 1048576K
}
Event: 9.916 GC heap after
{Heap after GC invocations=9 (full 0):
 garbage-first heap   total 205824K, used 15055K [0x0000000081800000, 0x0000000100000000)
  region size 1024K, 7 young (7168K), 7 survivors (7168K)
 Metaspace       used 34860K, capacity 35739K, committed 35840K, reserved 1081344K
  class space    used 4087K, capacity 4440K, committed 4480K, reserved 1048576K
}

Deoptimization events (10 events):
Event: 12.724 Thread 0x000002a9822e2800 Uncommon trap: reason=unstable_if action=reinterpret pc=0x000002a9f2645934 method=java.util.Properties.loadConvert([CII[C)Ljava/lang/String; @ 97 c2
Event: 13.238 Thread 0x000002a9822e2800 Uncommon trap: reason=unstable_if action=reinterpret pc=0x000002a9f2650f6c method=java.util.Properties$LineReader.readLine()I @ 180 c2
Event: 13.411 Thread 0x000002a9822e2800 Uncommon trap: reason=profile_predicate action=maybe_recompile pc=0x000002a9f277aa2c method=java.util.AbstractCollection.containsAll(Ljava/util/Collection;)Z @ 13 c2
Event: 13.412 Thread 0x000002a9822e2800 Uncommon trap: reason=profile_predicate action=maybe_recompile pc=0x000002a9f277aa2c method=java.util.AbstractCollection.containsAll(Ljava/util/Collection;)Z @ 13 c2
Event: 13.412 Thread 0x000002a9822e2800 Uncommon trap: reason=profile_predicate action=maybe_recompile pc=0x000002a9f277aa2c method=java.util.AbstractCollection.containsAll(Ljava/util/Collection;)Z @ 13 c2
Event: 13.412 Thread 0x000002a9822e2800 Uncommon trap: reason=profile_predicate action=maybe_recompile pc=0x000002a9f277aa2c method=java.util.AbstractCollection.containsAll(Ljava/util/Collection;)Z @ 13 c2
Event: 13.419 Thread 0x000002a9822e2800 Uncommon trap: reason=bimorphic_or_optimized_type_check action=maybe_recompile pc=0x000002a9f271ed54 method=java.util.Collections$SetFromMap.contains(Ljava/lang/Object;)Z @ 5 c2
Event: 13.421 Thread 0x000002a9822e2800 Uncommon trap: reason=class_check action=maybe_recompile pc=0x000002a9f274ede8 method=org.springframework.core.annotation.AnnotationUtils.getDeclaredAnnotations(Ljava/lang/reflect/AnnotatedElement;)[Ljava/lang/annotation/Annotation; @ 33 c2
Event: 14.651 Thread 0x000002a9822e2800 Uncommon trap: reason=null_check action=make_not_entrant pc=0x000002a9f266e4b4 method=org.apache.tomcat.util.IntrospectionUtils.findMethods(Ljava/lang/Class;)[Ljava/lang/reflect/Method; @ 7 c2
Event: 14.683 Thread 0x000002a9822e2800 Uncommon trap: reason=unstable_if action=reinterpret pc=0x000002a9f267500c method=java.lang.StringLatin1.compareToCI([B[B)I @ 68 c2

Classes redefined (0 events):
No events

Internal exceptions (10 events):
Event: 10.481 Thread 0x000002a9822e2800 Exception <a 'java/lang/ClassNotFoundException'{0x000000008d81ab68}: org/springframework/beans/factory/AwareCustomizer> (0x000000008d81ab68) thrown at [t:/workspace/open/src/hotspot/share/classfile/systemDictionary.cpp, line 231]
Event: 10.683 Thread 0x000002a9822e2800 Implicit null exception at 0x000002a9f26c0166 to 0x000002a9f26c151e
Event: 10.692 Thread 0x000002a9822e2800 Implicit null exception at 0x000002a9f27264da to 0x000002a9f2726716
Event: 12.525 Thread 0x000002a9822e2800 Exception <a 'java/lang/NoSuchMethodError'{0x000000008c612ae8}: java.lang.invoke.DirectMethodHandle$Holder.invokeInterface(Ljava/lang/Object;Ljava/lang/Object;I)V> (0x000000008c612ae8) thrown at [t:/workspace/open/src/hotspot/share/interpreter/linkResolve
Event: 12.542 Thread 0x000002a9822e2800 Exception <a 'java/lang/NoSuchMethodError'{0x000000008c656a90}: java.lang.invoke.DirectMethodHandle$Holder.invokeStatic(Ljava/lang/Object;ILjava/lang/Object;)V> (0x000000008c656a90) thrown at [t:/workspace/open/src/hotspot/share/interpreter/linkResolver.c
Event: 12.680 Thread 0x000002a9822e2800 Exception <a 'java/lang/NoSuchMethodError'{0x000000008c679a30}: java.lang.invoke.DirectMethodHandle$Holder.invokeVirtual(Ljava/lang/Object;Ljava/lang/Object;)I> (0x000000008c679a30) thrown at [t:/workspace/open/src/hotspot/share/interpreter/linkResolver.c
Event: 13.607 Thread 0x000002a9822e2800 Exception <a 'java/lang/NoSuchMethodError'{0x000000008bf4d588}: java.lang.invoke.DirectMethodHandle$Holder.invokeStatic(Ljava/lang/Object;IIII)Ljava/lang/Object;> (0x000000008bf4d588) thrown at [t:/workspace/open/src/hotspot/share/interpreter/linkResolver
Event: 13.607 Thread 0x000002a9822e2800 Exception <a 'java/lang/NoSuchMethodError'{0x000000008bf506a0}: java.lang.invoke.DirectMethodHandle$Holder.invokeStaticInit(Ljava/lang/Object;IIII)Ljava/lang/Object;> (0x000000008bf506a0) thrown at [t:/workspace/open/src/hotspot/share/interpreter/linkReso
Event: 14.522 Thread 0x000002a9822e2800 Exception <a 'java/lang/NoSuchMethodError'{0x000000008bfddf28}: java.lang.invoke.DirectMethodHandle$Holder.invokeStatic(Ljava/lang/Object;Ljava/lang/Object;IIII)Ljava/lang/Object;> (0x000000008bfddf28) thrown at [t:/workspace/open/src/hotspot/share/interp
Event: 14.522 Thread 0x000002a9822e2800 Exception <a 'java/lang/NoSuchMethodError'{0x000000008bfe1270}: java.lang.invoke.DirectMethodHandle$Holder.invokeStaticInit(Ljava/lang/Object;Ljava/lang/Object;IIII)Ljava/lang/Object;> (0x000000008bfe1270) thrown at [t:/workspace/open/src/hotspot/share/in

Events (10 events):
Event: 15.137 Thread 0x000002a9822e2800 DEOPT PACKING pc=0x000002a9eb94b481 sp=0x000000be7a9fd3d0
Event: 15.137 Thread 0x000002a9822e2800 DEOPT UNPACKING pc=0x000002a9eaac8d4e sp=0x000000be7a9fc8b0 mode 0
Event: 15.137 loading class org/apache/catalina/loader/LocalStrings_ko
Event: 15.137 loading class org/apache/catalina/loader/LocalStrings_ko done
Event: 15.139 loading class org/apache/catalina/loader/LocalStrings_ko_KR
Event: 15.139 loading class org/apache/catalina/loader/LocalStrings_ko_KR done
Event: 15.143 loading class org/apache/catalina/loader/ParallelWebappClassLoader
Event: 15.143 loading class org/apache/catalina/loader/ParallelWebappClassLoader done
Event: 15.144 loading class org/springframework/boot/web/embedded/tomcat/TomcatEmbeddedWebappClassLoader
Event: 15.144 loading class org/springframework/boot/web/embedded/tomcat/TomcatEmbeddedWebappClassLoader done


Dynamic libraries:
0x00007ff67ad10000 - 0x00007ff67ad57000 	C:\Program Files\Java\jdk-11.0.1\bin\java.exe
0x00007ff9077f0000 - 0x00007ff9079d1000 	C:\WINDOWS\SYSTEM32\ntdll.dll
0x00007ff904cb0000 - 0x00007ff904d61000 	C:\WINDOWS\System32\KERNEL32.DLL
0x00007ff904800000 - 0x00007ff904a73000 	C:\WINDOWS\System32\KERNELBASE.dll
0x00007ff905940000 - 0x00007ff9059e1000 	C:\WINDOWS\System32\ADVAPI32.dll
0x00007ff905b80000 - 0x00007ff905c1e000 	C:\WINDOWS\System32\msvcrt.dll
0x00007ff905230000 - 0x00007ff90528b000 	C:\WINDOWS\System32\sechost.dll
0x00007ff9052f0000 - 0x00007ff905414000 	C:\WINDOWS\System32\RPCRT4.dll
0x00007ff9059f0000 - 0x00007ff905b80000 	C:\WINDOWS\System32\USER32.dll
0x00007ff904380000 - 0x00007ff9043a0000 	C:\WINDOWS\System32\win32u.dll
0x00007ff9054c0000 - 0x00007ff9054e8000 	C:\WINDOWS\System32\GDI32.dll
0x00007ff904ae0000 - 0x00007ff904c72000 	C:\WINDOWS\System32\gdi32full.dll
0x00007ff904520000 - 0x00007ff9045bf000 	C:\WINDOWS\System32\msvcp_win.dll
0x00007ff904420000 - 0x00007ff904518000 	C:\WINDOWS\System32\ucrtbase.dll
0x00007ff8f5ce0000 - 0x00007ff8f5f49000 	C:\WINDOWS\WinSxS\amd64_microsoft.windows.common-controls_6595b64144ccf1df_6.0.17134.765_none_fb42a1a930655896\COMCTL32.dll
0x00007ff907490000 - 0x00007ff9077b2000 	C:\WINDOWS\System32\combase.dll
0x00007ff8fa4e0000 - 0x00007ff8fa4ea000 	C:\WINDOWS\SYSTEM32\VERSION.dll
0x00007ff9043a0000 - 0x00007ff90441a000 	C:\WINDOWS\System32\bcryptPrimitives.dll
0x00007ff904c80000 - 0x00007ff904cad000 	C:\WINDOWS\System32\IMM32.DLL
0x00007ff8f4fd0000 - 0x00007ff8f4fe6000 	C:\Program Files\Java\jdk-11.0.1\bin\vcruntime140.dll
0x00007ff8f4f20000 - 0x00007ff8f4fca000 	C:\Program Files\Java\jdk-11.0.1\bin\msvcp140.dll
0x00007ff8d1730000 - 0x00007ff8d2272000 	C:\Program Files\Java\jdk-11.0.1\bin\server\jvm.dll
0x00007ff907360000 - 0x00007ff907368000 	C:\WINDOWS\System32\PSAPI.DLL
0x00007ff902760000 - 0x00007ff902769000 	C:\WINDOWS\SYSTEM32\WSOCK32.dll
0x00007ff9054f0000 - 0x00007ff90555c000 	C:\WINDOWS\System32\WS2_32.dll
0x00007ff8f9340000 - 0x00007ff8f9363000 	C:\WINDOWS\SYSTEM32\WINMM.dll
0x00007ff8f8be0000 - 0x00007ff8f8c0a000 	C:\WINDOWS\SYSTEM32\winmmbase.dll
0x00007ff9047b0000 - 0x00007ff9047f9000 	C:\WINDOWS\System32\cfgmgr32.dll
0x00007ff903b40000 - 0x00007ff903b51000 	C:\WINDOWS\System32\kernel.appcore.dll
0x00007ff8f4f00000 - 0x00007ff8f4f11000 	C:\Program Files\Java\jdk-11.0.1\bin\verify.dll
0x00007ff902540000 - 0x00007ff902709000 	C:\WINDOWS\SYSTEM32\DBGHELP.DLL
0x00007ff8fe090000 - 0x00007ff8fe0b9000 	C:\WINDOWS\SYSTEM32\dbgcore.DLL
0x00007ff8f4ed0000 - 0x00007ff8f4ef9000 	C:\Program Files\Java\jdk-11.0.1\bin\java.dll
0x00007ff8fd9b0000 - 0x00007ff8fd9df000 	C:\Program Files\Java\jdk-11.0.1\bin\instrument.dll
0x00007ff8f4df0000 - 0x00007ff8f4e06000 	C:\Program Files\Java\jdk-11.0.1\bin\zip.dll
0x00007ff8fd660000 - 0x00007ff8fd66a000 	C:\Program Files\Java\jdk-11.0.1\bin\jimage.dll
0x00007ff905c20000 - 0x00007ff907060000 	C:\WINDOWS\System32\SHELL32.dll
0x00007ff907370000 - 0x00007ff907419000 	C:\WINDOWS\System32\shcore.dll
0x00007ff903c70000 - 0x00007ff90437d000 	C:\WINDOWS\System32\windows.storage.dll
0x00007ff904d80000 - 0x00007ff904dd1000 	C:\WINDOWS\System32\shlwapi.dll
0x00007ff903b00000 - 0x00007ff903b1f000 	C:\WINDOWS\System32\profapi.dll
0x00007ff903b60000 - 0x00007ff903bac000 	C:\WINDOWS\System32\powrprof.dll
0x00007ff903bb0000 - 0x00007ff903bba000 	C:\WINDOWS\System32\FLTLIB.DLL
0x00007ff8f44f0000 - 0x00007ff8f4509000 	C:\Program Files\Java\jdk-11.0.1\bin\net.dll
0x00007ff8fbc90000 - 0x00007ff8fbd6d000 	C:\WINDOWS\SYSTEM32\WINHTTP.dll
0x00007ff903310000 - 0x00007ff903376000 	C:\WINDOWS\system32\mswsock.dll
0x00007ff8f44d0000 - 0x00007ff8f44e3000 	C:\Program Files\Java\jdk-11.0.1\bin\nio.dll
0x00007ff8fdc90000 - 0x00007ff8fdcaa000 	C:\Program Files\JetBrains\IntelliJ IDEA Community Edition 2018.3.3\bin\breakgen64.dll
0x00007ff8f7870000 - 0x00007ff8f7879000 	C:\Program Files\Java\jdk-11.0.1\bin\management.dll
0x00007ff8f4de0000 - 0x00007ff8f4dec000 	C:\Program Files\Java\jdk-11.0.1\bin\management_ext.dll
0x00007ff8f2ab0000 - 0x00007ff8f2ac6000 	C:\WINDOWS\system32\napinsp.dll
0x00007ff8f0620000 - 0x00007ff8f063a000 	C:\WINDOWS\system32\pnrpnsp.dll
0x00007ff8fe590000 - 0x00007ff8fe5a9000 	C:\WINDOWS\system32\NLAapi.dll
0x00007ff9030e0000 - 0x00007ff90319e000 	C:\WINDOWS\SYSTEM32\DNSAPI.dll
0x00007ff907420000 - 0x00007ff907428000 	C:\WINDOWS\System32\NSI.dll
0x00007ff9030a0000 - 0x00007ff9030d8000 	C:\WINDOWS\SYSTEM32\IPHLPAPI.DLL
0x00007ff8f0610000 - 0x00007ff8f061e000 	C:\WINDOWS\System32\winrnr.dll
0x00007ff8fdbe0000 - 0x00007ff8fdbf5000 	C:\WINDOWS\System32\wshbth.dll
0x00007ff8fb4e0000 - 0x00007ff8fb4ea000 	C:\Windows\System32\rasadhlp.dll
0x00007ff8fbbc0000 - 0x00007ff8fbc32000 	C:\WINDOWS\System32\fwpuclnt.dll
0x00007ff903660000 - 0x00007ff903685000 	C:\WINDOWS\SYSTEM32\bcrypt.dll
0x00007ff903520000 - 0x00007ff903537000 	C:\WINDOWS\SYSTEM32\CRYPTSP.dll
0x00007ff902f00000 - 0x00007ff902f33000 	C:\WINDOWS\system32\rsaenh.dll
0x00007ff903a30000 - 0x00007ff903a58000 	C:\WINDOWS\SYSTEM32\USERENV.dll
0x00007ff903580000 - 0x00007ff90358b000 	C:\WINDOWS\SYSTEM32\CRYPTBASE.dll
0x00007ff8fcd20000 - 0x00007ff8fcd36000 	C:\WINDOWS\SYSTEM32\dhcpcsvc6.DLL
0x00007ff8fd4f0000 - 0x00007ff8fd50a000 	C:\WINDOWS\SYSTEM32\dhcpcsvc.DLL

dbghelp: loaded successfully - version: 4.0.5 - missing functions: none
symbol engine: initialized successfully - sym options: 0x614 - pdb path: .;C:\Program Files\Java\jdk-11.0.1\bin;C:\WINDOWS\SYSTEM32;C:\WINDOWS\WinSxS\amd64_microsoft.windows.common-controls_6595b64144ccf1df_6.0.17134.765_none_fb42a1a930655896;C:\Program Files\Java\jdk-11.0.1\bin\server;C:\Program Files\JetBrains\IntelliJ IDEA Community Edition 2018.3.3\bin

VM Arguments:
jvm_args: -javaagent:C:\Program Files\JetBrains\IntelliJ IDEA Community Edition 2018.3.3\lib\idea_rt.jar=51442:C:\Program Files\JetBrains\IntelliJ IDEA Community Edition 2018.3.3\bin -Dfile.encoding=UTF-8 
java_command: programmers.TodoListApplication
java_class_path (initial): C:\Users\lollo\Desktop\ÇÁ·Î±×·¡¸Ó½º_°úÁ¦\Todo-List\out\production\classes;C:\Users\lollo\Desktop\ÇÁ·Î±×·¡¸Ó½º_°úÁ¦\Todo-List\out\production\resources;C:\Users\lollo\.gradle\caches\modules-2\files-2.1\org.springframework.boot\spring-boot-starter-data-jpa\2.1.4.RELEASE\d5b7a85a533cb631048a8fd161f508a9a1f69f44\spring-boot-starter-data-jpa-2.1.4.RELEASE.jar;C:\Users\lollo\.gradle\caches\modules-2\files-2.1\pl.allegro.tech.boot\handlebars-spring-boot-starter\0.3.1\fa5b845e7b5cede39f4bb1122dbe59fd68ad5954\handlebars-spring-boot-starter-0.3.1.jar;C:\Users\lollo\.gradle\caches\modules-2\files-2.1\org.springframework.boot\spring-boot-starter-web\2.1.4.RELEASE\a4659d55f57421a5ef122cb670b7b544ef8190e8\spring-boot-starter-web-2.1.4.RELEASE.jar;C:\Users\lollo\.gradle\caches\modules-2\files-2.1\org.hibernate\hibernate-java8\5.3.9.Final\b207639df50fc8976fc3e1af07b84306466d275a\hibernate-java8-5.3.9.Final.jar;C:\Users\lollo\.gradle\caches\modules-2\files-2.1\org.springframework.boot\spring-boot-starter-aop\2.1.4.RELEASE\39fffcbea8207ca708b7891f3b70c37a33c2dca4\spring-boot-starter-aop-2.1.4.RELEASE.jar;C:\Users\lollo\.gradle\caches\modules-2\files-2.1\net.rakugakibox.spring.boot\logback-access-spring-boot-starter\2.7.1\b02459abbd1b01d03dd3cc6020fec2c1d238cab\logback-access-spring-boot-starter-2.7.1.jar;C:\Users\lollo\.gradle\caches\modules-2\files-2.1\org.springframework.boot\spring-boot-starter-jdbc\2.1.4.RELEASE\1e5b6ff541d77655f3295d2f1d66f90f50b58f03\spring-boot-starter-jdbc-2.1.4.RELEASE.jar;C:\Users\lollo\.gradle\caches\modules-2\files-2.1\javax.transaction\javax.transaction-api\1.3\e006adf5cf3cca2181d16bd640ecb80148ec0fce\javax.transaction-api-1.3.jar;C:\Users\lollo\.gradle\caches\modules-2\files-2.1\javax.xml.bind\jaxb-api\2.3.1\8531ad5ac454cc2deb9d4d32c40c4d7451939b5d\jaxb-api-2.3.1.jar;C:\Users\lollo\.gradle\caches\modules-2\files-2.1\org.springframework.boot\spring-boot-devtools\2.1.4.RELEASE\d415f0a4dbf800d4343b7662c0ea141978d93d4c\spring-boo
Launcher Type: SUN_STANDARD

[Global flags]
     intx CICompilerCount                          = 3                                         {product} {ergonomic}
     uint ConcGCThreads                            = 1                                         {product} {ergonomic}
     uint G1ConcRefinementThreads                  = 4                                         {product} {ergonomic}
   size_t G1HeapRegionSize                         = 1048576                                   {product} {ergonomic}
    uintx GCDrainStackTargetSize                   = 64                                        {product} {ergonomic}
   size_t InitialHeapSize                          = 134217728                                 {product} {ergonomic}
   size_t MarkStackSize                            = 4194304                                   {product} {ergonomic}
   size_t MaxHeapSize                              = 2122317824                                {product} {ergonomic}
   size_t MaxNewSize                               = 1272971264                                {product} {ergonomic}
   size_t MinHeapDeltaBytes                        = 1048576                                   {product} {ergonomic}
    uintx NonNMethodCodeHeapSize                   = 5830092                                {pd product} {ergonomic}
    uintx NonProfiledCodeHeapSize                  = 122914074                              {pd product} {ergonomic}
    uintx ProfiledCodeHeapSize                     = 122914074                              {pd product} {ergonomic}
    uintx ReservedCodeCacheSize                    = 251658240                              {pd product} {ergonomic}
     bool SegmentedCodeCache                       = true                                      {product} {ergonomic}
     bool UseCompressedClassPointers               = true                                 {lp64_product} {ergonomic}
     bool UseCompressedOops                        = true                                 {lp64_product} {ergonomic}
     bool UseG1GC                                  = true                                      {product} {ergonomic}
     bool UseLargePagesIndividualAllocation        = false                                  {pd product} {ergonomic}

Logging:
Log output configuration:
 #0: stdout all=warning uptime,level,tags
 #1: stderr all=off uptime,level,tags

Environment Variables:
JAVA_HOME=C:\Program Files\Java\jdk-11.0.1
PATH=C:\WINDOWS\system32;C:\WINDOWS;C:\WINDOWS\System32\Wbem;C:\WINDOWS\System32\WindowsPowerShell\v1.0\;C:\WINDOWS\System32\OpenSSH\;C:\Program Files\Git\cmd;C:\Program Files (x86)\PuTTY\;C:\Program Files\MySQL\MySQL Server 8.0\bin;C:\Program Files\Java\jdk-11.0.1\bin;C:\Users\lollo\AppData\Local\Microsoft\WindowsApps;;C:\Users\lollo\AppData\Local\Programs\Microsoft VS Code\bin
USERNAME=TaeSu
OS=Windows_NT
PROCESSOR_IDENTIFIER=Intel64 Family 6 Model 61 Stepping 4, GenuineIntel



---------------  S Y S T E M  ---------------

OS: Windows 10 , 64 bit Build 17134 (10.0.17134.753)

CPU:total 4 (initial active 4) (2 cores per cpu, 2 threads per core) family 6 model 61 stepping 4, cmov, cx8, fxsr, mmx, sse, sse2, sse3, ssse3, sse4.1, sse4.2, popcnt, avx, avx2, aes, clmul, erms, 3dnowpref, lzcnt, ht, tsc, tscinvbit, bmi1, bmi2, adx, fma

Memory: 4k page, system-wide physical 8091M (2529M free)
TotalPageFile size 23188M (AvailPageFile size 5M)
current process WorkingSet (physical memory assigned to process): 260M, peak: 260M
current process commit charge ("private bytes"): 370M, peak: 371M

vm_info: Java HotSpot(TM) 64-Bit Server VM (11.0.1+13-LTS) for windows-amd64 JRE (11.0.1+13-LTS), built on Oct  6 2018 13:20:16 by "mach5one" with MS VC++ 15.5 (VS2017)

END.
